---------------------------------------------------------------
[ 2018-08-14T21:39:45+08:00 ] 127.0.0.1 GET /admins.php/admins/Home/index
[ info ] www.php.demo/admins.php/admins/Home/index [运行时间：0.185011s][吞吐率：5.41req/s] [内存消耗：2,289.19kb] [文件加载：45]
[ info ] [ LANG ] D:\WWW\video\thinkphp\lang\zh-cn.php
[ info ] [ ROUTE ] array (
  'type' => 'module',
  'module' => 
  array (
    0 => 'admins',
    1 => 'Home',
    2 => 'index',
  ),
)
[ info ] [ HEADER ] array (
  'host' => 'www.php.demo',
  'connection' => 'keep-alive',
  'cache-control' => 'max-age=0',
  'upgrade-insecure-requests' => '1',
  'user-agent' => 'Mozilla/5.0 (Windows NT 6.1; Win64; x64) AppleWebKit/537.36 (KHTML, like Gecko) Chrome/58.0.3029.110 Safari/537.36',
  'accept' => 'text/html,application/xhtml+xml,application/xml;q=0.9,image/webp,*/*;q=0.8',
  'referer' => 'http://www.php.demo/admins.php/admins/Account/login',
  'accept-encoding' => 'gzip, deflate, sdch',
  'accept-language' => 'zh-CN,zh;q=0.8',
  'cookie' => 'pgv_pvi=3767784448; PHPSESSID=b3sa4j69es4ksgv39723vj4c56',
)
[ info ] [ PARAM ] array (
)
[ info ] [ SESSION ] INIT array (
  'id' => '',
  'var_session_id' => '',
  'prefix' => 'think',
  'type' => '',
  'auto_start' => true,
)
[ info ] [ RUN ] app\admins\controller\Home->index[ D:\WWW\video\application\admins\controller\Home.php ]
[ info ] [ DB ] INIT mysql
[ info ] [ VIEW ] D:\WWW\video\public/../application/admins\view\home\index.html [ array (
  0 => 'admin',
  1 => 'site',
  2 => 'role',
  3 => 'menus',
) ]
[ info ] [ LOG ] INIT File
[ sql ] [ DB ] CONNECT:[ UseTime:0.011000s ] mysql:host=127.0.0.1;dbname=video;charset=utf8
[ sql ] [ SQL ] SHOW COLUMNS FROM `admin_groups` [ RunTime:0.028002s ]
[ sql ] [ SQL ] SELECT * FROM `admin_groups` WHERE  `gid` = 1 LIMIT 1 [ RunTime:0.001000s ]
[ sql ] [ SQL ] SHOW COLUMNS FROM `admin_menus` [ RunTime:0.028002s ]
[ sql ] [ SQL ] SELECT * FROM `admin_menus` WHERE  (  mid in(1,4,9,5,6,2,12,13,3,10,11,14,15,16,17,19,20,21,22,23,24,25,26) and ishidden=0 and status=0 ) [ RunTime:0.001000s ]
[ sql ] [ SQL ] SHOW COLUMNS FROM `sites` [ RunTime:0.028002s ]
[ sql ] [ SQL ] SELECT * FROM `sites` WHERE  `names` = 'site' LIMIT 1 [ RunTime:0.000000s ]
---------------------------------------------------------------
[ 2018-08-14T21:39:45+08:00 ] 127.0.0.1 GET /admins.php/admins/Home/welcome
[ info ] www.php.demo/admins.php/admins/Home/welcome [运行时间：0.049003s][吞吐率：20.41req/s] [内存消耗：1,460.77kb] [文件加载：37]
[ info ] [ LANG ] D:\WWW\video\thinkphp\lang\zh-cn.php
[ info ] [ ROUTE ] array (
  'type' => 'module',
  'module' => 
  array (
    0 => 'admins',
    1 => 'Home',
    2 => 'welcome',
  ),
)
[ info ] [ HEADER ] array (
  'host' => 'www.php.demo',
  'connection' => 'keep-alive',
  'upgrade-insecure-requests' => '1',
  'user-agent' => 'Mozilla/5.0 (Windows NT 6.1; Win64; x64) AppleWebKit/537.36 (KHTML, like Gecko) Chrome/58.0.3029.110 Safari/537.36',
  'accept' => 'text/html,application/xhtml+xml,application/xml;q=0.9,image/webp,*/*;q=0.8',
  'referer' => 'http://www.php.demo/admins.php/admins/Home/index',
  'accept-encoding' => 'gzip, deflate, sdch',
  'accept-language' => 'zh-CN,zh;q=0.8',
  'cookie' => 'pgv_pvi=3767784448; PHPSESSID=b3sa4j69es4ksgv39723vj4c56',
)
[ info ] [ PARAM ] array (
)
[ info ] [ SESSION ] INIT array (
  'id' => '',
  'var_session_id' => '',
  'prefix' => 'think',
  'type' => '',
  'auto_start' => true,
)
[ info ] [ RUN ] app\admins\controller\Home->welcome[ D:\WWW\video\application\admins\controller\Home.php ]
[ info ] [ VIEW ] D:\WWW\video\public/../application/admins\view\home\welcome.html [ array (
  0 => 'admin',
) ]
[ info ] [ LOG ] INIT File
---------------------------------------------------------------
[ 2018-08-14T21:39:50+08:00 ] 127.0.0.1 GET /admins.php/admins/Admin/index
[ info ] www.php.demo/admins.php/admins/Admin/index [运行时间：0.117007s][吞吐率：8.55req/s] [内存消耗：2,269.59kb] [文件加载：44]
[ info ] [ LANG ] D:\WWW\video\thinkphp\lang\zh-cn.php
[ info ] [ ROUTE ] array (
  'type' => 'module',
  'module' => 
  array (
    0 => 'admins',
    1 => 'Admin',
    2 => 'index',
  ),
)
[ info ] [ HEADER ] array (
  'host' => 'www.php.demo',
  'connection' => 'keep-alive',
  'upgrade-insecure-requests' => '1',
  'user-agent' => 'Mozilla/5.0 (Windows NT 6.1; Win64; x64) AppleWebKit/537.36 (KHTML, like Gecko) Chrome/58.0.3029.110 Safari/537.36',
  'accept' => 'text/html,application/xhtml+xml,application/xml;q=0.9,image/webp,*/*;q=0.8',
  'referer' => 'http://www.php.demo/admins.php/admins/Home/index',
  'accept-encoding' => 'gzip, deflate, sdch',
  'accept-language' => 'zh-CN,zh;q=0.8',
  'cookie' => 'pgv_pvi=3767784448; PHPSESSID=b3sa4j69es4ksgv39723vj4c56',
)
[ info ] [ PARAM ] array (
)
[ info ] [ SESSION ] INIT array (
  'id' => '',
  'var_session_id' => '',
  'prefix' => 'think',
  'type' => '',
  'auto_start' => true,
)
[ info ] [ RUN ] app\admins\controller\Admin->index[ D:\WWW\video\application\admins\controller\Admin.php ]
[ info ] [ DB ] INIT mysql
[ info ] [ VIEW ] D:\WWW\video\public/../application/admins\view\admin\index.html [ array (
  0 => 'admin',
  1 => 'data',
) ]
[ info ] [ LOG ] INIT File
[ sql ] [ DB ] CONNECT:[ UseTime:0.002000s ] mysql:host=127.0.0.1;dbname=video;charset=utf8
[ sql ] [ SQL ] SHOW COLUMNS FROM `admins` [ RunTime:0.026001s ]
[ sql ] [ SQL ] SELECT * FROM `admins` [ RunTime:0.001000s ]
[ sql ] [ SQL ] SHOW COLUMNS FROM `admin_groups` [ RunTime:0.023002s ]
[ sql ] [ SQL ] SELECT * FROM `admin_groups` [ RunTime:0.000000s ]
---------------------------------------------------------------
[ 2018-08-14T21:39:52+08:00 ] 127.0.0.1 GET /admins.php/admins/Admin/add?id=undefined
[ info ] www.php.demo/admins.php/admins/Admin/add?id=undefined [运行时间：0.138008s][吞吐率：7.25req/s] [内存消耗：2,270.90kb] [文件加载：44]
[ info ] [ LANG ] D:\WWW\video\thinkphp\lang\zh-cn.php
[ info ] [ ROUTE ] array (
  'type' => 'module',
  'module' => 
  array (
    0 => 'admins',
    1 => 'Admin',
    2 => 'add',
  ),
)
[ info ] [ HEADER ] array (
  'host' => 'www.php.demo',
  'connection' => 'keep-alive',
  'upgrade-insecure-requests' => '1',
  'user-agent' => 'Mozilla/5.0 (Windows NT 6.1; Win64; x64) AppleWebKit/537.36 (KHTML, like Gecko) Chrome/58.0.3029.110 Safari/537.36',
  'accept' => 'text/html,application/xhtml+xml,application/xml;q=0.9,image/webp,*/*;q=0.8',
  'referer' => 'http://www.php.demo/admins.php/admins/Admin/index',
  'accept-encoding' => 'gzip, deflate, sdch',
  'accept-language' => 'zh-CN,zh;q=0.8',
  'cookie' => 'pgv_pvi=3767784448; PHPSESSID=b3sa4j69es4ksgv39723vj4c56',
)
[ info ] [ PARAM ] array (
  'id' => 'undefined',
)
[ info ] [ SESSION ] INIT array (
  'id' => '',
  'var_session_id' => '',
  'prefix' => 'think',
  'type' => '',
  'auto_start' => true,
)
[ info ] [ RUN ] app\admins\controller\Admin->add[ D:\WWW\video\application\admins\controller\Admin.php ]
[ info ] [ DB ] INIT mysql
[ info ] [ VIEW ] D:\WWW\video\public/../application/admins\view\admin\add.html [ array (
  0 => 'admin',
  1 => 'data',
) ]
[ info ] [ LOG ] INIT File
[ sql ] [ DB ] CONNECT:[ UseTime:0.001000s ] mysql:host=127.0.0.1;dbname=video;charset=utf8
[ sql ] [ SQL ] SHOW COLUMNS FROM `admins` [ RunTime:0.027001s ]
[ sql ] [ SQL ] SELECT * FROM `admins` WHERE  `id` = 0 LIMIT 1 [ RunTime:0.001000s ]
[ sql ] [ SQL ] SHOW COLUMNS FROM `admin_groups` [ RunTime:0.034002s ]
[ sql ] [ SQL ] SELECT * FROM `admin_groups` [ RunTime:0.001000s ]
---------------------------------------------------------------
[ 2018-08-14T21:39:56+08:00 ] 127.0.0.1 GET /admins.php/admins/Admin/add?id=undefined
[ info ] www.php.demo/admins.php/admins/Admin/add?id=undefined [运行时间：0.130008s][吞吐率：7.69req/s] [内存消耗：2,126.20kb] [文件加载：42]
[ info ] [ LANG ] D:\WWW\video\thinkphp\lang\zh-cn.php
[ info ] [ ROUTE ] array (
  'type' => 'module',
  'module' => 
  array (
    0 => 'admins',
    1 => 'Admin',
    2 => 'add',
  ),
)
[ info ] [ HEADER ] array (
  'host' => 'www.php.demo',
  'connection' => 'keep-alive',
  'upgrade-insecure-requests' => '1',
  'user-agent' => 'Mozilla/5.0 (Windows NT 6.1; Win64; x64) AppleWebKit/537.36 (KHTML, like Gecko) Chrome/58.0.3029.110 Safari/537.36',
  'accept' => 'text/html,application/xhtml+xml,application/xml;q=0.9,image/webp,*/*;q=0.8',
  'referer' => 'http://www.php.demo/admins.php/admins/Admin/index',
  'accept-encoding' => 'gzip, deflate, sdch',
  'accept-language' => 'zh-CN,zh;q=0.8',
  'cookie' => 'pgv_pvi=3767784448; PHPSESSID=b3sa4j69es4ksgv39723vj4c56',
)
[ info ] [ PARAM ] array (
  'id' => 'undefined',
)
[ info ] [ SESSION ] INIT array (
  'id' => '',
  'var_session_id' => '',
  'prefix' => 'think',
  'type' => '',
  'auto_start' => true,
)
[ info ] [ RUN ] app\admins\controller\Admin->add[ D:\WWW\video\application\admins\controller\Admin.php ]
[ info ] [ DB ] INIT mysql
[ info ] [ VIEW ] D:\WWW\video\public/../application/admins\view\admin\add.html [ array (
  0 => 'admin',
  1 => 'data',
) ]
[ info ] [ LOG ] INIT File
[ sql ] [ DB ] CONNECT:[ UseTime:0.001000s ] mysql:host=127.0.0.1;dbname=video;charset=utf8
[ sql ] [ SQL ] SHOW COLUMNS FROM `admins` [ RunTime:0.030002s ]
[ sql ] [ SQL ] SELECT * FROM `admins` WHERE  `id` = 0 LIMIT 1 [ RunTime:0.001000s ]
[ sql ] [ SQL ] SHOW COLUMNS FROM `admin_groups` [ RunTime:0.029001s ]
[ sql ] [ SQL ] SELECT * FROM `admin_groups` [ RunTime:0.002001s ]
---------------------------------------------------------------
[ 2018-08-14T21:40:19+08:00 ] 127.0.0.1 GET /admins.php/admins/Video/index
[ info ] www.php.demo/admins.php/admins/Video/index [运行时间：0.041002s][吞吐率：24.39req/s] [内存消耗：1,054.55kb] [文件加载：29]
[ info ] [ LANG ] D:\WWW\video\thinkphp\lang\zh-cn.php
[ info ] [ ROUTE ] array (
  'type' => 'module',
  'module' => 
  array (
    0 => 'admins',
    1 => 'Video',
    2 => 'index',
  ),
)
[ info ] [ HEADER ] array (
  'host' => 'www.php.demo',
  'connection' => 'keep-alive',
  'upgrade-insecure-requests' => '1',
  'user-agent' => 'Mozilla/5.0 (Windows NT 6.1; Win64; x64) AppleWebKit/537.36 (KHTML, like Gecko) Chrome/58.0.3029.110 Safari/537.36',
  'accept' => 'text/html,application/xhtml+xml,application/xml;q=0.9,image/webp,*/*;q=0.8',
  'referer' => 'http://www.php.demo/admins.php/admins/Home/index',
  'accept-encoding' => 'gzip, deflate, sdch',
  'accept-language' => 'zh-CN,zh;q=0.8',
  'cookie' => 'pgv_pvi=3767784448; PHPSESSID=b3sa4j69es4ksgv39723vj4c56',
)
[ info ] [ PARAM ] array (
)
[ info ] [ LOG ] INIT File
---------------------------------------------------------------
[ 2018-08-14T21:40:23+08:00 ] 127.0.0.1 GET /admins.php/admins/labels/area
[ info ] www.php.demo/admins.php/admins/labels/area [运行时间：0.038002s][吞吐率：26.31req/s] [内存消耗：1,054.59kb] [文件加载：29]
[ info ] [ LANG ] D:\WWW\video\thinkphp\lang\zh-cn.php
[ info ] [ ROUTE ] array (
  'type' => 'module',
  'module' => 
  array (
    0 => 'admins',
    1 => 'labels',
    2 => 'area',
  ),
)
[ info ] [ HEADER ] array (
  'host' => 'www.php.demo',
  'connection' => 'keep-alive',
  'upgrade-insecure-requests' => '1',
  'user-agent' => 'Mozilla/5.0 (Windows NT 6.1; Win64; x64) AppleWebKit/537.36 (KHTML, like Gecko) Chrome/58.0.3029.110 Safari/537.36',
  'accept' => 'text/html,application/xhtml+xml,application/xml;q=0.9,image/webp,*/*;q=0.8',
  'referer' => 'http://www.php.demo/admins.php/admins/Home/index',
  'accept-encoding' => 'gzip, deflate, sdch',
  'accept-language' => 'zh-CN,zh;q=0.8',
  'cookie' => 'pgv_pvi=3767784448; PHPSESSID=b3sa4j69es4ksgv39723vj4c56',
)
[ info ] [ PARAM ] array (
)
[ info ] [ LOG ] INIT File
---------------------------------------------------------------
[ 2018-08-14T21:40:24+08:00 ] 127.0.0.1 GET /admins.php/admins/labels/charge
[ info ] www.php.demo/admins.php/admins/labels/charge [运行时间：0.031002s][吞吐率：32.26req/s] [内存消耗：1,054.59kb] [文件加载：29]
[ info ] [ LANG ] D:\WWW\video\thinkphp\lang\zh-cn.php
[ info ] [ ROUTE ] array (
  'type' => 'module',
  'module' => 
  array (
    0 => 'admins',
    1 => 'labels',
    2 => 'charge',
  ),
)
[ info ] [ HEADER ] array (
  'host' => 'www.php.demo',
  'connection' => 'keep-alive',
  'upgrade-insecure-requests' => '1',
  'user-agent' => 'Mozilla/5.0 (Windows NT 6.1; Win64; x64) AppleWebKit/537.36 (KHTML, like Gecko) Chrome/58.0.3029.110 Safari/537.36',
  'accept' => 'text/html,application/xhtml+xml,application/xml;q=0.9,image/webp,*/*;q=0.8',
  'referer' => 'http://www.php.demo/admins.php/admins/Home/index',
  'accept-encoding' => 'gzip, deflate, sdch',
  'accept-language' => 'zh-CN,zh;q=0.8',
  'cookie' => 'pgv_pvi=3767784448; PHPSESSID=b3sa4j69es4ksgv39723vj4c56',
)
[ info ] [ PARAM ] array (
)
[ info ] [ LOG ] INIT File
---------------------------------------------------------------
[ 2018-08-14T21:40:25+08:00 ] 127.0.0.1 GET /admins.php/admins/labels/channel
[ info ] www.php.demo/admins.php/admins/labels/channel [运行时间：0.036002s][吞吐率：27.78req/s] [内存消耗：1,054.57kb] [文件加载：29]
[ info ] [ LANG ] D:\WWW\video\thinkphp\lang\zh-cn.php
[ info ] [ ROUTE ] array (
  'type' => 'module',
  'module' => 
  array (
    0 => 'admins',
    1 => 'labels',
    2 => 'channel',
  ),
)
[ info ] [ HEADER ] array (
  'host' => 'www.php.demo',
  'connection' => 'keep-alive',
  'upgrade-insecure-requests' => '1',
  'user-agent' => 'Mozilla/5.0 (Windows NT 6.1; Win64; x64) AppleWebKit/537.36 (KHTML, like Gecko) Chrome/58.0.3029.110 Safari/537.36',
  'accept' => 'text/html,application/xhtml+xml,application/xml;q=0.9,image/webp,*/*;q=0.8',
  'referer' => 'http://www.php.demo/admins.php/admins/Home/index',
  'accept-encoding' => 'gzip, deflate, sdch',
  'accept-language' => 'zh-CN,zh;q=0.8',
  'cookie' => 'pgv_pvi=3767784448; PHPSESSID=b3sa4j69es4ksgv39723vj4c56',
)
[ info ] [ PARAM ] array (
)
[ info ] [ LOG ] INIT File
---------------------------------------------------------------
[ 2018-08-14T21:40:26+08:00 ] 127.0.0.1 GET /admins.php/admins/Site/index
[ info ] www.php.demo/admins.php/admins/Site/index [运行时间：0.083005s][吞吐率：12.05req/s] [内存消耗：2,247.12kb] [文件加载：44]
[ info ] [ LANG ] D:\WWW\video\thinkphp\lang\zh-cn.php
[ info ] [ ROUTE ] array (
  'type' => 'module',
  'module' => 
  array (
    0 => 'admins',
    1 => 'Site',
    2 => 'index',
  ),
)
[ info ] [ HEADER ] array (
  'host' => 'www.php.demo',
  'connection' => 'keep-alive',
  'upgrade-insecure-requests' => '1',
  'user-agent' => 'Mozilla/5.0 (Windows NT 6.1; Win64; x64) AppleWebKit/537.36 (KHTML, like Gecko) Chrome/58.0.3029.110 Safari/537.36',
  'accept' => 'text/html,application/xhtml+xml,application/xml;q=0.9,image/webp,*/*;q=0.8',
  'referer' => 'http://www.php.demo/admins.php/admins/Home/index',
  'accept-encoding' => 'gzip, deflate, sdch',
  'accept-language' => 'zh-CN,zh;q=0.8',
  'cookie' => 'pgv_pvi=3767784448; PHPSESSID=b3sa4j69es4ksgv39723vj4c56',
)
[ info ] [ PARAM ] array (
)
[ info ] [ SESSION ] INIT array (
  'id' => '',
  'var_session_id' => '',
  'prefix' => 'think',
  'type' => '',
  'auto_start' => true,
)
[ info ] [ RUN ] app\admins\controller\Site->index[ D:\WWW\video\application\admins\controller\Site.php ]
[ info ] [ DB ] INIT mysql
[ info ] [ VIEW ] D:\WWW\video\public/../application/admins\view\site\index.html [ array (
  0 => 'admin',
  1 => 'site',
) ]
[ info ] [ LOG ] INIT File
[ sql ] [ DB ] CONNECT:[ UseTime:0.002000s ] mysql:host=127.0.0.1;dbname=video;charset=utf8
[ sql ] [ SQL ] SHOW COLUMNS FROM `sites` [ RunTime:0.023001s ]
[ sql ] [ SQL ] SELECT * FROM `sites` WHERE  `names` = 'site' LIMIT 1 [ RunTime:0.000000s ]
---------------------------------------------------------------
[ 2018-08-14T21:40:31+08:00 ] 127.0.0.1 GET /admins.php/admins/Roles/index
[ info ] www.php.demo/admins.php/admins/Roles/index [运行时间：0.093005s][吞吐率：10.75req/s] [内存消耗：2,258.63kb] [文件加载：44]
[ info ] [ LANG ] D:\WWW\video\thinkphp\lang\zh-cn.php
[ info ] [ ROUTE ] array (
  'type' => 'module',
  'module' => 
  array (
    0 => 'admins',
    1 => 'Roles',
    2 => 'index',
  ),
)
[ info ] [ HEADER ] array (
  'host' => 'www.php.demo',
  'connection' => 'keep-alive',
  'upgrade-insecure-requests' => '1',
  'user-agent' => 'Mozilla/5.0 (Windows NT 6.1; Win64; x64) AppleWebKit/537.36 (KHTML, like Gecko) Chrome/58.0.3029.110 Safari/537.36',
  'accept' => 'text/html,application/xhtml+xml,application/xml;q=0.9,image/webp,*/*;q=0.8',
  'referer' => 'http://www.php.demo/admins.php/admins/Home/index',
  'accept-encoding' => 'gzip, deflate, sdch',
  'accept-language' => 'zh-CN,zh;q=0.8',
  'cookie' => 'pgv_pvi=3767784448; PHPSESSID=b3sa4j69es4ksgv39723vj4c56',
)
[ info ] [ PARAM ] array (
)
[ info ] [ SESSION ] INIT array (
  'id' => '',
  'var_session_id' => '',
  'prefix' => 'think',
  'type' => '',
  'auto_start' => true,
)
[ info ] [ RUN ] app\admins\controller\Roles->index[ D:\WWW\video\application\admins\controller\Roles.php ]
[ info ] [ DB ] INIT mysql
[ info ] [ VIEW ] D:\WWW\video\public/../application/admins\view\roles\index.html [ array (
  0 => 'admin',
  1 => 'data',
) ]
[ info ] [ LOG ] INIT File
[ sql ] [ DB ] CONNECT:[ UseTime:0.002000s ] mysql:host=127.0.0.1;dbname=video;charset=utf8
[ sql ] [ SQL ] SHOW COLUMNS FROM `admin_groups` [ RunTime:0.029002s ]
[ sql ] [ SQL ] SELECT * FROM `admin_groups` [ RunTime:0.001000s ]
---------------------------------------------------------------
[ 2018-08-14T21:40:37+08:00 ] 127.0.0.1 GET /admins.php/admins/Menu/index
[ info ] www.php.demo/admins.php/admins/Menu/index [运行时间：0.092005s][吞吐率：10.87req/s] [内存消耗：2,269.63kb] [文件加载：44]
[ info ] [ LANG ] D:\WWW\video\thinkphp\lang\zh-cn.php
[ info ] [ ROUTE ] array (
  'type' => 'module',
  'module' => 
  array (
    0 => 'admins',
    1 => 'Menu',
    2 => 'index',
  ),
)
[ info ] [ HEADER ] array (
  'host' => 'www.php.demo',
  'connection' => 'keep-alive',
  'upgrade-insecure-requests' => '1',
  'user-agent' => 'Mozilla/5.0 (Windows NT 6.1; Win64; x64) AppleWebKit/537.36 (KHTML, like Gecko) Chrome/58.0.3029.110 Safari/537.36',
  'accept' => 'text/html,application/xhtml+xml,application/xml;q=0.9,image/webp,*/*;q=0.8',
  'referer' => 'http://www.php.demo/admins.php/admins/Home/index',
  'accept-encoding' => 'gzip, deflate, sdch',
  'accept-language' => 'zh-CN,zh;q=0.8',
  'cookie' => 'pgv_pvi=3767784448; PHPSESSID=b3sa4j69es4ksgv39723vj4c56',
)
[ info ] [ PARAM ] array (
)
[ info ] [ SESSION ] INIT array (
  'id' => '',
  'var_session_id' => '',
  'prefix' => 'think',
  'type' => '',
  'auto_start' => true,
)
[ info ] [ RUN ] app\admins\controller\Menu->index[ D:\WWW\video\application\admins\controller\Menu.php ]
[ info ] [ DB ] INIT mysql
[ info ] [ VIEW ] D:\WWW\video\public/../application/admins\view\menu\index.html [ array (
  0 => 'admin',
  1 => 'pid',
  2 => 'backid',
  3 => 'data',
) ]
[ info ] [ LOG ] INIT File
[ sql ] [ DB ] CONNECT:[ UseTime:0.002000s ] mysql:host=127.0.0.1;dbname=video;charset=utf8
[ sql ] [ SQL ] SHOW COLUMNS FROM `admin_menus` [ RunTime:0.025001s ]
[ sql ] [ SQL ] SELECT * FROM `admin_menus` WHERE  `pid` = 0 [ RunTime:0.000000s ]
---------------------------------------------------------------
[ 2018-08-14T21:41:07+08:00 ] 127.0.0.1 GET /admins.php/admins/Roles/index
[ info ] www.php.demo/admins.php/admins/Roles/index [运行时间：0.084005s][吞吐率：11.90req/s] [内存消耗：2,116.34kb] [文件加载：42]
[ info ] [ LANG ] D:\WWW\video\thinkphp\lang\zh-cn.php
[ info ] [ ROUTE ] array (
  'type' => 'module',
  'module' => 
  array (
    0 => 'admins',
    1 => 'Roles',
    2 => 'index',
  ),
)
[ info ] [ HEADER ] array (
  'host' => 'www.php.demo',
  'connection' => 'keep-alive',
  'upgrade-insecure-requests' => '1',
  'user-agent' => 'Mozilla/5.0 (Windows NT 6.1; Win64; x64) AppleWebKit/537.36 (KHTML, like Gecko) Chrome/58.0.3029.110 Safari/537.36',
  'accept' => 'text/html,application/xhtml+xml,application/xml;q=0.9,image/webp,*/*;q=0.8',
  'referer' => 'http://www.php.demo/admins.php/admins/Home/index',
  'accept-encoding' => 'gzip, deflate, sdch',
  'accept-language' => 'zh-CN,zh;q=0.8',
  'cookie' => 'pgv_pvi=3767784448; PHPSESSID=b3sa4j69es4ksgv39723vj4c56',
)
[ info ] [ PARAM ] array (
)
[ info ] [ SESSION ] INIT array (
  'id' => '',
  'var_session_id' => '',
  'prefix' => 'think',
  'type' => '',
  'auto_start' => true,
)
[ info ] [ RUN ] app\admins\controller\Roles->index[ D:\WWW\video\application\admins\controller\Roles.php ]
[ info ] [ DB ] INIT mysql
[ info ] [ VIEW ] D:\WWW\video\public/../application/admins\view\roles\index.html [ array (
  0 => 'admin',
  1 => 'data',
) ]
[ info ] [ LOG ] INIT File
[ sql ] [ DB ] CONNECT:[ UseTime:0.003000s ] mysql:host=127.0.0.1;dbname=video;charset=utf8
[ sql ] [ SQL ] SHOW COLUMNS FROM `admin_groups` [ RunTime:0.025002s ]
[ sql ] [ SQL ] SELECT * FROM `admin_groups` [ RunTime:0.001000s ]
---------------------------------------------------------------
[ 2018-08-14T21:42:57+08:00 ] 127.0.0.1 GET /admins.php/admins/Home/index
[ info ] www.php.demo/admins.php/admins/Home/index [运行时间：0.236013s][吞吐率：4.24req/s] [内存消耗：2,140.17kb] [文件加载：43]
[ info ] [ LANG ] D:\WWW\video\thinkphp\lang\zh-cn.php
[ info ] [ ROUTE ] array (
  'type' => 'module',
  'module' => 
  array (
    0 => 'admins',
    1 => 'Home',
    2 => 'index',
  ),
)
[ info ] [ HEADER ] array (
  'host' => 'www.php.demo',
  'connection' => 'keep-alive',
  'cache-control' => 'max-age=0',
  'upgrade-insecure-requests' => '1',
  'user-agent' => 'Mozilla/5.0 (Windows NT 6.1; Win64; x64) AppleWebKit/537.36 (KHTML, like Gecko) Chrome/58.0.3029.110 Safari/537.36',
  'accept' => 'text/html,application/xhtml+xml,application/xml;q=0.9,image/webp,*/*;q=0.8',
  'referer' => 'http://www.php.demo/admins.php/admins/Account/login',
  'accept-encoding' => 'gzip, deflate, sdch',
  'accept-language' => 'zh-CN,zh;q=0.8',
  'cookie' => 'pgv_pvi=3767784448; PHPSESSID=b3sa4j69es4ksgv39723vj4c56',
)
[ info ] [ PARAM ] array (
)
[ info ] [ SESSION ] INIT array (
  'id' => '',
  'var_session_id' => '',
  'prefix' => 'think',
  'type' => '',
  'auto_start' => true,
)
[ info ] [ RUN ] app\admins\controller\Home->index[ D:\WWW\video\application\admins\controller\Home.php ]
[ info ] [ DB ] INIT mysql
[ info ] [ VIEW ] D:\WWW\video\public/../application/admins\view\home\index.html [ array (
  0 => 'admin',
  1 => 'site',
  2 => 'role',
  3 => 'menus',
) ]
[ info ] [ LOG ] INIT File
[ sql ] [ DB ] CONNECT:[ UseTime:0.003000s ] mysql:host=127.0.0.1;dbname=video;charset=utf8
[ sql ] [ SQL ] SHOW COLUMNS FROM `admin_groups` [ RunTime:0.044002s ]
[ sql ] [ SQL ] SELECT * FROM `admin_groups` WHERE  `gid` = 1 LIMIT 1 [ RunTime:0.001001s ]
[ sql ] [ SQL ] SHOW COLUMNS FROM `admin_menus` [ RunTime:0.048002s ]
[ sql ] [ SQL ] SELECT * FROM `admin_menus` WHERE  (  mid in(1,4,9,5,6,2,12,13,3,10,11,14,15,16,17,19,20,21,22,23,24,25,26) and ishidden=0 and status=0 ) [ RunTime:0.001000s ]
[ sql ] [ SQL ] SHOW COLUMNS FROM `sites` [ RunTime:0.053003s ]
[ sql ] [ SQL ] SELECT * FROM `sites` WHERE  `names` = 'site' LIMIT 1 [ RunTime:0.001001s ]
---------------------------------------------------------------
[ 2018-08-14T21:42:57+08:00 ] 127.0.0.1 GET /admins.php/admins/Home/welcome
[ info ] www.php.demo/admins.php/admins/Home/welcome [运行时间：0.055003s][吞吐率：18.18req/s] [内存消耗：1,323.79kb] [文件加载：35]
[ info ] [ LANG ] D:\WWW\video\thinkphp\lang\zh-cn.php
[ info ] [ ROUTE ] array (
  'type' => 'module',
  'module' => 
  array (
    0 => 'admins',
    1 => 'Home',
    2 => 'welcome',
  ),
)
[ info ] [ HEADER ] array (
  'host' => 'www.php.demo',
  'connection' => 'keep-alive',
  'upgrade-insecure-requests' => '1',
  'user-agent' => 'Mozilla/5.0 (Windows NT 6.1; Win64; x64) AppleWebKit/537.36 (KHTML, like Gecko) Chrome/58.0.3029.110 Safari/537.36',
  'accept' => 'text/html,application/xhtml+xml,application/xml;q=0.9,image/webp,*/*;q=0.8',
  'referer' => 'http://www.php.demo/admins.php/admins/Home/index',
  'accept-encoding' => 'gzip, deflate, sdch',
  'accept-language' => 'zh-CN,zh;q=0.8',
  'cookie' => 'pgv_pvi=3767784448; PHPSESSID=b3sa4j69es4ksgv39723vj4c56',
)
[ info ] [ PARAM ] array (
)
[ info ] [ SESSION ] INIT array (
  'id' => '',
  'var_session_id' => '',
  'prefix' => 'think',
  'type' => '',
  'auto_start' => true,
)
[ info ] [ RUN ] app\admins\controller\Home->welcome[ D:\WWW\video\application\admins\controller\Home.php ]
[ info ] [ VIEW ] D:\WWW\video\public/../application/admins\view\home\welcome.html [ array (
  0 => 'admin',
) ]
[ info ] [ LOG ] INIT File
---------------------------------------------------------------
[ 2018-08-14T21:43:01+08:00 ] 127.0.0.1 GET /admins.php/admins/Video/index
[ info ] www.php.demo/admins.php/admins/Video/index [运行时间：0.048003s][吞吐率：20.83req/s] [内存消耗：1,389.77kb] [文件加载：38]
[ info ] [ LANG ] D:\WWW\video\thinkphp\lang\zh-cn.php
[ info ] [ ROUTE ] array (
  'type' => 'module',
  'module' => 
  array (
    0 => 'admins',
    1 => 'Video',
    2 => 'index',
  ),
)
[ info ] [ HEADER ] array (
  'host' => 'www.php.demo',
  'connection' => 'keep-alive',
  'upgrade-insecure-requests' => '1',
  'user-agent' => 'Mozilla/5.0 (Windows NT 6.1; Win64; x64) AppleWebKit/537.36 (KHTML, like Gecko) Chrome/58.0.3029.110 Safari/537.36',
  'accept' => 'text/html,application/xhtml+xml,application/xml;q=0.9,image/webp,*/*;q=0.8',
  'referer' => 'http://www.php.demo/admins.php/admins/Home/index',
  'accept-encoding' => 'gzip, deflate, sdch',
  'accept-language' => 'zh-CN,zh;q=0.8',
  'cookie' => 'pgv_pvi=3767784448; PHPSESSID=b3sa4j69es4ksgv39723vj4c56',
)
[ info ] [ PARAM ] array (
)
[ info ] [ SESSION ] INIT array (
  'id' => '',
  'var_session_id' => '',
  'prefix' => 'think',
  'type' => '',
  'auto_start' => true,
)
[ info ] [ RUN ] app\admins\controller\Video->index[ D:\WWW\video\application\admins\controller\Video.php ]
[ info ] [ LOG ] INIT File
[ error ] [1]Call to undefined method Util\data\Sysdb::order()[D:\WWW\video\application\admins\controller\Video.php:20]
---------------------------------------------------------------
[ 2018-08-14T21:44:08+08:00 ] 127.0.0.1 GET /admins.php/admins/Home/index
[ info ] www.php.demo/admins.php/admins/Home/index [运行时间：0.141008s][吞吐率：7.09req/s] [内存消耗：2,145.18kb] [文件加载：43]
[ info ] [ LANG ] D:\WWW\video\thinkphp\lang\zh-cn.php
[ info ] [ ROUTE ] array (
  'type' => 'module',
  'module' => 
  array (
    0 => 'admins',
    1 => 'Home',
    2 => 'index',
  ),
)
[ info ] [ HEADER ] array (
  'host' => 'www.php.demo',
  'connection' => 'keep-alive',
  'cache-control' => 'max-age=0',
  'upgrade-insecure-requests' => '1',
  'user-agent' => 'Mozilla/5.0 (Windows NT 6.1; Win64; x64) AppleWebKit/537.36 (KHTML, like Gecko) Chrome/58.0.3029.110 Safari/537.36',
  'accept' => 'text/html,application/xhtml+xml,application/xml;q=0.9,image/webp,*/*;q=0.8',
  'referer' => 'http://www.php.demo/admins.php/admins/Account/login',
  'accept-encoding' => 'gzip, deflate, sdch',
  'accept-language' => 'zh-CN,zh;q=0.8',
  'cookie' => 'pgv_pvi=3767784448; PHPSESSID=b3sa4j69es4ksgv39723vj4c56',
)
[ info ] [ PARAM ] array (
)
[ info ] [ SESSION ] INIT array (
  'id' => '',
  'var_session_id' => '',
  'prefix' => 'think',
  'type' => '',
  'auto_start' => true,
)
[ info ] [ RUN ] app\admins\controller\Home->index[ D:\WWW\video\application\admins\controller\Home.php ]
[ info ] [ DB ] INIT mysql
[ info ] [ VIEW ] D:\WWW\video\public/../application/admins\view\home\index.html [ array (
  0 => 'admin',
  1 => 'site',
  2 => 'role',
  3 => 'menus',
) ]
[ info ] [ LOG ] INIT File
[ sql ] [ DB ] CONNECT:[ UseTime:0.002001s ] mysql:host=127.0.0.1;dbname=video;charset=utf8
[ sql ] [ SQL ] SHOW COLUMNS FROM `admin_groups` [ RunTime:0.028001s ]
[ sql ] [ SQL ] SELECT * FROM `admin_groups` WHERE  `gid` = 1 LIMIT 1 [ RunTime:0.000000s ]
[ sql ] [ SQL ] SHOW COLUMNS FROM `admin_menus` [ RunTime:0.028002s ]
[ sql ] [ SQL ] SELECT * FROM `admin_menus` WHERE  (  mid in(1,4,9,5,6,2,12,13,3,10,11,14,15,16,17,19,20,21,22,23,24,25,26) and ishidden=0 and status=0 ) [ RunTime:0.000000s ]
[ sql ] [ SQL ] SHOW COLUMNS FROM `sites` [ RunTime:0.023001s ]
[ sql ] [ SQL ] SELECT * FROM `sites` WHERE  `names` = 'site' LIMIT 1 [ RunTime:0.000000s ]
---------------------------------------------------------------
[ 2018-08-14T21:44:08+08:00 ] 127.0.0.1 GET /admins.php/admins/Home/welcome
[ info ] www.php.demo/admins.php/admins/Home/welcome [运行时间：0.040002s][吞吐率：25.00req/s] [内存消耗：1,328.87kb] [文件加载：35]
[ info ] [ LANG ] D:\WWW\video\thinkphp\lang\zh-cn.php
[ info ] [ ROUTE ] array (
  'type' => 'module',
  'module' => 
  array (
    0 => 'admins',
    1 => 'Home',
    2 => 'welcome',
  ),
)
[ info ] [ HEADER ] array (
  'host' => 'www.php.demo',
  'connection' => 'keep-alive',
  'upgrade-insecure-requests' => '1',
  'user-agent' => 'Mozilla/5.0 (Windows NT 6.1; Win64; x64) AppleWebKit/537.36 (KHTML, like Gecko) Chrome/58.0.3029.110 Safari/537.36',
  'accept' => 'text/html,application/xhtml+xml,application/xml;q=0.9,image/webp,*/*;q=0.8',
  'referer' => 'http://www.php.demo/admins.php/admins/Home/index',
  'accept-encoding' => 'gzip, deflate, sdch',
  'accept-language' => 'zh-CN,zh;q=0.8',
  'cookie' => 'pgv_pvi=3767784448; PHPSESSID=b3sa4j69es4ksgv39723vj4c56',
)
[ info ] [ PARAM ] array (
)
[ info ] [ SESSION ] INIT array (
  'id' => '',
  'var_session_id' => '',
  'prefix' => 'think',
  'type' => '',
  'auto_start' => true,
)
[ info ] [ RUN ] app\admins\controller\Home->welcome[ D:\WWW\video\application\admins\controller\Home.php ]
[ info ] [ VIEW ] D:\WWW\video\public/../application/admins\view\home\welcome.html [ array (
  0 => 'admin',
) ]
[ info ] [ LOG ] INIT File
---------------------------------------------------------------
[ 2018-08-14T21:44:10+08:00 ] 127.0.0.1 GET /admins.php/admins/Video/index
[ info ] www.php.demo/admins.php/admins/Video/index [运行时间：0.312018s][吞吐率：3.20req/s] [内存消耗：2,433.19kb] [文件加载：48]
[ info ] [ LANG ] D:\WWW\video\thinkphp\lang\zh-cn.php
[ info ] [ ROUTE ] array (
  'type' => 'module',
  'module' => 
  array (
    0 => 'admins',
    1 => 'Video',
    2 => 'index',
  ),
)
[ info ] [ HEADER ] array (
  'host' => 'www.php.demo',
  'connection' => 'keep-alive',
  'upgrade-insecure-requests' => '1',
  'user-agent' => 'Mozilla/5.0 (Windows NT 6.1; Win64; x64) AppleWebKit/537.36 (KHTML, like Gecko) Chrome/58.0.3029.110 Safari/537.36',
  'accept' => 'text/html,application/xhtml+xml,application/xml;q=0.9,image/webp,*/*;q=0.8',
  'referer' => 'http://www.php.demo/admins.php/admins/Home/index',
  'accept-encoding' => 'gzip, deflate, sdch',
  'accept-language' => 'zh-CN,zh;q=0.8',
  'cookie' => 'pgv_pvi=3767784448; PHPSESSID=b3sa4j69es4ksgv39723vj4c56',
)
[ info ] [ PARAM ] array (
)
[ info ] [ SESSION ] INIT array (
  'id' => '',
  'var_session_id' => '',
  'prefix' => 'think',
  'type' => '',
  'auto_start' => true,
)
[ info ] [ RUN ] app\admins\controller\Video->index[ D:\WWW\video\application\admins\controller\Video.php ]
[ info ] [ DB ] INIT mysql
[ info ] [ VIEW ] D:\WWW\video\public/../application/admins\view\video\index.html [ array (
  0 => 'admin',
  1 => 'data',
) ]
[ info ] [ LOG ] INIT File
[ sql ] [ DB ] CONNECT:[ UseTime:0.001001s ] mysql:host=127.0.0.1;dbname=video;charset=utf8
[ sql ] [ SQL ] SHOW COLUMNS FROM `video` [ RunTime:0.102005s ]
[ sql ] [ SQL ] SELECT COUNT(*) AS tp_count FROM `video` LIMIT 1 [ RunTime:0.001000s ]
[ sql ] [ SQL ] SELECT * FROM `video` ORDER BY `id` DESC LIMIT 0,10 [ RunTime:0.019002s ]
[ sql ] [ SQL ] SHOW COLUMNS FROM `video_label` [ RunTime:0.099005s ]
[ sql ] [ SQL ] SELECT * FROM `video_label` WHERE  (  id in(1,11,13,3,12,16,2,4,15,14,5) ) [ RunTime:0.001000s ]
---------------------------------------------------------------
[ 2018-08-14T21:44:11+08:00 ] 127.0.0.1 GET /admins.php/admins/labels/area
[ info ] www.php.demo/admins.php/admins/labels/area [运行时间：0.125007s][吞吐率：8.00req/s] [内存消耗：2,268.37kb] [文件加载：44]
[ info ] [ LANG ] D:\WWW\video\thinkphp\lang\zh-cn.php
[ info ] [ ROUTE ] array (
  'type' => 'module',
  'module' => 
  array (
    0 => 'admins',
    1 => 'labels',
    2 => 'area',
  ),
)
[ info ] [ HEADER ] array (
  'host' => 'www.php.demo',
  'connection' => 'keep-alive',
  'upgrade-insecure-requests' => '1',
  'user-agent' => 'Mozilla/5.0 (Windows NT 6.1; Win64; x64) AppleWebKit/537.36 (KHTML, like Gecko) Chrome/58.0.3029.110 Safari/537.36',
  'accept' => 'text/html,application/xhtml+xml,application/xml;q=0.9,image/webp,*/*;q=0.8',
  'referer' => 'http://www.php.demo/admins.php/admins/Home/index',
  'accept-encoding' => 'gzip, deflate, sdch',
  'accept-language' => 'zh-CN,zh;q=0.8',
  'cookie' => 'pgv_pvi=3767784448; PHPSESSID=b3sa4j69es4ksgv39723vj4c56',
)
[ info ] [ PARAM ] array (
)
[ info ] [ SESSION ] INIT array (
  'id' => '',
  'var_session_id' => '',
  'prefix' => 'think',
  'type' => '',
  'auto_start' => true,
)
[ info ] [ RUN ] app\admins\controller\Labels->area[ D:\WWW\video\application\admins\controller\Labels.php ]
[ info ] [ DB ] INIT mysql
[ info ] [ VIEW ] D:\WWW\video\public/../application/admins\view\labels\area.html [ array (
  0 => 'admin',
  1 => 'data',
) ]
[ info ] [ LOG ] INIT File
[ sql ] [ DB ] CONNECT:[ UseTime:0.002000s ] mysql:host=127.0.0.1;dbname=video;charset=utf8
[ sql ] [ SQL ] SHOW COLUMNS FROM `video_label` [ RunTime:0.032002s ]
[ sql ] [ SQL ] SELECT * FROM `video_label` WHERE  `flag` = 'area' [ RunTime:0.001000s ]
---------------------------------------------------------------
[ 2018-08-14T21:44:13+08:00 ] 127.0.0.1 GET /admins.php/admins/labels/charge
[ info ] www.php.demo/admins.php/admins/labels/charge [运行时间：0.104006s][吞吐率：9.61req/s] [内存消耗：2,261.42kb] [文件加载：44]
[ info ] [ LANG ] D:\WWW\video\thinkphp\lang\zh-cn.php
[ info ] [ ROUTE ] array (
  'type' => 'module',
  'module' => 
  array (
    0 => 'admins',
    1 => 'labels',
    2 => 'charge',
  ),
)
[ info ] [ HEADER ] array (
  'host' => 'www.php.demo',
  'connection' => 'keep-alive',
  'upgrade-insecure-requests' => '1',
  'user-agent' => 'Mozilla/5.0 (Windows NT 6.1; Win64; x64) AppleWebKit/537.36 (KHTML, like Gecko) Chrome/58.0.3029.110 Safari/537.36',
  'accept' => 'text/html,application/xhtml+xml,application/xml;q=0.9,image/webp,*/*;q=0.8',
  'referer' => 'http://www.php.demo/admins.php/admins/Home/index',
  'accept-encoding' => 'gzip, deflate, sdch',
  'accept-language' => 'zh-CN,zh;q=0.8',
  'cookie' => 'pgv_pvi=3767784448; PHPSESSID=b3sa4j69es4ksgv39723vj4c56',
)
[ info ] [ PARAM ] array (
)
[ info ] [ SESSION ] INIT array (
  'id' => '',
  'var_session_id' => '',
  'prefix' => 'think',
  'type' => '',
  'auto_start' => true,
)
[ info ] [ RUN ] app\admins\controller\Labels->charge[ D:\WWW\video\application\admins\controller\Labels.php ]
[ info ] [ DB ] INIT mysql
[ info ] [ VIEW ] D:\WWW\video\public/../application/admins\view\labels\charge.html [ array (
  0 => 'admin',
  1 => 'data',
) ]
[ info ] [ LOG ] INIT File
[ sql ] [ DB ] CONNECT:[ UseTime:0.001000s ] mysql:host=127.0.0.1;dbname=video;charset=utf8
[ sql ] [ SQL ] SHOW COLUMNS FROM `video_label` [ RunTime:0.040002s ]
[ sql ] [ SQL ] SELECT * FROM `video_label` WHERE  `flag` = 'charge' [ RunTime:0.001000s ]
---------------------------------------------------------------
[ 2018-08-14T21:44:22+08:00 ] 127.0.0.1 GET /admins.php/admins/labels/channel
[ info ] www.php.demo/admins.php/admins/labels/channel [运行时间：0.105006s][吞吐率：9.52req/s] [内存消耗：2,270.73kb] [文件加载：44]
[ info ] [ LANG ] D:\WWW\video\thinkphp\lang\zh-cn.php
[ info ] [ ROUTE ] array (
  'type' => 'module',
  'module' => 
  array (
    0 => 'admins',
    1 => 'labels',
    2 => 'channel',
  ),
)
[ info ] [ HEADER ] array (
  'host' => 'www.php.demo',
  'connection' => 'keep-alive',
  'upgrade-insecure-requests' => '1',
  'user-agent' => 'Mozilla/5.0 (Windows NT 6.1; Win64; x64) AppleWebKit/537.36 (KHTML, like Gecko) Chrome/58.0.3029.110 Safari/537.36',
  'accept' => 'text/html,application/xhtml+xml,application/xml;q=0.9,image/webp,*/*;q=0.8',
  'referer' => 'http://www.php.demo/admins.php/admins/Home/index',
  'accept-encoding' => 'gzip, deflate, sdch',
  'accept-language' => 'zh-CN,zh;q=0.8',
  'cookie' => 'pgv_pvi=3767784448; PHPSESSID=b3sa4j69es4ksgv39723vj4c56',
)
[ info ] [ PARAM ] array (
)
[ info ] [ SESSION ] INIT array (
  'id' => '',
  'var_session_id' => '',
  'prefix' => 'think',
  'type' => '',
  'auto_start' => true,
)
[ info ] [ RUN ] app\admins\controller\Labels->channel[ D:\WWW\video\application\admins\controller\Labels.php ]
[ info ] [ DB ] INIT mysql
[ info ] [ VIEW ] D:\WWW\video\public/../application/admins\view\labels\channel.html [ array (
  0 => 'admin',
  1 => 'data',
) ]
[ info ] [ LOG ] INIT File
[ sql ] [ DB ] CONNECT:[ UseTime:0.002000s ] mysql:host=127.0.0.1;dbname=video;charset=utf8
[ sql ] [ SQL ] SHOW COLUMNS FROM `video_label` [ RunTime:0.029001s ]
[ sql ] [ SQL ] SELECT * FROM `video_label` WHERE  `flag` = 'channel' [ RunTime:0.001001s ]
---------------------------------------------------------------
[ 2018-08-14T21:44:32+08:00 ] 127.0.0.1 GET /admins.php/admins/Video/index
[ info ] www.php.demo/admins.php/admins/Video/index [运行时间：0.125007s][吞吐率：8.00req/s] [内存消耗：2,283.75kb] [文件加载：46]
[ info ] [ LANG ] D:\WWW\video\thinkphp\lang\zh-cn.php
[ info ] [ ROUTE ] array (
  'type' => 'module',
  'module' => 
  array (
    0 => 'admins',
    1 => 'Video',
    2 => 'index',
  ),
)
[ info ] [ HEADER ] array (
  'host' => 'www.php.demo',
  'connection' => 'keep-alive',
  'upgrade-insecure-requests' => '1',
  'user-agent' => 'Mozilla/5.0 (Windows NT 6.1; Win64; x64) AppleWebKit/537.36 (KHTML, like Gecko) Chrome/58.0.3029.110 Safari/537.36',
  'accept' => 'text/html,application/xhtml+xml,application/xml;q=0.9,image/webp,*/*;q=0.8',
  'referer' => 'http://www.php.demo/admins.php/admins/Home/index',
  'accept-encoding' => 'gzip, deflate, sdch',
  'accept-language' => 'zh-CN,zh;q=0.8',
  'cookie' => 'pgv_pvi=3767784448; PHPSESSID=b3sa4j69es4ksgv39723vj4c56',
)
[ info ] [ PARAM ] array (
)
[ info ] [ SESSION ] INIT array (
  'id' => '',
  'var_session_id' => '',
  'prefix' => 'think',
  'type' => '',
  'auto_start' => true,
)
[ info ] [ RUN ] app\admins\controller\Video->index[ D:\WWW\video\application\admins\controller\Video.php ]
[ info ] [ DB ] INIT mysql
[ info ] [ VIEW ] D:\WWW\video\public/../application/admins\view\video\index.html [ array (
  0 => 'admin',
  1 => 'data',
) ]
[ info ] [ LOG ] INIT File
[ sql ] [ DB ] CONNECT:[ UseTime:0.001000s ] mysql:host=127.0.0.1;dbname=video;charset=utf8
[ sql ] [ SQL ] SHOW COLUMNS FROM `video` [ RunTime:0.030002s ]
[ sql ] [ SQL ] SELECT COUNT(*) AS tp_count FROM `video` LIMIT 1 [ RunTime:0.001000s ]
[ sql ] [ SQL ] SELECT * FROM `video` ORDER BY `id` DESC LIMIT 0,10 [ RunTime:0.000000s ]
[ sql ] [ SQL ] SHOW COLUMNS FROM `video_label` [ RunTime:0.028002s ]
[ sql ] [ SQL ] SELECT * FROM `video_label` WHERE  (  id in(1,11,13,3,12,16,2,4,15,14,5) ) [ RunTime:0.001000s ]
---------------------------------------------------------------
[ 2018-08-14T21:44:41+08:00 ] 127.0.0.1 GET /admins.php/admins/labels/area
[ info ] www.php.demo/admins.php/admins/labels/area [运行时间：0.096006s][吞吐率：10.42req/s] [内存消耗：2,123.87kb] [文件加载：42]
[ info ] [ LANG ] D:\WWW\video\thinkphp\lang\zh-cn.php
[ info ] [ ROUTE ] array (
  'type' => 'module',
  'module' => 
  array (
    0 => 'admins',
    1 => 'labels',
    2 => 'area',
  ),
)
[ info ] [ HEADER ] array (
  'host' => 'www.php.demo',
  'connection' => 'keep-alive',
  'upgrade-insecure-requests' => '1',
  'user-agent' => 'Mozilla/5.0 (Windows NT 6.1; Win64; x64) AppleWebKit/537.36 (KHTML, like Gecko) Chrome/58.0.3029.110 Safari/537.36',
  'accept' => 'text/html,application/xhtml+xml,application/xml;q=0.9,image/webp,*/*;q=0.8',
  'referer' => 'http://www.php.demo/admins.php/admins/Home/index',
  'accept-encoding' => 'gzip, deflate, sdch',
  'accept-language' => 'zh-CN,zh;q=0.8',
  'cookie' => 'pgv_pvi=3767784448; PHPSESSID=b3sa4j69es4ksgv39723vj4c56',
)
[ info ] [ PARAM ] array (
)
[ info ] [ SESSION ] INIT array (
  'id' => '',
  'var_session_id' => '',
  'prefix' => 'think',
  'type' => '',
  'auto_start' => true,
)
[ info ] [ RUN ] app\admins\controller\Labels->area[ D:\WWW\video\application\admins\controller\Labels.php ]
[ info ] [ DB ] INIT mysql
[ info ] [ VIEW ] D:\WWW\video\public/../application/admins\view\labels\area.html [ array (
  0 => 'admin',
  1 => 'data',
) ]
[ info ] [ LOG ] INIT File
[ sql ] [ DB ] CONNECT:[ UseTime:0.001000s ] mysql:host=127.0.0.1;dbname=video;charset=utf8
[ sql ] [ SQL ] SHOW COLUMNS FROM `video_label` [ RunTime:0.029001s ]
[ sql ] [ SQL ] SELECT * FROM `video_label` WHERE  `flag` = 'area' [ RunTime:0.001000s ]
---------------------------------------------------------------
[ 2018-08-14T21:44:48+08:00 ] 127.0.0.1 GET /admins.php/admins/labels/charge
[ info ] www.php.demo/admins.php/admins/labels/charge [运行时间：0.097005s][吞吐率：10.31req/s] [内存消耗：2,118.87kb] [文件加载：42]
[ info ] [ LANG ] D:\WWW\video\thinkphp\lang\zh-cn.php
[ info ] [ ROUTE ] array (
  'type' => 'module',
  'module' => 
  array (
    0 => 'admins',
    1 => 'labels',
    2 => 'charge',
  ),
)
[ info ] [ HEADER ] array (
  'host' => 'www.php.demo',
  'connection' => 'keep-alive',
  'upgrade-insecure-requests' => '1',
  'user-agent' => 'Mozilla/5.0 (Windows NT 6.1; Win64; x64) AppleWebKit/537.36 (KHTML, like Gecko) Chrome/58.0.3029.110 Safari/537.36',
  'accept' => 'text/html,application/xhtml+xml,application/xml;q=0.9,image/webp,*/*;q=0.8',
  'referer' => 'http://www.php.demo/admins.php/admins/Home/index',
  'accept-encoding' => 'gzip, deflate, sdch',
  'accept-language' => 'zh-CN,zh;q=0.8',
  'cookie' => 'pgv_pvi=3767784448; PHPSESSID=b3sa4j69es4ksgv39723vj4c56',
)
[ info ] [ PARAM ] array (
)
[ info ] [ SESSION ] INIT array (
  'id' => '',
  'var_session_id' => '',
  'prefix' => 'think',
  'type' => '',
  'auto_start' => true,
)
[ info ] [ RUN ] app\admins\controller\Labels->charge[ D:\WWW\video\application\admins\controller\Labels.php ]
[ info ] [ DB ] INIT mysql
[ info ] [ VIEW ] D:\WWW\video\public/../application/admins\view\labels\charge.html [ array (
  0 => 'admin',
  1 => 'data',
) ]
[ info ] [ LOG ] INIT File
[ sql ] [ DB ] CONNECT:[ UseTime:0.002000s ] mysql:host=127.0.0.1;dbname=video;charset=utf8
[ sql ] [ SQL ] SHOW COLUMNS FROM `video_label` [ RunTime:0.029002s ]
[ sql ] [ SQL ] SELECT * FROM `video_label` WHERE  `flag` = 'charge' [ RunTime:0.001000s ]
---------------------------------------------------------------
[ 2018-08-14T21:44:51+08:00 ] 127.0.0.1 GET /admins.php/admins/labels/channel
[ info ] www.php.demo/admins.php/admins/labels/channel [运行时间：0.091005s][吞吐率：10.99req/s] [内存消耗：2,125.52kb] [文件加载：42]
[ info ] [ LANG ] D:\WWW\video\thinkphp\lang\zh-cn.php
[ info ] [ ROUTE ] array (
  'type' => 'module',
  'module' => 
  array (
    0 => 'admins',
    1 => 'labels',
    2 => 'channel',
  ),
)
[ info ] [ HEADER ] array (
  'host' => 'www.php.demo',
  'connection' => 'keep-alive',
  'upgrade-insecure-requests' => '1',
  'user-agent' => 'Mozilla/5.0 (Windows NT 6.1; Win64; x64) AppleWebKit/537.36 (KHTML, like Gecko) Chrome/58.0.3029.110 Safari/537.36',
  'accept' => 'text/html,application/xhtml+xml,application/xml;q=0.9,image/webp,*/*;q=0.8',
  'referer' => 'http://www.php.demo/admins.php/admins/Home/index',
  'accept-encoding' => 'gzip, deflate, sdch',
  'accept-language' => 'zh-CN,zh;q=0.8',
  'cookie' => 'pgv_pvi=3767784448; PHPSESSID=b3sa4j69es4ksgv39723vj4c56',
)
[ info ] [ PARAM ] array (
)
[ info ] [ SESSION ] INIT array (
  'id' => '',
  'var_session_id' => '',
  'prefix' => 'think',
  'type' => '',
  'auto_start' => true,
)
[ info ] [ RUN ] app\admins\controller\Labels->channel[ D:\WWW\video\application\admins\controller\Labels.php ]
[ info ] [ DB ] INIT mysql
[ info ] [ VIEW ] D:\WWW\video\public/../application/admins\view\labels\channel.html [ array (
  0 => 'admin',
  1 => 'data',
) ]
[ info ] [ LOG ] INIT File
[ sql ] [ DB ] CONNECT:[ UseTime:0.001000s ] mysql:host=127.0.0.1;dbname=video;charset=utf8
[ sql ] [ SQL ] SHOW COLUMNS FROM `video_label` [ RunTime:0.029002s ]
[ sql ] [ SQL ] SELECT * FROM `video_label` WHERE  `flag` = 'channel' [ RunTime:0.001000s ]
---------------------------------------------------------------
[ 2018-08-14T21:44:53+08:00 ] 127.0.0.1 GET /admins.php/admins/Site/index
[ info ] www.php.demo/admins.php/admins/Site/index [运行时间：0.095005s][吞吐率：10.53req/s] [内存消耗：2,111.47kb] [文件加载：42]
[ info ] [ LANG ] D:\WWW\video\thinkphp\lang\zh-cn.php
[ info ] [ ROUTE ] array (
  'type' => 'module',
  'module' => 
  array (
    0 => 'admins',
    1 => 'Site',
    2 => 'index',
  ),
)
[ info ] [ HEADER ] array (
  'host' => 'www.php.demo',
  'connection' => 'keep-alive',
  'upgrade-insecure-requests' => '1',
  'user-agent' => 'Mozilla/5.0 (Windows NT 6.1; Win64; x64) AppleWebKit/537.36 (KHTML, like Gecko) Chrome/58.0.3029.110 Safari/537.36',
  'accept' => 'text/html,application/xhtml+xml,application/xml;q=0.9,image/webp,*/*;q=0.8',
  'referer' => 'http://www.php.demo/admins.php/admins/Home/index',
  'accept-encoding' => 'gzip, deflate, sdch',
  'accept-language' => 'zh-CN,zh;q=0.8',
  'cookie' => 'pgv_pvi=3767784448; PHPSESSID=b3sa4j69es4ksgv39723vj4c56',
)
[ info ] [ PARAM ] array (
)
[ info ] [ SESSION ] INIT array (
  'id' => '',
  'var_session_id' => '',
  'prefix' => 'think',
  'type' => '',
  'auto_start' => true,
)
[ info ] [ RUN ] app\admins\controller\Site->index[ D:\WWW\video\application\admins\controller\Site.php ]
[ info ] [ DB ] INIT mysql
[ info ] [ VIEW ] D:\WWW\video\public/../application/admins\view\site\index.html [ array (
  0 => 'admin',
  1 => 'site',
) ]
[ info ] [ LOG ] INIT File
[ sql ] [ DB ] CONNECT:[ UseTime:0.001000s ] mysql:host=127.0.0.1;dbname=video;charset=utf8
[ sql ] [ SQL ] SHOW COLUMNS FROM `sites` [ RunTime:0.029002s ]
[ sql ] [ SQL ] SELECT * FROM `sites` WHERE  `names` = 'site' LIMIT 1 [ RunTime:0.000000s ]
---------------------------------------------------------------
[ 2018-08-14T21:44:55+08:00 ] 127.0.0.1 GET /admins.php/admins/Roles/index
[ info ] www.php.demo/admins.php/admins/Roles/index [运行时间：0.105006s][吞吐率：9.52req/s] [内存消耗：2,121.41kb] [文件加载：42]
[ info ] [ LANG ] D:\WWW\video\thinkphp\lang\zh-cn.php
[ info ] [ ROUTE ] array (
  'type' => 'module',
  'module' => 
  array (
    0 => 'admins',
    1 => 'Roles',
    2 => 'index',
  ),
)
[ info ] [ HEADER ] array (
  'host' => 'www.php.demo',
  'connection' => 'keep-alive',
  'upgrade-insecure-requests' => '1',
  'user-agent' => 'Mozilla/5.0 (Windows NT 6.1; Win64; x64) AppleWebKit/537.36 (KHTML, like Gecko) Chrome/58.0.3029.110 Safari/537.36',
  'accept' => 'text/html,application/xhtml+xml,application/xml;q=0.9,image/webp,*/*;q=0.8',
  'referer' => 'http://www.php.demo/admins.php/admins/Home/index',
  'accept-encoding' => 'gzip, deflate, sdch',
  'accept-language' => 'zh-CN,zh;q=0.8',
  'cookie' => 'pgv_pvi=3767784448; PHPSESSID=b3sa4j69es4ksgv39723vj4c56',
)
[ info ] [ PARAM ] array (
)
[ info ] [ SESSION ] INIT array (
  'id' => '',
  'var_session_id' => '',
  'prefix' => 'think',
  'type' => '',
  'auto_start' => true,
)
[ info ] [ RUN ] app\admins\controller\Roles->index[ D:\WWW\video\application\admins\controller\Roles.php ]
[ info ] [ DB ] INIT mysql
[ info ] [ VIEW ] D:\WWW\video\public/../application/admins\view\roles\index.html [ array (
  0 => 'admin',
  1 => 'data',
) ]
[ info ] [ LOG ] INIT File
[ sql ] [ DB ] CONNECT:[ UseTime:0.001000s ] mysql:host=127.0.0.1;dbname=video;charset=utf8
[ sql ] [ SQL ] SHOW COLUMNS FROM `admin_groups` [ RunTime:0.029002s ]
[ sql ] [ SQL ] SELECT * FROM `admin_groups` [ RunTime:0.000000s ]
---------------------------------------------------------------
[ 2018-08-14T21:44:56+08:00 ] 127.0.0.1 GET /admins.php/admins/Roles/add?gid=1
[ info ] www.php.demo/admins.php/admins/Roles/add?gid=1 [运行时间：0.142008s][吞吐率：7.04req/s] [内存消耗：2,303.80kb] [文件加载：44]
[ info ] [ LANG ] D:\WWW\video\thinkphp\lang\zh-cn.php
[ info ] [ ROUTE ] array (
  'type' => 'module',
  'module' => 
  array (
    0 => 'admins',
    1 => 'Roles',
    2 => 'add',
  ),
)
[ info ] [ HEADER ] array (
  'host' => 'www.php.demo',
  'connection' => 'keep-alive',
  'upgrade-insecure-requests' => '1',
  'user-agent' => 'Mozilla/5.0 (Windows NT 6.1; Win64; x64) AppleWebKit/537.36 (KHTML, like Gecko) Chrome/58.0.3029.110 Safari/537.36',
  'accept' => 'text/html,application/xhtml+xml,application/xml;q=0.9,image/webp,*/*;q=0.8',
  'referer' => 'http://www.php.demo/admins.php/admins/Roles/index',
  'accept-encoding' => 'gzip, deflate, sdch',
  'accept-language' => 'zh-CN,zh;q=0.8',
  'cookie' => 'pgv_pvi=3767784448; PHPSESSID=b3sa4j69es4ksgv39723vj4c56',
)
[ info ] [ PARAM ] array (
  'gid' => '1',
)
[ info ] [ SESSION ] INIT array (
  'id' => '',
  'var_session_id' => '',
  'prefix' => 'think',
  'type' => '',
  'auto_start' => true,
)
[ info ] [ RUN ] app\admins\controller\Roles->add[ D:\WWW\video\application\admins\controller\Roles.php ]
[ info ] [ DB ] INIT mysql
[ info ] [ VIEW ] D:\WWW\video\public/../application/admins\view\roles\add.html [ array (
  0 => 'admin',
  1 => 'role',
  2 => 'menus',
) ]
[ info ] [ LOG ] INIT File
[ sql ] [ DB ] CONNECT:[ UseTime:0.001000s ] mysql:host=127.0.0.1;dbname=video;charset=utf8
[ sql ] [ SQL ] SHOW COLUMNS FROM `admin_groups` [ RunTime:0.034001s ]
[ sql ] [ SQL ] SELECT * FROM `admin_groups` WHERE  `gid` = 1 LIMIT 1 [ RunTime:0.001000s ]
[ sql ] [ SQL ] SHOW COLUMNS FROM `admin_menus` [ RunTime:0.032001s ]
[ sql ] [ SQL ] SELECT * FROM `admin_menus` WHERE  `status` = 0 [ RunTime:0.001001s ]
---------------------------------------------------------------
[ 2018-08-14T21:45:06+08:00 ] 127.0.0.1 GET /admins.php/admins/Menu/index
[ info ] www.php.demo/admins.php/admins/Menu/index [运行时间：0.093005s][吞吐率：10.75req/s] [内存消耗：2,126.58kb] [文件加载：42]
[ info ] [ LANG ] D:\WWW\video\thinkphp\lang\zh-cn.php
[ info ] [ ROUTE ] array (
  'type' => 'module',
  'module' => 
  array (
    0 => 'admins',
    1 => 'Menu',
    2 => 'index',
  ),
)
[ info ] [ HEADER ] array (
  'host' => 'www.php.demo',
  'connection' => 'keep-alive',
  'upgrade-insecure-requests' => '1',
  'user-agent' => 'Mozilla/5.0 (Windows NT 6.1; Win64; x64) AppleWebKit/537.36 (KHTML, like Gecko) Chrome/58.0.3029.110 Safari/537.36',
  'accept' => 'text/html,application/xhtml+xml,application/xml;q=0.9,image/webp,*/*;q=0.8',
  'referer' => 'http://www.php.demo/admins.php/admins/Home/index',
  'accept-encoding' => 'gzip, deflate, sdch',
  'accept-language' => 'zh-CN,zh;q=0.8',
  'cookie' => 'pgv_pvi=3767784448; PHPSESSID=b3sa4j69es4ksgv39723vj4c56',
)
[ info ] [ PARAM ] array (
)
[ info ] [ SESSION ] INIT array (
  'id' => '',
  'var_session_id' => '',
  'prefix' => 'think',
  'type' => '',
  'auto_start' => true,
)
[ info ] [ RUN ] app\admins\controller\Menu->index[ D:\WWW\video\application\admins\controller\Menu.php ]
[ info ] [ DB ] INIT mysql
[ info ] [ VIEW ] D:\WWW\video\public/../application/admins\view\menu\index.html [ array (
  0 => 'admin',
  1 => 'pid',
  2 => 'backid',
  3 => 'data',
) ]
[ info ] [ LOG ] INIT File
[ sql ] [ DB ] CONNECT:[ UseTime:0.010000s ] mysql:host=127.0.0.1;dbname=video;charset=utf8
[ sql ] [ SQL ] SHOW COLUMNS FROM `admin_menus` [ RunTime:0.025002s ]
[ sql ] [ SQL ] SELECT * FROM `admin_menus` WHERE  `pid` = 0 [ RunTime:0.000000s ]
---------------------------------------------------------------
[ 2018-08-14T21:45:09+08:00 ] 127.0.0.1 GET /admins.php/admins/Admin/index
[ info ] www.php.demo/admins.php/admins/Admin/index [运行时间：0.188010s][吞吐率：5.32req/s] [内存消耗：2,131.06kb] [文件加载：42]
[ info ] [ LANG ] D:\WWW\video\thinkphp\lang\zh-cn.php
[ info ] [ ROUTE ] array (
  'type' => 'module',
  'module' => 
  array (
    0 => 'admins',
    1 => 'Admin',
    2 => 'index',
  ),
)
[ info ] [ HEADER ] array (
  'host' => 'www.php.demo',
  'connection' => 'keep-alive',
  'upgrade-insecure-requests' => '1',
  'user-agent' => 'Mozilla/5.0 (Windows NT 6.1; Win64; x64) AppleWebKit/537.36 (KHTML, like Gecko) Chrome/58.0.3029.110 Safari/537.36',
  'accept' => 'text/html,application/xhtml+xml,application/xml;q=0.9,image/webp,*/*;q=0.8',
  'referer' => 'http://www.php.demo/admins.php/admins/Home/index',
  'accept-encoding' => 'gzip, deflate, sdch',
  'accept-language' => 'zh-CN,zh;q=0.8',
  'cookie' => 'pgv_pvi=3767784448; PHPSESSID=b3sa4j69es4ksgv39723vj4c56',
)
[ info ] [ PARAM ] array (
)
[ info ] [ SESSION ] INIT array (
  'id' => '',
  'var_session_id' => '',
  'prefix' => 'think',
  'type' => '',
  'auto_start' => true,
)
[ info ] [ RUN ] app\admins\controller\Admin->index[ D:\WWW\video\application\admins\controller\Admin.php ]
[ info ] [ DB ] INIT mysql
[ info ] [ VIEW ] D:\WWW\video\public/../application/admins\view\admin\index.html [ array (
  0 => 'admin',
  1 => 'data',
) ]
[ info ] [ LOG ] INIT File
[ sql ] [ DB ] CONNECT:[ UseTime:0.010001s ] mysql:host=127.0.0.1;dbname=video;charset=utf8
[ sql ] [ SQL ] SHOW COLUMNS FROM `admins` [ RunTime:0.067004s ]
[ sql ] [ SQL ] SELECT * FROM `admins` [ RunTime:0.000000s ]
[ sql ] [ SQL ] SHOW COLUMNS FROM `admin_groups` [ RunTime:0.026001s ]
[ sql ] [ SQL ] SELECT * FROM `admin_groups` [ RunTime:0.000000s ]
---------------------------------------------------------------
[ 2018-08-14T21:45:11+08:00 ] 127.0.0.1 GET /admins.php/admins/Admin/add?id=undefined
[ info ] www.php.demo/admins.php/admins/Admin/add?id=undefined [运行时间：0.123007s][吞吐率：8.13req/s] [内存消耗：2,131.20kb] [文件加载：42]
[ info ] [ LANG ] D:\WWW\video\thinkphp\lang\zh-cn.php
[ info ] [ ROUTE ] array (
  'type' => 'module',
  'module' => 
  array (
    0 => 'admins',
    1 => 'Admin',
    2 => 'add',
  ),
)
[ info ] [ HEADER ] array (
  'host' => 'www.php.demo',
  'connection' => 'keep-alive',
  'upgrade-insecure-requests' => '1',
  'user-agent' => 'Mozilla/5.0 (Windows NT 6.1; Win64; x64) AppleWebKit/537.36 (KHTML, like Gecko) Chrome/58.0.3029.110 Safari/537.36',
  'accept' => 'text/html,application/xhtml+xml,application/xml;q=0.9,image/webp,*/*;q=0.8',
  'referer' => 'http://www.php.demo/admins.php/admins/Admin/index',
  'accept-encoding' => 'gzip, deflate, sdch',
  'accept-language' => 'zh-CN,zh;q=0.8',
  'cookie' => 'pgv_pvi=3767784448; PHPSESSID=b3sa4j69es4ksgv39723vj4c56',
)
[ info ] [ PARAM ] array (
  'id' => 'undefined',
)
[ info ] [ SESSION ] INIT array (
  'id' => '',
  'var_session_id' => '',
  'prefix' => 'think',
  'type' => '',
  'auto_start' => true,
)
[ info ] [ RUN ] app\admins\controller\Admin->add[ D:\WWW\video\application\admins\controller\Admin.php ]
[ info ] [ DB ] INIT mysql
[ info ] [ VIEW ] D:\WWW\video\public/../application/admins\view\admin\add.html [ array (
  0 => 'admin',
  1 => 'data',
) ]
[ info ] [ LOG ] INIT File
[ sql ] [ DB ] CONNECT:[ UseTime:0.001000s ] mysql:host=127.0.0.1;dbname=video;charset=utf8
[ sql ] [ SQL ] SHOW COLUMNS FROM `admins` [ RunTime:0.033002s ]
[ sql ] [ SQL ] SELECT * FROM `admins` WHERE  `id` = 0 LIMIT 1 [ RunTime:0.001000s ]
[ sql ] [ SQL ] SHOW COLUMNS FROM `admin_groups` [ RunTime:0.031002s ]
[ sql ] [ SQL ] SELECT * FROM `admin_groups` [ RunTime:0.001000s ]
---------------------------------------------------------------
[ 2018-08-14T21:45:13+08:00 ] 127.0.0.1 GET /admins.php/admins/Admin/add?id=1
[ info ] www.php.demo/admins.php/admins/Admin/add?id=1 [运行时间：0.121007s][吞吐率：8.26req/s] [内存消耗：2,131.94kb] [文件加载：42]
[ info ] [ LANG ] D:\WWW\video\thinkphp\lang\zh-cn.php
[ info ] [ ROUTE ] array (
  'type' => 'module',
  'module' => 
  array (
    0 => 'admins',
    1 => 'Admin',
    2 => 'add',
  ),
)
[ info ] [ HEADER ] array (
  'host' => 'www.php.demo',
  'connection' => 'keep-alive',
  'upgrade-insecure-requests' => '1',
  'user-agent' => 'Mozilla/5.0 (Windows NT 6.1; Win64; x64) AppleWebKit/537.36 (KHTML, like Gecko) Chrome/58.0.3029.110 Safari/537.36',
  'accept' => 'text/html,application/xhtml+xml,application/xml;q=0.9,image/webp,*/*;q=0.8',
  'referer' => 'http://www.php.demo/admins.php/admins/Admin/index',
  'accept-encoding' => 'gzip, deflate, sdch',
  'accept-language' => 'zh-CN,zh;q=0.8',
  'cookie' => 'pgv_pvi=3767784448; PHPSESSID=b3sa4j69es4ksgv39723vj4c56',
)
[ info ] [ PARAM ] array (
  'id' => '1',
)
[ info ] [ SESSION ] INIT array (
  'id' => '',
  'var_session_id' => '',
  'prefix' => 'think',
  'type' => '',
  'auto_start' => true,
)
[ info ] [ RUN ] app\admins\controller\Admin->add[ D:\WWW\video\application\admins\controller\Admin.php ]
[ info ] [ DB ] INIT mysql
[ info ] [ VIEW ] D:\WWW\video\public/../application/admins\view\admin\add.html [ array (
  0 => 'admin',
  1 => 'data',
) ]
[ info ] [ LOG ] INIT File
[ sql ] [ DB ] CONNECT:[ UseTime:0.001000s ] mysql:host=127.0.0.1;dbname=video;charset=utf8
[ sql ] [ SQL ] SHOW COLUMNS FROM `admins` [ RunTime:0.027002s ]
[ sql ] [ SQL ] SELECT * FROM `admins` WHERE  `id` = 1 LIMIT 1 [ RunTime:0.001000s ]
[ sql ] [ SQL ] SHOW COLUMNS FROM `admin_groups` [ RunTime:0.030002s ]
[ sql ] [ SQL ] SELECT * FROM `admin_groups` [ RunTime:0.001000s ]
---------------------------------------------------------------
[ 2018-08-14T21:45:18+08:00 ] 127.0.0.1 GET /admins.php/admins/Admin/add?id=18
[ info ] www.php.demo/admins.php/admins/Admin/add?id=18 [运行时间：0.133008s][吞吐率：7.52req/s] [内存消耗：2,131.96kb] [文件加载：42]
[ info ] [ LANG ] D:\WWW\video\thinkphp\lang\zh-cn.php
[ info ] [ ROUTE ] array (
  'type' => 'module',
  'module' => 
  array (
    0 => 'admins',
    1 => 'Admin',
    2 => 'add',
  ),
)
[ info ] [ HEADER ] array (
  'host' => 'www.php.demo',
  'connection' => 'keep-alive',
  'upgrade-insecure-requests' => '1',
  'user-agent' => 'Mozilla/5.0 (Windows NT 6.1; Win64; x64) AppleWebKit/537.36 (KHTML, like Gecko) Chrome/58.0.3029.110 Safari/537.36',
  'accept' => 'text/html,application/xhtml+xml,application/xml;q=0.9,image/webp,*/*;q=0.8',
  'referer' => 'http://www.php.demo/admins.php/admins/Admin/index',
  'accept-encoding' => 'gzip, deflate, sdch',
  'accept-language' => 'zh-CN,zh;q=0.8',
  'cookie' => 'pgv_pvi=3767784448; PHPSESSID=b3sa4j69es4ksgv39723vj4c56',
)
[ info ] [ PARAM ] array (
  'id' => '18',
)
[ info ] [ SESSION ] INIT array (
  'id' => '',
  'var_session_id' => '',
  'prefix' => 'think',
  'type' => '',
  'auto_start' => true,
)
[ info ] [ RUN ] app\admins\controller\Admin->add[ D:\WWW\video\application\admins\controller\Admin.php ]
[ info ] [ DB ] INIT mysql
[ info ] [ VIEW ] D:\WWW\video\public/../application/admins\view\admin\add.html [ array (
  0 => 'admin',
  1 => 'data',
) ]
[ info ] [ LOG ] INIT File
[ sql ] [ DB ] CONNECT:[ UseTime:0.001000s ] mysql:host=127.0.0.1;dbname=video;charset=utf8
[ sql ] [ SQL ] SHOW COLUMNS FROM `admins` [ RunTime:0.035002s ]
[ sql ] [ SQL ] SELECT * FROM `admins` WHERE  `id` = 18 LIMIT 1 [ RunTime:0.001000s ]
[ sql ] [ SQL ] SHOW COLUMNS FROM `admin_groups` [ RunTime:0.030002s ]
[ sql ] [ SQL ] SELECT * FROM `admin_groups` [ RunTime:0.000000s ]
---------------------------------------------------------------
[ 2018-08-14T21:45:20+08:00 ] 127.0.0.1 GET /admins.php/admins/Roles/index
[ info ] www.php.demo/admins.php/admins/Roles/index [运行时间：0.101006s][吞吐率：9.90req/s] [内存消耗：2,121.41kb] [文件加载：42]
[ info ] [ LANG ] D:\WWW\video\thinkphp\lang\zh-cn.php
[ info ] [ ROUTE ] array (
  'type' => 'module',
  'module' => 
  array (
    0 => 'admins',
    1 => 'Roles',
    2 => 'index',
  ),
)
[ info ] [ HEADER ] array (
  'host' => 'www.php.demo',
  'connection' => 'keep-alive',
  'upgrade-insecure-requests' => '1',
  'user-agent' => 'Mozilla/5.0 (Windows NT 6.1; Win64; x64) AppleWebKit/537.36 (KHTML, like Gecko) Chrome/58.0.3029.110 Safari/537.36',
  'accept' => 'text/html,application/xhtml+xml,application/xml;q=0.9,image/webp,*/*;q=0.8',
  'referer' => 'http://www.php.demo/admins.php/admins/Home/index',
  'accept-encoding' => 'gzip, deflate, sdch',
  'accept-language' => 'zh-CN,zh;q=0.8',
  'cookie' => 'pgv_pvi=3767784448; PHPSESSID=b3sa4j69es4ksgv39723vj4c56',
)
[ info ] [ PARAM ] array (
)
[ info ] [ SESSION ] INIT array (
  'id' => '',
  'var_session_id' => '',
  'prefix' => 'think',
  'type' => '',
  'auto_start' => true,
)
[ info ] [ RUN ] app\admins\controller\Roles->index[ D:\WWW\video\application\admins\controller\Roles.php ]
[ info ] [ DB ] INIT mysql
[ info ] [ VIEW ] D:\WWW\video\public/../application/admins\view\roles\index.html [ array (
  0 => 'admin',
  1 => 'data',
) ]
[ info ] [ LOG ] INIT File
[ sql ] [ DB ] CONNECT:[ UseTime:0.011001s ] mysql:host=127.0.0.1;dbname=video;charset=utf8
[ sql ] [ SQL ] SHOW COLUMNS FROM `admin_groups` [ RunTime:0.031002s ]
[ sql ] [ SQL ] SELECT * FROM `admin_groups` [ RunTime:0.001000s ]
---------------------------------------------------------------
[ 2018-08-14T21:45:22+08:00 ] 127.0.0.1 GET /admins.php/admins/Roles/add?gid=1
[ info ] www.php.demo/admins.php/admins/Roles/add?gid=1 [运行时间：0.127007s][吞吐率：7.87req/s] [内存消耗：2,159.08kb] [文件加载：42]
[ info ] [ LANG ] D:\WWW\video\thinkphp\lang\zh-cn.php
[ info ] [ ROUTE ] array (
  'type' => 'module',
  'module' => 
  array (
    0 => 'admins',
    1 => 'Roles',
    2 => 'add',
  ),
)
[ info ] [ HEADER ] array (
  'host' => 'www.php.demo',
  'connection' => 'keep-alive',
  'upgrade-insecure-requests' => '1',
  'user-agent' => 'Mozilla/5.0 (Windows NT 6.1; Win64; x64) AppleWebKit/537.36 (KHTML, like Gecko) Chrome/58.0.3029.110 Safari/537.36',
  'accept' => 'text/html,application/xhtml+xml,application/xml;q=0.9,image/webp,*/*;q=0.8',
  'referer' => 'http://www.php.demo/admins.php/admins/Roles/index',
  'accept-encoding' => 'gzip, deflate, sdch',
  'accept-language' => 'zh-CN,zh;q=0.8',
  'cookie' => 'pgv_pvi=3767784448; PHPSESSID=b3sa4j69es4ksgv39723vj4c56',
)
[ info ] [ PARAM ] array (
  'gid' => '1',
)
[ info ] [ SESSION ] INIT array (
  'id' => '',
  'var_session_id' => '',
  'prefix' => 'think',
  'type' => '',
  'auto_start' => true,
)
[ info ] [ RUN ] app\admins\controller\Roles->add[ D:\WWW\video\application\admins\controller\Roles.php ]
[ info ] [ DB ] INIT mysql
[ info ] [ VIEW ] D:\WWW\video\public/../application/admins\view\roles\add.html [ array (
  0 => 'admin',
  1 => 'role',
  2 => 'menus',
) ]
[ info ] [ LOG ] INIT File
[ sql ] [ DB ] CONNECT:[ UseTime:0.001000s ] mysql:host=127.0.0.1;dbname=video;charset=utf8
[ sql ] [ SQL ] SHOW COLUMNS FROM `admin_groups` [ RunTime:0.032002s ]
[ sql ] [ SQL ] SELECT * FROM `admin_groups` WHERE  `gid` = 1 LIMIT 1 [ RunTime:0.002000s ]
[ sql ] [ SQL ] SHOW COLUMNS FROM `admin_menus` [ RunTime:0.034002s ]
[ sql ] [ SQL ] SELECT * FROM `admin_menus` WHERE  `status` = 0 [ RunTime:0.001000s ]
---------------------------------------------------------------
[ 2018-08-14T21:45:25+08:00 ] 127.0.0.1 GET /admins.php/admins/Roles/add?gid=2
[ info ] www.php.demo/admins.php/admins/Roles/add?gid=2 [运行时间：0.118007s][吞吐率：8.47req/s] [内存消耗：2,157.02kb] [文件加载：42]
[ info ] [ LANG ] D:\WWW\video\thinkphp\lang\zh-cn.php
[ info ] [ ROUTE ] array (
  'type' => 'module',
  'module' => 
  array (
    0 => 'admins',
    1 => 'Roles',
    2 => 'add',
  ),
)
[ info ] [ HEADER ] array (
  'host' => 'www.php.demo',
  'connection' => 'keep-alive',
  'upgrade-insecure-requests' => '1',
  'user-agent' => 'Mozilla/5.0 (Windows NT 6.1; Win64; x64) AppleWebKit/537.36 (KHTML, like Gecko) Chrome/58.0.3029.110 Safari/537.36',
  'accept' => 'text/html,application/xhtml+xml,application/xml;q=0.9,image/webp,*/*;q=0.8',
  'referer' => 'http://www.php.demo/admins.php/admins/Roles/index',
  'accept-encoding' => 'gzip, deflate, sdch',
  'accept-language' => 'zh-CN,zh;q=0.8',
  'cookie' => 'pgv_pvi=3767784448; PHPSESSID=b3sa4j69es4ksgv39723vj4c56',
)
[ info ] [ PARAM ] array (
  'gid' => '2',
)
[ info ] [ SESSION ] INIT array (
  'id' => '',
  'var_session_id' => '',
  'prefix' => 'think',
  'type' => '',
  'auto_start' => true,
)
[ info ] [ RUN ] app\admins\controller\Roles->add[ D:\WWW\video\application\admins\controller\Roles.php ]
[ info ] [ DB ] INIT mysql
[ info ] [ VIEW ] D:\WWW\video\public/../application/admins\view\roles\add.html [ array (
  0 => 'admin',
  1 => 'role',
  2 => 'menus',
) ]
[ info ] [ LOG ] INIT File
[ sql ] [ DB ] CONNECT:[ UseTime:0.001000s ] mysql:host=127.0.0.1;dbname=video;charset=utf8
[ sql ] [ SQL ] SHOW COLUMNS FROM `admin_groups` [ RunTime:0.026001s ]
[ sql ] [ SQL ] SELECT * FROM `admin_groups` WHERE  `gid` = 2 LIMIT 1 [ RunTime:0.001000s ]
[ sql ] [ SQL ] SHOW COLUMNS FROM `admin_menus` [ RunTime:0.022002s ]
[ sql ] [ SQL ] SELECT * FROM `admin_menus` WHERE  `status` = 0 [ RunTime:0.000000s ]
---------------------------------------------------------------
[ 2018-08-14T21:45:30+08:00 ] 127.0.0.1 GET /admins.php/admins/Admin/index
[ info ] www.php.demo/admins.php/admins/Admin/index [运行时间：0.125007s][吞吐率：8.00req/s] [内存消耗：2,131.06kb] [文件加载：42]
[ info ] [ LANG ] D:\WWW\video\thinkphp\lang\zh-cn.php
[ info ] [ ROUTE ] array (
  'type' => 'module',
  'module' => 
  array (
    0 => 'admins',
    1 => 'Admin',
    2 => 'index',
  ),
)
[ info ] [ HEADER ] array (
  'host' => 'www.php.demo',
  'connection' => 'keep-alive',
  'upgrade-insecure-requests' => '1',
  'user-agent' => 'Mozilla/5.0 (Windows NT 6.1; Win64; x64) AppleWebKit/537.36 (KHTML, like Gecko) Chrome/58.0.3029.110 Safari/537.36',
  'accept' => 'text/html,application/xhtml+xml,application/xml;q=0.9,image/webp,*/*;q=0.8',
  'referer' => 'http://www.php.demo/admins.php/admins/Home/index',
  'accept-encoding' => 'gzip, deflate, sdch',
  'accept-language' => 'zh-CN,zh;q=0.8',
  'cookie' => 'pgv_pvi=3767784448; PHPSESSID=b3sa4j69es4ksgv39723vj4c56',
)
[ info ] [ PARAM ] array (
)
[ info ] [ SESSION ] INIT array (
  'id' => '',
  'var_session_id' => '',
  'prefix' => 'think',
  'type' => '',
  'auto_start' => true,
)
[ info ] [ RUN ] app\admins\controller\Admin->index[ D:\WWW\video\application\admins\controller\Admin.php ]
[ info ] [ DB ] INIT mysql
[ info ] [ VIEW ] D:\WWW\video\public/../application/admins\view\admin\index.html [ array (
  0 => 'admin',
  1 => 'data',
) ]
[ info ] [ LOG ] INIT File
[ sql ] [ DB ] CONNECT:[ UseTime:0.002000s ] mysql:host=127.0.0.1;dbname=video;charset=utf8
[ sql ] [ SQL ] SHOW COLUMNS FROM `admins` [ RunTime:0.026002s ]
[ sql ] [ SQL ] SELECT * FROM `admins` [ RunTime:0.001000s ]
[ sql ] [ SQL ] SHOW COLUMNS FROM `admin_groups` [ RunTime:0.029002s ]
[ sql ] [ SQL ] SELECT * FROM `admin_groups` [ RunTime:0.000000s ]
---------------------------------------------------------------
[ 2018-08-14T21:45:31+08:00 ] 127.0.0.1 GET /admins.php/admins/labels/charge
[ info ] www.php.demo/admins.php/admins/labels/charge [运行时间：0.101006s][吞吐率：9.90req/s] [内存消耗：2,118.87kb] [文件加载：42]
[ info ] [ LANG ] D:\WWW\video\thinkphp\lang\zh-cn.php
[ info ] [ ROUTE ] array (
  'type' => 'module',
  'module' => 
  array (
    0 => 'admins',
    1 => 'labels',
    2 => 'charge',
  ),
)
[ info ] [ HEADER ] array (
  'host' => 'www.php.demo',
  'connection' => 'keep-alive',
  'upgrade-insecure-requests' => '1',
  'user-agent' => 'Mozilla/5.0 (Windows NT 6.1; Win64; x64) AppleWebKit/537.36 (KHTML, like Gecko) Chrome/58.0.3029.110 Safari/537.36',
  'accept' => 'text/html,application/xhtml+xml,application/xml;q=0.9,image/webp,*/*;q=0.8',
  'referer' => 'http://www.php.demo/admins.php/admins/Home/index',
  'accept-encoding' => 'gzip, deflate, sdch',
  'accept-language' => 'zh-CN,zh;q=0.8',
  'cookie' => 'pgv_pvi=3767784448; PHPSESSID=b3sa4j69es4ksgv39723vj4c56',
)
[ info ] [ PARAM ] array (
)
[ info ] [ SESSION ] INIT array (
  'id' => '',
  'var_session_id' => '',
  'prefix' => 'think',
  'type' => '',
  'auto_start' => true,
)
[ info ] [ RUN ] app\admins\controller\Labels->charge[ D:\WWW\video\application\admins\controller\Labels.php ]
[ info ] [ DB ] INIT mysql
[ info ] [ VIEW ] D:\WWW\video\public/../application/admins\view\labels\charge.html [ array (
  0 => 'admin',
  1 => 'data',
) ]
[ info ] [ LOG ] INIT File
[ sql ] [ DB ] CONNECT:[ UseTime:0.002000s ] mysql:host=127.0.0.1;dbname=video;charset=utf8
[ sql ] [ SQL ] SHOW COLUMNS FROM `video_label` [ RunTime:0.026001s ]
[ sql ] [ SQL ] SELECT * FROM `video_label` WHERE  `flag` = 'charge' [ RunTime:0.000000s ]
---------------------------------------------------------------
[ 2018-08-14T21:46:29+08:00 ] 127.0.0.1 GET /admins.php/admins/Menu/index
[ info ] www.php.demo/admins.php/admins/Menu/index [运行时间：0.105006s][吞吐率：9.52req/s] [内存消耗：2,126.58kb] [文件加载：42]
[ info ] [ LANG ] D:\WWW\video\thinkphp\lang\zh-cn.php
[ info ] [ ROUTE ] array (
  'type' => 'module',
  'module' => 
  array (
    0 => 'admins',
    1 => 'Menu',
    2 => 'index',
  ),
)
[ info ] [ HEADER ] array (
  'host' => 'www.php.demo',
  'connection' => 'keep-alive',
  'upgrade-insecure-requests' => '1',
  'user-agent' => 'Mozilla/5.0 (Windows NT 6.1; Win64; x64) AppleWebKit/537.36 (KHTML, like Gecko) Chrome/58.0.3029.110 Safari/537.36',
  'accept' => 'text/html,application/xhtml+xml,application/xml;q=0.9,image/webp,*/*;q=0.8',
  'referer' => 'http://www.php.demo/admins.php/admins/Home/index',
  'accept-encoding' => 'gzip, deflate, sdch',
  'accept-language' => 'zh-CN,zh;q=0.8',
  'cookie' => 'pgv_pvi=3767784448; PHPSESSID=b3sa4j69es4ksgv39723vj4c56',
)
[ info ] [ PARAM ] array (
)
[ info ] [ SESSION ] INIT array (
  'id' => '',
  'var_session_id' => '',
  'prefix' => 'think',
  'type' => '',
  'auto_start' => true,
)
[ info ] [ RUN ] app\admins\controller\Menu->index[ D:\WWW\video\application\admins\controller\Menu.php ]
[ info ] [ DB ] INIT mysql
[ info ] [ VIEW ] D:\WWW\video\public/../application/admins\view\menu\index.html [ array (
  0 => 'admin',
  1 => 'pid',
  2 => 'backid',
  3 => 'data',
) ]
[ info ] [ LOG ] INIT File
[ sql ] [ DB ] CONNECT:[ UseTime:0.002000s ] mysql:host=127.0.0.1;dbname=video;charset=utf8
[ sql ] [ SQL ] SHOW COLUMNS FROM `admin_menus` [ RunTime:0.035002s ]
[ sql ] [ SQL ] SELECT * FROM `admin_menus` WHERE  `pid` = 0 [ RunTime:0.001000s ]
