---------------------------------------------------------------
[ 2018-08-21T09:16:16+08:00 ] 127.0.0.1 GET /
[ info ] www.php.demo/ [运行时间：6.164352s][吞吐率：0.16req/s] [内存消耗：3,259.76kb] [文件加载：51]
[ info ] [ LANG ] D:\WWW\video\thinkphp\lang\zh-cn.php
[ info ] [ ROUTE ] array (
  'type' => 'module',
  'module' => 
  array (
    0 => '',
    1 => NULL,
    2 => NULL,
  ),
)
[ info ] [ HEADER ] array (
  'host' => 'www.php.demo',
  'connection' => 'keep-alive',
  'upgrade-insecure-requests' => '1',
  'user-agent' => 'Mozilla/5.0 (Windows NT 6.1) AppleWebKit/537.36 (KHTML, like Gecko) Chrome/67.0.3396.99 Safari/537.36',
  'accept' => 'text/html,application/xhtml+xml,application/xml;q=0.9,image/webp,image/apng,*/*;q=0.8',
  'accept-encoding' => 'gzip, deflate',
  'accept-language' => 'zh-CN,zh;q=0.9',
  'cookie' => 'pgv_pvi=2855161856; Hm_lvt_53b7374a63c37483e5dd97d78d9bb36e=1534729061; __uuid=f6410b88-f434-7f88-d485-5d1e1433ebcc; QC006=qfazk7i7ik18t44emf294t7c; QC008=1534729068.1534729068.1534729068.1; __dfp=a0ea350ca967c7497b9cb85dbdbda052b8997c44232b81119c8ecf84514dacaf45@1536025068652@1534729068652',
)
[ info ] [ PARAM ] array (
)
[ info ] [ RUN ] app\index\controller\Index->index[ D:\WWW\video\application\index\controller\Index.php ]
[ info ] [ DB ] INIT mysql
[ info ] [ VIEW ] D:\WWW\video\public/../application/index\view\index\index.html [ array (
  0 => 'data',
) ]
[ info ] [ LOG ] INIT File
[ sql ] [ DB ] CONNECT:[ UseTime:0.013001s ] mysql:host=127.0.0.1;dbname=video;charset=utf8
[ sql ] [ SQL ] SHOW COLUMNS FROM `slide` [ RunTime:0.111006s ]
[ sql ] [ SQL ] SELECT * FROM `slide` WHERE  `type` = 0 [ RunTime:0.028002s ]
---------------------------------------------------------------
[ 2018-08-21T09:17:13+08:00 ] 127.0.0.1 GET /admins.php/admins/Account/login
[ info ] www.php.demo/admins.php/admins/Account/login [运行时间：0.417024s][吞吐率：2.40req/s] [内存消耗：1,651.35kb] [文件加载：44]
[ info ] [ LANG ] D:\WWW\video\thinkphp\lang\zh-cn.php
[ info ] [ ROUTE ] array (
  'type' => 'module',
  'module' => 
  array (
    0 => 'admins',
    1 => 'Account',
    2 => 'login',
  ),
)
[ info ] [ HEADER ] array (
  'host' => 'www.php.demo',
  'connection' => 'keep-alive',
  'upgrade-insecure-requests' => '1',
  'user-agent' => 'Mozilla/5.0 (Windows NT 6.1) AppleWebKit/537.36 (KHTML, like Gecko) Chrome/67.0.3396.99 Safari/537.36',
  'accept' => 'text/html,application/xhtml+xml,application/xml;q=0.9,image/webp,image/apng,*/*;q=0.8',
  'accept-encoding' => 'gzip, deflate',
  'accept-language' => 'zh-CN,zh;q=0.9',
  'cookie' => 'pgv_pvi=2855161856; __uuid=f6410b88-f434-7f88-d485-5d1e1433ebcc; QC006=qfazk7i7ik18t44emf294t7c; Hm_lvt_53b7374a63c37483e5dd97d78d9bb36e=1534729061,1534814179; Hm_lpvt_53b7374a63c37483e5dd97d78d9bb36e=1534814179; QC007=DIRECT; QC008=1534729068.1534729068.1534814179.2; nu=0; QC010=197503084; __dfp=a0ea350ca967c7497b9cb85dbdbda052b8997c44232b81119c8ecf84514dacaf45@1536025068652@1534729068652',
)
[ info ] [ PARAM ] array (
)
[ info ] [ RUN ] app\admins\controller\Account->login[ D:\WWW\video\application\admins\controller\Account.php ]
[ info ] [ VIEW ] D:\WWW\video\public/../application/admins\view\account\login.html [ array (
) ]
[ info ] [ LOG ] INIT File
---------------------------------------------------------------
[ 2018-08-21T09:17:18+08:00 ] 127.0.0.1 GET /admins.php/captcha.html
[ info ] www.php.demo/admins.php/captcha.html [运行时间：1.280073s][吞吐率：0.78req/s] [内存消耗：1,361.95kb] [文件加载：37]
[ info ] [ LANG ] D:\WWW\video\thinkphp\lang\zh-cn.php
[ info ] [ ROUTE ] array (
  'type' => 'method',
  'method' => 
  array (
    0 => '\\think\\captcha\\CaptchaController',
    1 => 'index',
  ),
  'var' => 
  array (
  ),
)
[ info ] [ HEADER ] array (
  'host' => 'www.php.demo',
  'connection' => 'keep-alive',
  'user-agent' => 'Mozilla/5.0 (Windows NT 6.1) AppleWebKit/537.36 (KHTML, like Gecko) Chrome/67.0.3396.99 Safari/537.36',
  'accept' => 'image/webp,image/apng,image/*,*/*;q=0.8',
  'referer' => 'http://www.php.demo/admins.php/admins/Account/login',
  'accept-encoding' => 'gzip, deflate',
  'accept-language' => 'zh-CN,zh;q=0.9',
  'cookie' => 'pgv_pvi=2855161856; __uuid=f6410b88-f434-7f88-d485-5d1e1433ebcc; QC006=qfazk7i7ik18t44emf294t7c; Hm_lvt_53b7374a63c37483e5dd97d78d9bb36e=1534729061,1534814179; Hm_lpvt_53b7374a63c37483e5dd97d78d9bb36e=1534814179; QC007=DIRECT; QC008=1534729068.1534729068.1534814179.2; nu=0; QC010=197503084; __dfp=a0ea350ca967c7497b9cb85dbdbda052b8997c44232b81119c8ecf84514dacaf45@1536025068652@1534729068652',
)
[ info ] [ PARAM ] array (
  'id' => NULL,
)
[ info ] [ RUN ] think\captcha\CaptchaController->index[ D:\WWW\video\vendor\topthink\think-captcha\src\CaptchaController.php ]
[ info ] [ SESSION ] INIT array (
  'id' => '',
  'var_session_id' => '',
  'prefix' => 'think',
  'type' => '',
  'auto_start' => true,
)
[ info ] [ LOG ] INIT File
---------------------------------------------------------------
[ 2018-08-21T09:17:26+08:00 ] 127.0.0.1 POST /admins.php/admins/account/dologin
[ info ] www.php.demo/admins.php/admins/account/dologin [运行时间：0.311018s][吞吐率：3.22req/s] [内存消耗：2,340.89kb] [文件加载：49]
[ info ] [ LANG ] D:\WWW\video\thinkphp\lang\zh-cn.php
[ info ] [ ROUTE ] array (
  'type' => 'module',
  'module' => 
  array (
    0 => 'admins',
    1 => 'account',
    2 => 'dologin',
  ),
)
[ info ] [ HEADER ] array (
  'host' => 'www.php.demo',
  'connection' => 'keep-alive',
  'content-length' => '56',
  'accept' => 'application/json, text/javascript, */*; q=0.01',
  'origin' => 'http://www.php.demo',
  'x-requested-with' => 'XMLHttpRequest',
  'user-agent' => 'Mozilla/5.0 (Windows NT 6.1) AppleWebKit/537.36 (KHTML, like Gecko) Chrome/67.0.3396.99 Safari/537.36',
  'content-type' => 'application/x-www-form-urlencoded; charset=UTF-8',
  'referer' => 'http://www.php.demo/admins.php/admins/Account/login',
  'accept-encoding' => 'gzip, deflate',
  'accept-language' => 'zh-CN,zh;q=0.9',
  'cookie' => 'pgv_pvi=2855161856; __uuid=f6410b88-f434-7f88-d485-5d1e1433ebcc; QC006=qfazk7i7ik18t44emf294t7c; Hm_lvt_53b7374a63c37483e5dd97d78d9bb36e=1534729061,1534814179; Hm_lpvt_53b7374a63c37483e5dd97d78d9bb36e=1534814179; QC007=DIRECT; QC008=1534729068.1534729068.1534814179.2; nu=0; QC010=197503084; __dfp=a0ea350ca967c7497b9cb85dbdbda052b8997c44232b81119c8ecf84514dacaf45@1536025068652@1534729068652; PHPSESSID=qr6fe9reghf8mvdqmqejoq6ft5',
)
[ info ] [ PARAM ] array (
  'username' => '陈冰清',
  'pwd' => '1',
  'verifycode' => 'we',
)
[ info ] [ RUN ] app\admins\controller\Account->dologin[ D:\WWW\video\application\admins\controller\Account.php ]
[ info ] [ DB ] INIT mysql
[ info ] [ SESSION ] INIT array (
  'id' => '',
  'var_session_id' => '',
  'prefix' => 'think',
  'type' => '',
  'auto_start' => true,
)
[ info ] [ LOG ] INIT File
[ sql ] [ DB ] CONNECT:[ UseTime:0.008001s ] mysql:host=127.0.0.1;dbname=video;charset=utf8
[ sql ] [ SQL ] SHOW COLUMNS FROM `admins` [ RunTime:0.093006s ]
[ sql ] [ SQL ] SELECT * FROM `admins` WHERE  `username` = '陈冰清' LIMIT 1 [ RunTime:0.007000s ]
---------------------------------------------------------------
[ 2018-08-21T09:17:28+08:00 ] 127.0.0.1 GET /admins.php/admins/Home/index
[ info ] www.php.demo/admins.php/admins/Home/index [运行时间：0.738042s][吞吐率：1.35req/s] [内存消耗：2,405.67kb] [文件加载：52]
[ info ] [ LANG ] D:\WWW\video\thinkphp\lang\zh-cn.php
[ info ] [ ROUTE ] array (
  'type' => 'module',
  'module' => 
  array (
    0 => 'admins',
    1 => 'Home',
    2 => 'index',
  ),
)
[ info ] [ HEADER ] array (
  'host' => 'www.php.demo',
  'connection' => 'keep-alive',
  'upgrade-insecure-requests' => '1',
  'user-agent' => 'Mozilla/5.0 (Windows NT 6.1) AppleWebKit/537.36 (KHTML, like Gecko) Chrome/67.0.3396.99 Safari/537.36',
  'accept' => 'text/html,application/xhtml+xml,application/xml;q=0.9,image/webp,image/apng,*/*;q=0.8',
  'referer' => 'http://www.php.demo/admins.php/admins/Account/login',
  'accept-encoding' => 'gzip, deflate',
  'accept-language' => 'zh-CN,zh;q=0.9',
  'cookie' => 'pgv_pvi=2855161856; __uuid=f6410b88-f434-7f88-d485-5d1e1433ebcc; QC006=qfazk7i7ik18t44emf294t7c; Hm_lvt_53b7374a63c37483e5dd97d78d9bb36e=1534729061,1534814179; Hm_lpvt_53b7374a63c37483e5dd97d78d9bb36e=1534814179; QC007=DIRECT; QC008=1534729068.1534729068.1534814179.2; nu=0; QC010=197503084; __dfp=a0ea350ca967c7497b9cb85dbdbda052b8997c44232b81119c8ecf84514dacaf45@1536025068652@1534729068652; PHPSESSID=qr6fe9reghf8mvdqmqejoq6ft5',
)
[ info ] [ PARAM ] array (
)
[ info ] [ SESSION ] INIT array (
  'id' => '',
  'var_session_id' => '',
  'prefix' => 'think',
  'type' => '',
  'auto_start' => true,
)
[ info ] [ RUN ] app\admins\controller\Home->index[ D:\WWW\video\application\admins\controller\Home.php ]
[ info ] [ DB ] INIT mysql
[ info ] [ VIEW ] D:\WWW\video\public/../application/admins\view\home\index.html [ array (
  0 => 'admin',
  1 => 'site',
  2 => 'role',
  3 => 'menus',
) ]
[ info ] [ LOG ] INIT File
[ sql ] [ DB ] CONNECT:[ UseTime:0.003000s ] mysql:host=127.0.0.1;dbname=video;charset=utf8
[ sql ] [ SQL ] SHOW COLUMNS FROM `admin_groups` [ RunTime:0.146008s ]
[ sql ] [ SQL ] SELECT * FROM `admin_groups` WHERE  `gid` = 1 LIMIT 1 [ RunTime:0.002000s ]
[ sql ] [ SQL ] SHOW COLUMNS FROM `admin_menus` [ RunTime:0.056003s ]
[ sql ] [ SQL ] SELECT * FROM `admin_menus` WHERE  (  mid in(1,4,9,5,6,2,12,13,3,10,11,14,15,16,17,19,20,21,22,23,27,29,28) and ishidden=0 and status=0 ) [ RunTime:0.019001s ]
[ sql ] [ SQL ] SHOW COLUMNS FROM `sites` [ RunTime:0.049003s ]
[ sql ] [ SQL ] SELECT * FROM `sites` WHERE  `names` = 'site' LIMIT 1 [ RunTime:0.001000s ]
---------------------------------------------------------------
[ 2018-08-21T09:17:28+08:00 ] 127.0.0.1 GET /admins.php/admins/Home/welcome
[ info ] www.php.demo/admins.php/admins/Home/welcome [运行时间：0.090005s][吞吐率：11.11req/s] [内存消耗：1,616.29kb] [文件加载：45]
[ info ] [ LANG ] D:\WWW\video\thinkphp\lang\zh-cn.php
[ info ] [ ROUTE ] array (
  'type' => 'module',
  'module' => 
  array (
    0 => 'admins',
    1 => 'Home',
    2 => 'welcome',
  ),
)
[ info ] [ HEADER ] array (
  'host' => 'www.php.demo',
  'connection' => 'keep-alive',
  'upgrade-insecure-requests' => '1',
  'user-agent' => 'Mozilla/5.0 (Windows NT 6.1) AppleWebKit/537.36 (KHTML, like Gecko) Chrome/67.0.3396.99 Safari/537.36',
  'accept' => 'text/html,application/xhtml+xml,application/xml;q=0.9,image/webp,image/apng,*/*;q=0.8',
  'referer' => 'http://www.php.demo/admins.php/admins/Home/index',
  'accept-encoding' => 'gzip, deflate',
  'accept-language' => 'zh-CN,zh;q=0.9',
  'cookie' => 'pgv_pvi=2855161856; __uuid=f6410b88-f434-7f88-d485-5d1e1433ebcc; QC006=qfazk7i7ik18t44emf294t7c; Hm_lvt_53b7374a63c37483e5dd97d78d9bb36e=1534729061,1534814179; Hm_lpvt_53b7374a63c37483e5dd97d78d9bb36e=1534814179; QC007=DIRECT; QC008=1534729068.1534729068.1534814179.2; nu=0; QC010=197503084; __dfp=a0ea350ca967c7497b9cb85dbdbda052b8997c44232b81119c8ecf84514dacaf45@1536025068652@1534729068652; PHPSESSID=qr6fe9reghf8mvdqmqejoq6ft5',
)
[ info ] [ PARAM ] array (
)
[ info ] [ SESSION ] INIT array (
  'id' => '',
  'var_session_id' => '',
  'prefix' => 'think',
  'type' => '',
  'auto_start' => true,
)
[ info ] [ RUN ] app\admins\controller\Home->welcome[ D:\WWW\video\application\admins\controller\Home.php ]
[ info ] [ VIEW ] D:\WWW\video\public/../application/admins\view\home\welcome.html [ array (
  0 => 'admin',
) ]
[ info ] [ LOG ] INIT File
---------------------------------------------------------------
[ 2018-08-21T09:17:31+08:00 ] 127.0.0.1 GET /admins.php/admins/Slide/index
[ info ] www.php.demo/admins.php/admins/Slide/index [运行时间：0.369021s][吞吐率：2.71req/s] [内存消耗：2,391.68kb] [文件加载：52]
[ info ] [ LANG ] D:\WWW\video\thinkphp\lang\zh-cn.php
[ info ] [ ROUTE ] array (
  'type' => 'module',
  'module' => 
  array (
    0 => 'admins',
    1 => 'Slide',
    2 => 'index',
  ),
)
[ info ] [ HEADER ] array (
  'host' => 'www.php.demo',
  'connection' => 'keep-alive',
  'upgrade-insecure-requests' => '1',
  'user-agent' => 'Mozilla/5.0 (Windows NT 6.1) AppleWebKit/537.36 (KHTML, like Gecko) Chrome/67.0.3396.99 Safari/537.36',
  'accept' => 'text/html,application/xhtml+xml,application/xml;q=0.9,image/webp,image/apng,*/*;q=0.8',
  'referer' => 'http://www.php.demo/admins.php/admins/Home/index',
  'accept-encoding' => 'gzip, deflate',
  'accept-language' => 'zh-CN,zh;q=0.9',
  'cookie' => 'pgv_pvi=2855161856; __uuid=f6410b88-f434-7f88-d485-5d1e1433ebcc; QC006=qfazk7i7ik18t44emf294t7c; Hm_lvt_53b7374a63c37483e5dd97d78d9bb36e=1534729061,1534814179; Hm_lpvt_53b7374a63c37483e5dd97d78d9bb36e=1534814179; QC007=DIRECT; QC008=1534729068.1534729068.1534814179.2; nu=0; QC010=197503084; __dfp=a0ea350ca967c7497b9cb85dbdbda052b8997c44232b81119c8ecf84514dacaf45@1536025068652@1534729068652; PHPSESSID=qr6fe9reghf8mvdqmqejoq6ft5',
)
[ info ] [ PARAM ] array (
)
[ info ] [ SESSION ] INIT array (
  'id' => '',
  'var_session_id' => '',
  'prefix' => 'think',
  'type' => '',
  'auto_start' => true,
)
[ info ] [ RUN ] app\admins\controller\Slide->index[ D:\WWW\video\application\admins\controller\Slide.php ]
[ info ] [ DB ] INIT mysql
[ info ] [ VIEW ] D:\WWW\video\public/../application/admins\view\slide\index.html [ array (
  0 => 'admin',
  1 => 'data',
) ]
[ info ] [ LOG ] INIT File
[ sql ] [ DB ] CONNECT:[ UseTime:0.012001s ] mysql:host=127.0.0.1;dbname=video;charset=utf8
[ sql ] [ SQL ] SHOW COLUMNS FROM `slide` [ RunTime:0.059004s ]
[ sql ] [ SQL ] SELECT * FROM `slide` WHERE  `type` = 0 [ RunTime:0.003000s ]
---------------------------------------------------------------
[ 2018-08-21T09:17:53+08:00 ] 127.0.0.1 GET /admins.php/admins/Menu/index
[ info ] www.php.demo/admins.php/admins/Menu/index [运行时间：0.702040s][吞吐率：1.42req/s] [内存消耗：2,388.86kb] [文件加载：52]
[ info ] [ LANG ] D:\WWW\video\thinkphp\lang\zh-cn.php
[ info ] [ ROUTE ] array (
  'type' => 'module',
  'module' => 
  array (
    0 => 'admins',
    1 => 'Menu',
    2 => 'index',
  ),
)
[ info ] [ HEADER ] array (
  'host' => 'www.php.demo',
  'connection' => 'keep-alive',
  'upgrade-insecure-requests' => '1',
  'user-agent' => 'Mozilla/5.0 (Windows NT 6.1) AppleWebKit/537.36 (KHTML, like Gecko) Chrome/67.0.3396.99 Safari/537.36',
  'accept' => 'text/html,application/xhtml+xml,application/xml;q=0.9,image/webp,image/apng,*/*;q=0.8',
  'referer' => 'http://www.php.demo/admins.php/admins/Home/index',
  'accept-encoding' => 'gzip, deflate',
  'accept-language' => 'zh-CN,zh;q=0.9',
  'cookie' => 'pgv_pvi=2855161856; __uuid=f6410b88-f434-7f88-d485-5d1e1433ebcc; QC006=qfazk7i7ik18t44emf294t7c; Hm_lvt_53b7374a63c37483e5dd97d78d9bb36e=1534729061,1534814179; Hm_lpvt_53b7374a63c37483e5dd97d78d9bb36e=1534814179; QC007=DIRECT; QC008=1534729068.1534729068.1534814179.2; nu=0; QC010=197503084; __dfp=a0ea350ca967c7497b9cb85dbdbda052b8997c44232b81119c8ecf84514dacaf45@1536025068652@1534729068652; PHPSESSID=qr6fe9reghf8mvdqmqejoq6ft5',
)
[ info ] [ PARAM ] array (
)
[ info ] [ SESSION ] INIT array (
  'id' => '',
  'var_session_id' => '',
  'prefix' => 'think',
  'type' => '',
  'auto_start' => true,
)
[ info ] [ RUN ] app\admins\controller\Menu->index[ D:\WWW\video\application\admins\controller\Menu.php ]
[ info ] [ DB ] INIT mysql
[ info ] [ VIEW ] D:\WWW\video\public/../application/admins\view\menu\index.html [ array (
  0 => 'admin',
  1 => 'pid',
  2 => 'backid',
  3 => 'data',
) ]
[ info ] [ LOG ] INIT File
[ sql ] [ DB ] CONNECT:[ UseTime:0.005000s ] mysql:host=127.0.0.1;dbname=video;charset=utf8
[ sql ] [ SQL ] SHOW COLUMNS FROM `admin_menus` [ RunTime:0.034002s ]
[ sql ] [ SQL ] SELECT * FROM `admin_menus` WHERE  `pid` = 0 [ RunTime:0.006001s ]
---------------------------------------------------------------
[ 2018-08-21T09:17:58+08:00 ] 127.0.0.1 GET /admins.php/admins/Admin/index
[ info ] www.php.demo/admins.php/admins/Admin/index [运行时间：0.530031s][吞吐率：1.89req/s] [内存消耗：2,535.65kb] [文件加载：54]
[ info ] [ LANG ] D:\WWW\video\thinkphp\lang\zh-cn.php
[ info ] [ ROUTE ] array (
  'type' => 'module',
  'module' => 
  array (
    0 => 'admins',
    1 => 'Admin',
    2 => 'index',
  ),
)
[ info ] [ HEADER ] array (
  'host' => 'www.php.demo',
  'connection' => 'keep-alive',
  'upgrade-insecure-requests' => '1',
  'user-agent' => 'Mozilla/5.0 (Windows NT 6.1) AppleWebKit/537.36 (KHTML, like Gecko) Chrome/67.0.3396.99 Safari/537.36',
  'accept' => 'text/html,application/xhtml+xml,application/xml;q=0.9,image/webp,image/apng,*/*;q=0.8',
  'referer' => 'http://www.php.demo/admins.php/admins/Home/index',
  'accept-encoding' => 'gzip, deflate',
  'accept-language' => 'zh-CN,zh;q=0.9',
  'cookie' => 'pgv_pvi=2855161856; __uuid=f6410b88-f434-7f88-d485-5d1e1433ebcc; QC006=qfazk7i7ik18t44emf294t7c; Hm_lvt_53b7374a63c37483e5dd97d78d9bb36e=1534729061,1534814179; Hm_lpvt_53b7374a63c37483e5dd97d78d9bb36e=1534814179; QC007=DIRECT; QC008=1534729068.1534729068.1534814179.2; nu=0; QC010=197503084; __dfp=a0ea350ca967c7497b9cb85dbdbda052b8997c44232b81119c8ecf84514dacaf45@1536025068652@1534729068652; PHPSESSID=qr6fe9reghf8mvdqmqejoq6ft5',
)
[ info ] [ PARAM ] array (
)
[ info ] [ SESSION ] INIT array (
  'id' => '',
  'var_session_id' => '',
  'prefix' => 'think',
  'type' => '',
  'auto_start' => true,
)
[ info ] [ RUN ] app\admins\controller\Admin->index[ D:\WWW\video\application\admins\controller\Admin.php ]
[ info ] [ DB ] INIT mysql
[ info ] [ VIEW ] D:\WWW\video\public/../application/admins\view\admin\index.html [ array (
  0 => 'admin',
  1 => 'data',
) ]
[ info ] [ LOG ] INIT File
[ sql ] [ DB ] CONNECT:[ UseTime:0.014001s ] mysql:host=127.0.0.1;dbname=video;charset=utf8
[ sql ] [ SQL ] SHOW COLUMNS FROM `admins` [ RunTime:0.031002s ]
[ sql ] [ SQL ] SELECT * FROM `admins` [ RunTime:0.005000s ]
[ sql ] [ SQL ] SHOW COLUMNS FROM `admin_groups` [ RunTime:0.032002s ]
[ sql ] [ SQL ] SELECT * FROM `admin_groups` [ RunTime:0.001000s ]
---------------------------------------------------------------
[ 2018-08-21T09:18:16+08:00 ] 127.0.0.1 GET /admins.php/admins/Slide/index
[ info ] www.php.demo/admins.php/admins/Slide/index [运行时间：0.144008s][吞吐率：6.94req/s] [内存消耗：2,391.68kb] [文件加载：52]
[ info ] [ LANG ] D:\WWW\video\thinkphp\lang\zh-cn.php
[ info ] [ ROUTE ] array (
  'type' => 'module',
  'module' => 
  array (
    0 => 'admins',
    1 => 'Slide',
    2 => 'index',
  ),
)
[ info ] [ HEADER ] array (
  'host' => 'www.php.demo',
  'connection' => 'keep-alive',
  'upgrade-insecure-requests' => '1',
  'user-agent' => 'Mozilla/5.0 (Windows NT 6.1) AppleWebKit/537.36 (KHTML, like Gecko) Chrome/67.0.3396.99 Safari/537.36',
  'accept' => 'text/html,application/xhtml+xml,application/xml;q=0.9,image/webp,image/apng,*/*;q=0.8',
  'referer' => 'http://www.php.demo/admins.php/admins/Home/index',
  'accept-encoding' => 'gzip, deflate',
  'accept-language' => 'zh-CN,zh;q=0.9',
  'cookie' => 'pgv_pvi=2855161856; __uuid=f6410b88-f434-7f88-d485-5d1e1433ebcc; QC006=qfazk7i7ik18t44emf294t7c; Hm_lvt_53b7374a63c37483e5dd97d78d9bb36e=1534729061,1534814179; Hm_lpvt_53b7374a63c37483e5dd97d78d9bb36e=1534814179; QC007=DIRECT; QC008=1534729068.1534729068.1534814179.2; nu=0; QC010=197503084; __dfp=a0ea350ca967c7497b9cb85dbdbda052b8997c44232b81119c8ecf84514dacaf45@1536025068652@1534729068652; PHPSESSID=qr6fe9reghf8mvdqmqejoq6ft5',
)
[ info ] [ PARAM ] array (
)
[ info ] [ SESSION ] INIT array (
  'id' => '',
  'var_session_id' => '',
  'prefix' => 'think',
  'type' => '',
  'auto_start' => true,
)
[ info ] [ RUN ] app\admins\controller\Slide->index[ D:\WWW\video\application\admins\controller\Slide.php ]
[ info ] [ DB ] INIT mysql
[ info ] [ VIEW ] D:\WWW\video\public/../application/admins\view\slide\index.html [ array (
  0 => 'admin',
  1 => 'data',
) ]
[ info ] [ LOG ] INIT File
[ sql ] [ DB ] CONNECT:[ UseTime:0.011001s ] mysql:host=127.0.0.1;dbname=video;charset=utf8
[ sql ] [ SQL ] SHOW COLUMNS FROM `slide` [ RunTime:0.033002s ]
[ sql ] [ SQL ] SELECT * FROM `slide` WHERE  `type` = 0 [ RunTime:0.002000s ]
---------------------------------------------------------------
[ 2018-08-21T09:18:20+08:00 ] 127.0.0.1 GET /admins.php/admins/Video/index
[ info ] www.php.demo/admins.php/admins/Video/index [运行时间：0.535031s][吞吐率：1.87req/s] [内存消耗：2,541.69kb] [文件加载：55]
[ info ] [ LANG ] D:\WWW\video\thinkphp\lang\zh-cn.php
[ info ] [ ROUTE ] array (
  'type' => 'module',
  'module' => 
  array (
    0 => 'admins',
    1 => 'Video',
    2 => 'index',
  ),
)
[ info ] [ HEADER ] array (
  'host' => 'www.php.demo',
  'connection' => 'keep-alive',
  'upgrade-insecure-requests' => '1',
  'user-agent' => 'Mozilla/5.0 (Windows NT 6.1) AppleWebKit/537.36 (KHTML, like Gecko) Chrome/67.0.3396.99 Safari/537.36',
  'accept' => 'text/html,application/xhtml+xml,application/xml;q=0.9,image/webp,image/apng,*/*;q=0.8',
  'referer' => 'http://www.php.demo/admins.php/admins/Home/index',
  'accept-encoding' => 'gzip, deflate',
  'accept-language' => 'zh-CN,zh;q=0.9',
  'cookie' => 'pgv_pvi=2855161856; __uuid=f6410b88-f434-7f88-d485-5d1e1433ebcc; QC006=qfazk7i7ik18t44emf294t7c; Hm_lvt_53b7374a63c37483e5dd97d78d9bb36e=1534729061,1534814179; Hm_lpvt_53b7374a63c37483e5dd97d78d9bb36e=1534814179; QC007=DIRECT; QC008=1534729068.1534729068.1534814179.2; nu=0; QC010=197503084; __dfp=a0ea350ca967c7497b9cb85dbdbda052b8997c44232b81119c8ecf84514dacaf45@1536025068652@1534729068652; PHPSESSID=qr6fe9reghf8mvdqmqejoq6ft5',
)
[ info ] [ PARAM ] array (
)
[ info ] [ SESSION ] INIT array (
  'id' => '',
  'var_session_id' => '',
  'prefix' => 'think',
  'type' => '',
  'auto_start' => true,
)
[ info ] [ RUN ] app\admins\controller\Video->index[ D:\WWW\video\application\admins\controller\Video.php ]
[ info ] [ DB ] INIT mysql
[ info ] [ VIEW ] D:\WWW\video\public/../application/admins\view\video\index.html [ array (
  0 => 'admin',
  1 => 'data',
) ]
[ info ] [ LOG ] INIT File
[ sql ] [ DB ] CONNECT:[ UseTime:0.002000s ] mysql:host=127.0.0.1;dbname=video;charset=utf8
[ sql ] [ SQL ] SHOW COLUMNS FROM `video` [ RunTime:0.149009s ]
[ sql ] [ SQL ] SELECT COUNT(*) AS tp_count FROM `video` LIMIT 1 [ RunTime:0.033002s ]
[ sql ] [ SQL ] SELECT * FROM `video` ORDER BY id desc LIMIT 0,10 [ RunTime:0.003000s ]
[ sql ] [ SQL ] SHOW COLUMNS FROM `video_label` [ RunTime:0.101006s ]
[ sql ] [ SQL ] SELECT * FROM `video_label` WHERE  (  id in(1,11,13,3,12,16,2,4,15,14,5) ) [ RunTime:0.002000s ]
---------------------------------------------------------------
[ 2018-08-21T09:18:35+08:00 ] 127.0.0.1 GET /admins.php/admins/video/add?id=undefined
[ info ] www.php.demo/admins.php/admins/video/add?id=undefined [运行时间：0.384022s][吞吐率：2.60req/s] [内存消耗：2,577.38kb] [文件加载：54]
[ info ] [ LANG ] D:\WWW\video\thinkphp\lang\zh-cn.php
[ info ] [ ROUTE ] array (
  'type' => 'module',
  'module' => 
  array (
    0 => 'admins',
    1 => 'video',
    2 => 'add',
  ),
)
[ info ] [ HEADER ] array (
  'host' => 'www.php.demo',
  'connection' => 'keep-alive',
  'upgrade-insecure-requests' => '1',
  'user-agent' => 'Mozilla/5.0 (Windows NT 6.1) AppleWebKit/537.36 (KHTML, like Gecko) Chrome/67.0.3396.99 Safari/537.36',
  'accept' => 'text/html,application/xhtml+xml,application/xml;q=0.9,image/webp,image/apng,*/*;q=0.8',
  'referer' => 'http://www.php.demo/admins.php/admins/Video/index',
  'accept-encoding' => 'gzip, deflate',
  'accept-language' => 'zh-CN,zh;q=0.9',
  'cookie' => 'pgv_pvi=2855161856; __uuid=f6410b88-f434-7f88-d485-5d1e1433ebcc; QC006=qfazk7i7ik18t44emf294t7c; Hm_lvt_53b7374a63c37483e5dd97d78d9bb36e=1534729061,1534814179; Hm_lpvt_53b7374a63c37483e5dd97d78d9bb36e=1534814179; QC007=DIRECT; QC008=1534729068.1534729068.1534814179.2; nu=0; QC010=197503084; __dfp=a0ea350ca967c7497b9cb85dbdbda052b8997c44232b81119c8ecf84514dacaf45@1536025068652@1534729068652; PHPSESSID=qr6fe9reghf8mvdqmqejoq6ft5',
)
[ info ] [ PARAM ] array (
  'id' => 'undefined',
)
[ info ] [ SESSION ] INIT array (
  'id' => '',
  'var_session_id' => '',
  'prefix' => 'think',
  'type' => '',
  'auto_start' => true,
)
[ info ] [ RUN ] app\admins\controller\Video->add[ D:\WWW\video\application\admins\controller\Video.php ]
[ info ] [ DB ] INIT mysql
[ info ] [ VIEW ] D:\WWW\video\public/../application/admins\view\video\add.html [ array (
  0 => 'admin',
  1 => 'data',
) ]
[ info ] [ LOG ] INIT File
[ sql ] [ DB ] CONNECT:[ UseTime:0.015001s ] mysql:host=127.0.0.1;dbname=video;charset=utf8
[ sql ] [ SQL ] SHOW COLUMNS FROM `video_label` [ RunTime:0.046003s ]
[ sql ] [ SQL ] SELECT * FROM `video_label` WHERE  `flag` = 'channel' [ RunTime:0.002000s ]
[ sql ] [ SQL ] SELECT * FROM `video_label` WHERE  `flag` = 'charge' [ RunTime:0.002000s ]
[ sql ] [ SQL ] SELECT * FROM `video_label` WHERE  `flag` = 'area' [ RunTime:0.004000s ]
[ sql ] [ SQL ] SHOW COLUMNS FROM `video` [ RunTime:0.073004s ]
[ sql ] [ SQL ] SELECT * FROM `video` WHERE  `id` = 0 LIMIT 1 [ RunTime:0.003001s ]
---------------------------------------------------------------
[ 2018-08-21T09:19:02+08:00 ] 127.0.0.1 GET /admins.php/admins/Roles/index
[ info ] www.php.demo/admins.php/admins/Roles/index [运行时间：0.206012s][吞吐率：4.85req/s] [内存消耗：2,382.59kb] [文件加载：52]
[ info ] [ LANG ] D:\WWW\video\thinkphp\lang\zh-cn.php
[ info ] [ ROUTE ] array (
  'type' => 'module',
  'module' => 
  array (
    0 => 'admins',
    1 => 'Roles',
    2 => 'index',
  ),
)
[ info ] [ HEADER ] array (
  'host' => 'www.php.demo',
  'connection' => 'keep-alive',
  'upgrade-insecure-requests' => '1',
  'user-agent' => 'Mozilla/5.0 (Windows NT 6.1) AppleWebKit/537.36 (KHTML, like Gecko) Chrome/67.0.3396.99 Safari/537.36',
  'accept' => 'text/html,application/xhtml+xml,application/xml;q=0.9,image/webp,image/apng,*/*;q=0.8',
  'referer' => 'http://www.php.demo/admins.php/admins/Home/index',
  'accept-encoding' => 'gzip, deflate',
  'accept-language' => 'zh-CN,zh;q=0.9',
  'cookie' => 'pgv_pvi=2855161856; __uuid=f6410b88-f434-7f88-d485-5d1e1433ebcc; QC006=qfazk7i7ik18t44emf294t7c; Hm_lvt_53b7374a63c37483e5dd97d78d9bb36e=1534729061,1534814179; Hm_lpvt_53b7374a63c37483e5dd97d78d9bb36e=1534814179; QC007=DIRECT; QC008=1534729068.1534729068.1534814179.2; nu=0; QC010=197503084; __dfp=a0ea350ca967c7497b9cb85dbdbda052b8997c44232b81119c8ecf84514dacaf45@1536025068652@1534729068652; PHPSESSID=qr6fe9reghf8mvdqmqejoq6ft5',
)
[ info ] [ PARAM ] array (
)
[ info ] [ SESSION ] INIT array (
  'id' => '',
  'var_session_id' => '',
  'prefix' => 'think',
  'type' => '',
  'auto_start' => true,
)
[ info ] [ RUN ] app\admins\controller\Roles->index[ D:\WWW\video\application\admins\controller\Roles.php ]
[ info ] [ DB ] INIT mysql
[ info ] [ VIEW ] D:\WWW\video\public/../application/admins\view\roles\index.html [ array (
  0 => 'admin',
  1 => 'data',
) ]
[ info ] [ LOG ] INIT File
[ sql ] [ DB ] CONNECT:[ UseTime:0.003000s ] mysql:host=127.0.0.1;dbname=video;charset=utf8
[ sql ] [ SQL ] SHOW COLUMNS FROM `admin_groups` [ RunTime:0.034002s ]
[ sql ] [ SQL ] SELECT * FROM `admin_groups` [ RunTime:0.001000s ]
---------------------------------------------------------------
[ 2018-08-21T09:19:06+08:00 ] 127.0.0.1 GET /admins.php/admins/Site/index
[ info ] www.php.demo/admins.php/admins/Site/index [运行时间：0.185010s][吞吐率：5.41req/s] [内存消耗：2,372.65kb] [文件加载：52]
[ info ] [ LANG ] D:\WWW\video\thinkphp\lang\zh-cn.php
[ info ] [ ROUTE ] array (
  'type' => 'module',
  'module' => 
  array (
    0 => 'admins',
    1 => 'Site',
    2 => 'index',
  ),
)
[ info ] [ HEADER ] array (
  'host' => 'www.php.demo',
  'connection' => 'keep-alive',
  'upgrade-insecure-requests' => '1',
  'user-agent' => 'Mozilla/5.0 (Windows NT 6.1) AppleWebKit/537.36 (KHTML, like Gecko) Chrome/67.0.3396.99 Safari/537.36',
  'accept' => 'text/html,application/xhtml+xml,application/xml;q=0.9,image/webp,image/apng,*/*;q=0.8',
  'referer' => 'http://www.php.demo/admins.php/admins/Home/index',
  'accept-encoding' => 'gzip, deflate',
  'accept-language' => 'zh-CN,zh;q=0.9',
  'cookie' => 'pgv_pvi=2855161856; __uuid=f6410b88-f434-7f88-d485-5d1e1433ebcc; QC006=qfazk7i7ik18t44emf294t7c; Hm_lvt_53b7374a63c37483e5dd97d78d9bb36e=1534729061,1534814179; Hm_lpvt_53b7374a63c37483e5dd97d78d9bb36e=1534814179; QC007=DIRECT; QC008=1534729068.1534729068.1534814179.2; nu=0; QC010=197503084; __dfp=a0ea350ca967c7497b9cb85dbdbda052b8997c44232b81119c8ecf84514dacaf45@1536025068652@1534729068652; PHPSESSID=qr6fe9reghf8mvdqmqejoq6ft5',
)
[ info ] [ PARAM ] array (
)
[ info ] [ SESSION ] INIT array (
  'id' => '',
  'var_session_id' => '',
  'prefix' => 'think',
  'type' => '',
  'auto_start' => true,
)
[ info ] [ RUN ] app\admins\controller\Site->index[ D:\WWW\video\application\admins\controller\Site.php ]
[ info ] [ DB ] INIT mysql
[ info ] [ VIEW ] D:\WWW\video\public/../application/admins\view\site\index.html [ array (
  0 => 'admin',
  1 => 'site',
) ]
[ info ] [ LOG ] INIT File
[ sql ] [ DB ] CONNECT:[ UseTime:0.013001s ] mysql:host=127.0.0.1;dbname=video;charset=utf8
[ sql ] [ SQL ] SHOW COLUMNS FROM `sites` [ RunTime:0.028002s ]
[ sql ] [ SQL ] SELECT * FROM `sites` WHERE  `names` = 'site' LIMIT 1 [ RunTime:0.001000s ]
---------------------------------------------------------------
[ 2018-08-21T09:19:07+08:00 ] 127.0.0.1 GET /admins.php/admins/labels/channel
[ info ] www.php.demo/admins.php/admins/labels/channel [运行时间：0.203012s][吞吐率：4.93req/s] [内存消耗：2,386.74kb] [文件加载：52]
[ info ] [ LANG ] D:\WWW\video\thinkphp\lang\zh-cn.php
[ info ] [ ROUTE ] array (
  'type' => 'module',
  'module' => 
  array (
    0 => 'admins',
    1 => 'labels',
    2 => 'channel',
  ),
)
[ info ] [ HEADER ] array (
  'host' => 'www.php.demo',
  'connection' => 'keep-alive',
  'upgrade-insecure-requests' => '1',
  'user-agent' => 'Mozilla/5.0 (Windows NT 6.1) AppleWebKit/537.36 (KHTML, like Gecko) Chrome/67.0.3396.99 Safari/537.36',
  'accept' => 'text/html,application/xhtml+xml,application/xml;q=0.9,image/webp,image/apng,*/*;q=0.8',
  'referer' => 'http://www.php.demo/admins.php/admins/Home/index',
  'accept-encoding' => 'gzip, deflate',
  'accept-language' => 'zh-CN,zh;q=0.9',
  'cookie' => 'pgv_pvi=2855161856; __uuid=f6410b88-f434-7f88-d485-5d1e1433ebcc; QC006=qfazk7i7ik18t44emf294t7c; Hm_lvt_53b7374a63c37483e5dd97d78d9bb36e=1534729061,1534814179; Hm_lpvt_53b7374a63c37483e5dd97d78d9bb36e=1534814179; QC007=DIRECT; QC008=1534729068.1534729068.1534814179.2; nu=0; QC010=197503084; __dfp=a0ea350ca967c7497b9cb85dbdbda052b8997c44232b81119c8ecf84514dacaf45@1536025068652@1534729068652; PHPSESSID=qr6fe9reghf8mvdqmqejoq6ft5',
)
[ info ] [ PARAM ] array (
)
[ info ] [ SESSION ] INIT array (
  'id' => '',
  'var_session_id' => '',
  'prefix' => 'think',
  'type' => '',
  'auto_start' => true,
)
[ info ] [ RUN ] app\admins\controller\Labels->channel[ D:\WWW\video\application\admins\controller\Labels.php ]
[ info ] [ DB ] INIT mysql
[ info ] [ VIEW ] D:\WWW\video\public/../application/admins\view\labels\channel.html [ array (
  0 => 'admin',
  1 => 'data',
) ]
[ info ] [ LOG ] INIT File
[ sql ] [ DB ] CONNECT:[ UseTime:0.015001s ] mysql:host=127.0.0.1;dbname=video;charset=utf8
[ sql ] [ SQL ] SHOW COLUMNS FROM `video_label` [ RunTime:0.038002s ]
[ sql ] [ SQL ] SELECT * FROM `video_label` WHERE  `flag` = 'channel' [ RunTime:0.002000s ]
---------------------------------------------------------------
[ 2018-08-21T09:19:08+08:00 ] 127.0.0.1 GET /admins.php/admins/labels/charge
[ info ] www.php.demo/admins.php/admins/labels/charge [运行时间：0.230013s][吞吐率：4.35req/s] [内存消耗：2,379.97kb] [文件加载：52]
[ info ] [ LANG ] D:\WWW\video\thinkphp\lang\zh-cn.php
[ info ] [ ROUTE ] array (
  'type' => 'module',
  'module' => 
  array (
    0 => 'admins',
    1 => 'labels',
    2 => 'charge',
  ),
)
[ info ] [ HEADER ] array (
  'host' => 'www.php.demo',
  'connection' => 'keep-alive',
  'upgrade-insecure-requests' => '1',
  'user-agent' => 'Mozilla/5.0 (Windows NT 6.1) AppleWebKit/537.36 (KHTML, like Gecko) Chrome/67.0.3396.99 Safari/537.36',
  'accept' => 'text/html,application/xhtml+xml,application/xml;q=0.9,image/webp,image/apng,*/*;q=0.8',
  'referer' => 'http://www.php.demo/admins.php/admins/Home/index',
  'accept-encoding' => 'gzip, deflate',
  'accept-language' => 'zh-CN,zh;q=0.9',
  'cookie' => 'pgv_pvi=2855161856; __uuid=f6410b88-f434-7f88-d485-5d1e1433ebcc; QC006=qfazk7i7ik18t44emf294t7c; Hm_lvt_53b7374a63c37483e5dd97d78d9bb36e=1534729061,1534814179; Hm_lpvt_53b7374a63c37483e5dd97d78d9bb36e=1534814179; QC007=DIRECT; QC008=1534729068.1534729068.1534814179.2; nu=0; QC010=197503084; __dfp=a0ea350ca967c7497b9cb85dbdbda052b8997c44232b81119c8ecf84514dacaf45@1536025068652@1534729068652; PHPSESSID=qr6fe9reghf8mvdqmqejoq6ft5',
)
[ info ] [ PARAM ] array (
)
[ info ] [ SESSION ] INIT array (
  'id' => '',
  'var_session_id' => '',
  'prefix' => 'think',
  'type' => '',
  'auto_start' => true,
)
[ info ] [ RUN ] app\admins\controller\Labels->charge[ D:\WWW\video\application\admins\controller\Labels.php ]
[ info ] [ DB ] INIT mysql
[ info ] [ VIEW ] D:\WWW\video\public/../application/admins\view\labels\charge.html [ array (
  0 => 'admin',
  1 => 'data',
) ]
[ info ] [ LOG ] INIT File
[ sql ] [ DB ] CONNECT:[ UseTime:0.013001s ] mysql:host=127.0.0.1;dbname=video;charset=utf8
[ sql ] [ SQL ] SHOW COLUMNS FROM `video_label` [ RunTime:0.039002s ]
[ sql ] [ SQL ] SELECT * FROM `video_label` WHERE  `flag` = 'charge' [ RunTime:0.002000s ]
---------------------------------------------------------------
[ 2018-08-21T09:19:10+08:00 ] 127.0.0.1 GET /admins.php/admins/labels/area
[ info ] www.php.demo/admins.php/admins/labels/area [运行时间：0.207012s][吞吐率：4.83req/s] [内存消耗：2,384.87kb] [文件加载：52]
[ info ] [ LANG ] D:\WWW\video\thinkphp\lang\zh-cn.php
[ info ] [ ROUTE ] array (
  'type' => 'module',
  'module' => 
  array (
    0 => 'admins',
    1 => 'labels',
    2 => 'area',
  ),
)
[ info ] [ HEADER ] array (
  'host' => 'www.php.demo',
  'connection' => 'keep-alive',
  'upgrade-insecure-requests' => '1',
  'user-agent' => 'Mozilla/5.0 (Windows NT 6.1) AppleWebKit/537.36 (KHTML, like Gecko) Chrome/67.0.3396.99 Safari/537.36',
  'accept' => 'text/html,application/xhtml+xml,application/xml;q=0.9,image/webp,image/apng,*/*;q=0.8',
  'referer' => 'http://www.php.demo/admins.php/admins/Home/index',
  'accept-encoding' => 'gzip, deflate',
  'accept-language' => 'zh-CN,zh;q=0.9',
  'cookie' => 'pgv_pvi=2855161856; __uuid=f6410b88-f434-7f88-d485-5d1e1433ebcc; QC006=qfazk7i7ik18t44emf294t7c; Hm_lvt_53b7374a63c37483e5dd97d78d9bb36e=1534729061,1534814179; Hm_lpvt_53b7374a63c37483e5dd97d78d9bb36e=1534814179; QC007=DIRECT; QC008=1534729068.1534729068.1534814179.2; nu=0; QC010=197503084; __dfp=a0ea350ca967c7497b9cb85dbdbda052b8997c44232b81119c8ecf84514dacaf45@1536025068652@1534729068652; PHPSESSID=qr6fe9reghf8mvdqmqejoq6ft5',
)
[ info ] [ PARAM ] array (
)
[ info ] [ SESSION ] INIT array (
  'id' => '',
  'var_session_id' => '',
  'prefix' => 'think',
  'type' => '',
  'auto_start' => true,
)
[ info ] [ RUN ] app\admins\controller\Labels->area[ D:\WWW\video\application\admins\controller\Labels.php ]
[ info ] [ DB ] INIT mysql
[ info ] [ VIEW ] D:\WWW\video\public/../application/admins\view\labels\area.html [ array (
  0 => 'admin',
  1 => 'data',
) ]
[ info ] [ LOG ] INIT File
[ sql ] [ DB ] CONNECT:[ UseTime:0.012001s ] mysql:host=127.0.0.1;dbname=video;charset=utf8
[ sql ] [ SQL ] SHOW COLUMNS FROM `video_label` [ RunTime:0.037002s ]
[ sql ] [ SQL ] SELECT * FROM `video_label` WHERE  `flag` = 'area' [ RunTime:0.001000s ]
---------------------------------------------------------------
[ 2018-08-21T09:19:14+08:00 ] 127.0.0.1 GET /admins.php/admins/Menu/index
[ info ] www.php.demo/admins.php/admins/Menu/index [运行时间：0.173010s][吞吐率：5.78req/s] [内存消耗：2,388.86kb] [文件加载：52]
[ info ] [ LANG ] D:\WWW\video\thinkphp\lang\zh-cn.php
[ info ] [ ROUTE ] array (
  'type' => 'module',
  'module' => 
  array (
    0 => 'admins',
    1 => 'Menu',
    2 => 'index',
  ),
)
[ info ] [ HEADER ] array (
  'host' => 'www.php.demo',
  'connection' => 'keep-alive',
  'upgrade-insecure-requests' => '1',
  'user-agent' => 'Mozilla/5.0 (Windows NT 6.1) AppleWebKit/537.36 (KHTML, like Gecko) Chrome/67.0.3396.99 Safari/537.36',
  'accept' => 'text/html,application/xhtml+xml,application/xml;q=0.9,image/webp,image/apng,*/*;q=0.8',
  'referer' => 'http://www.php.demo/admins.php/admins/Home/index',
  'accept-encoding' => 'gzip, deflate',
  'accept-language' => 'zh-CN,zh;q=0.9',
  'cookie' => 'pgv_pvi=2855161856; __uuid=f6410b88-f434-7f88-d485-5d1e1433ebcc; QC006=qfazk7i7ik18t44emf294t7c; Hm_lvt_53b7374a63c37483e5dd97d78d9bb36e=1534729061,1534814179; Hm_lpvt_53b7374a63c37483e5dd97d78d9bb36e=1534814179; QC007=DIRECT; QC008=1534729068.1534729068.1534814179.2; nu=0; QC010=197503084; __dfp=a0ea350ca967c7497b9cb85dbdbda052b8997c44232b81119c8ecf84514dacaf45@1536025068652@1534729068652; PHPSESSID=qr6fe9reghf8mvdqmqejoq6ft5',
)
[ info ] [ PARAM ] array (
)
[ info ] [ SESSION ] INIT array (
  'id' => '',
  'var_session_id' => '',
  'prefix' => 'think',
  'type' => '',
  'auto_start' => true,
)
[ info ] [ RUN ] app\admins\controller\Menu->index[ D:\WWW\video\application\admins\controller\Menu.php ]
[ info ] [ DB ] INIT mysql
[ info ] [ VIEW ] D:\WWW\video\public/../application/admins\view\menu\index.html [ array (
  0 => 'admin',
  1 => 'pid',
  2 => 'backid',
  3 => 'data',
) ]
[ info ] [ LOG ] INIT File
[ sql ] [ DB ] CONNECT:[ UseTime:0.004000s ] mysql:host=127.0.0.1;dbname=video;charset=utf8
[ sql ] [ SQL ] SHOW COLUMNS FROM `admin_menus` [ RunTime:0.036002s ]
[ sql ] [ SQL ] SELECT * FROM `admin_menus` WHERE  `pid` = 0 [ RunTime:0.003000s ]
---------------------------------------------------------------
[ 2018-08-21T09:19:18+08:00 ] 127.0.0.1 GET /admins.php/admins/Menu/index?pid=27
[ info ] www.php.demo/admins.php/admins/Menu/index?pid=27 [运行时间：0.172010s][吞吐率：5.81req/s] [内存消耗：2,387.63kb] [文件加载：52]
[ info ] [ LANG ] D:\WWW\video\thinkphp\lang\zh-cn.php
[ info ] [ ROUTE ] array (
  'type' => 'module',
  'module' => 
  array (
    0 => 'admins',
    1 => 'Menu',
    2 => 'index',
  ),
)
[ info ] [ HEADER ] array (
  'host' => 'www.php.demo',
  'connection' => 'keep-alive',
  'upgrade-insecure-requests' => '1',
  'user-agent' => 'Mozilla/5.0 (Windows NT 6.1) AppleWebKit/537.36 (KHTML, like Gecko) Chrome/67.0.3396.99 Safari/537.36',
  'accept' => 'text/html,application/xhtml+xml,application/xml;q=0.9,image/webp,image/apng,*/*;q=0.8',
  'referer' => 'http://www.php.demo/admins.php/admins/Menu/index',
  'accept-encoding' => 'gzip, deflate',
  'accept-language' => 'zh-CN,zh;q=0.9',
  'cookie' => 'pgv_pvi=2855161856; __uuid=f6410b88-f434-7f88-d485-5d1e1433ebcc; QC006=qfazk7i7ik18t44emf294t7c; Hm_lvt_53b7374a63c37483e5dd97d78d9bb36e=1534729061,1534814179; Hm_lpvt_53b7374a63c37483e5dd97d78d9bb36e=1534814179; QC007=DIRECT; QC008=1534729068.1534729068.1534814179.2; nu=0; QC010=197503084; __dfp=a0ea350ca967c7497b9cb85dbdbda052b8997c44232b81119c8ecf84514dacaf45@1536025068652@1534729068652; PHPSESSID=qr6fe9reghf8mvdqmqejoq6ft5',
)
[ info ] [ PARAM ] array (
  'pid' => '27',
)
[ info ] [ SESSION ] INIT array (
  'id' => '',
  'var_session_id' => '',
  'prefix' => 'think',
  'type' => '',
  'auto_start' => true,
)
[ info ] [ RUN ] app\admins\controller\Menu->index[ D:\WWW\video\application\admins\controller\Menu.php ]
[ info ] [ DB ] INIT mysql
[ info ] [ VIEW ] D:\WWW\video\public/../application/admins\view\menu\index.html [ array (
  0 => 'admin',
  1 => 'pid',
  2 => 'backid',
  3 => 'data',
) ]
[ info ] [ LOG ] INIT File
[ sql ] [ DB ] CONNECT:[ UseTime:0.012001s ] mysql:host=127.0.0.1;dbname=video;charset=utf8
[ sql ] [ SQL ] SHOW COLUMNS FROM `admin_menus` [ RunTime:0.039002s ]
[ sql ] [ SQL ] SELECT * FROM `admin_menus` WHERE  `pid` = 27 [ RunTime:0.005001s ]
[ sql ] [ SQL ] SELECT * FROM `admin_menus` WHERE  `mid` = 27 LIMIT 1 [ RunTime:0.004000s ]
---------------------------------------------------------------
[ 2018-08-21T09:19:22+08:00 ] 127.0.0.1 GET /admins.php/admins/Menu/index?pid=0
[ info ] www.php.demo/admins.php/admins/Menu/index?pid=0 [运行时间：0.197011s][吞吐率：5.08req/s] [内存消耗：2,389.31kb] [文件加载：52]
[ info ] [ LANG ] D:\WWW\video\thinkphp\lang\zh-cn.php
[ info ] [ ROUTE ] array (
  'type' => 'module',
  'module' => 
  array (
    0 => 'admins',
    1 => 'Menu',
    2 => 'index',
  ),
)
[ info ] [ HEADER ] array (
  'host' => 'www.php.demo',
  'connection' => 'keep-alive',
  'upgrade-insecure-requests' => '1',
  'user-agent' => 'Mozilla/5.0 (Windows NT 6.1) AppleWebKit/537.36 (KHTML, like Gecko) Chrome/67.0.3396.99 Safari/537.36',
  'accept' => 'text/html,application/xhtml+xml,application/xml;q=0.9,image/webp,image/apng,*/*;q=0.8',
  'referer' => 'http://www.php.demo/admins.php/admins/Menu/index?pid=27',
  'accept-encoding' => 'gzip, deflate',
  'accept-language' => 'zh-CN,zh;q=0.9',
  'cookie' => 'pgv_pvi=2855161856; __uuid=f6410b88-f434-7f88-d485-5d1e1433ebcc; QC006=qfazk7i7ik18t44emf294t7c; Hm_lvt_53b7374a63c37483e5dd97d78d9bb36e=1534729061,1534814179; Hm_lpvt_53b7374a63c37483e5dd97d78d9bb36e=1534814179; QC007=DIRECT; QC008=1534729068.1534729068.1534814179.2; nu=0; QC010=197503084; __dfp=a0ea350ca967c7497b9cb85dbdbda052b8997c44232b81119c8ecf84514dacaf45@1536025068652@1534729068652; PHPSESSID=qr6fe9reghf8mvdqmqejoq6ft5',
)
[ info ] [ PARAM ] array (
  'pid' => '0',
)
[ info ] [ SESSION ] INIT array (
  'id' => '',
  'var_session_id' => '',
  'prefix' => 'think',
  'type' => '',
  'auto_start' => true,
)
[ info ] [ RUN ] app\admins\controller\Menu->index[ D:\WWW\video\application\admins\controller\Menu.php ]
[ info ] [ DB ] INIT mysql
[ info ] [ VIEW ] D:\WWW\video\public/../application/admins\view\menu\index.html [ array (
  0 => 'admin',
  1 => 'pid',
  2 => 'backid',
  3 => 'data',
) ]
[ info ] [ LOG ] INIT File
[ sql ] [ DB ] CONNECT:[ UseTime:0.015001s ] mysql:host=127.0.0.1;dbname=video;charset=utf8
[ sql ] [ SQL ] SHOW COLUMNS FROM `admin_menus` [ RunTime:0.048003s ]
[ sql ] [ SQL ] SELECT * FROM `admin_menus` WHERE  `pid` = 0 [ RunTime:0.002000s ]
---------------------------------------------------------------
[ 2018-08-21T09:19:35+08:00 ] 127.0.0.1 GET /admins.php/admins/Roles/index
[ info ] www.php.demo/admins.php/admins/Roles/index [运行时间：0.180010s][吞吐率：5.56req/s] [内存消耗：2,382.59kb] [文件加载：52]
[ info ] [ LANG ] D:\WWW\video\thinkphp\lang\zh-cn.php
[ info ] [ ROUTE ] array (
  'type' => 'module',
  'module' => 
  array (
    0 => 'admins',
    1 => 'Roles',
    2 => 'index',
  ),
)
[ info ] [ HEADER ] array (
  'host' => 'www.php.demo',
  'connection' => 'keep-alive',
  'upgrade-insecure-requests' => '1',
  'user-agent' => 'Mozilla/5.0 (Windows NT 6.1) AppleWebKit/537.36 (KHTML, like Gecko) Chrome/67.0.3396.99 Safari/537.36',
  'accept' => 'text/html,application/xhtml+xml,application/xml;q=0.9,image/webp,image/apng,*/*;q=0.8',
  'referer' => 'http://www.php.demo/admins.php/admins/Home/index',
  'accept-encoding' => 'gzip, deflate',
  'accept-language' => 'zh-CN,zh;q=0.9',
  'cookie' => 'pgv_pvi=2855161856; __uuid=f6410b88-f434-7f88-d485-5d1e1433ebcc; QC006=qfazk7i7ik18t44emf294t7c; Hm_lvt_53b7374a63c37483e5dd97d78d9bb36e=1534729061,1534814179; Hm_lpvt_53b7374a63c37483e5dd97d78d9bb36e=1534814179; QC007=DIRECT; QC008=1534729068.1534729068.1534814179.2; nu=0; QC010=197503084; __dfp=a0ea350ca967c7497b9cb85dbdbda052b8997c44232b81119c8ecf84514dacaf45@1536025068652@1534729068652; PHPSESSID=qr6fe9reghf8mvdqmqejoq6ft5',
)
[ info ] [ PARAM ] array (
)
[ info ] [ SESSION ] INIT array (
  'id' => '',
  'var_session_id' => '',
  'prefix' => 'think',
  'type' => '',
  'auto_start' => true,
)
[ info ] [ RUN ] app\admins\controller\Roles->index[ D:\WWW\video\application\admins\controller\Roles.php ]
[ info ] [ DB ] INIT mysql
[ info ] [ VIEW ] D:\WWW\video\public/../application/admins\view\roles\index.html [ array (
  0 => 'admin',
  1 => 'data',
) ]
[ info ] [ LOG ] INIT File
[ sql ] [ DB ] CONNECT:[ UseTime:0.011000s ] mysql:host=127.0.0.1;dbname=video;charset=utf8
[ sql ] [ SQL ] SHOW COLUMNS FROM `admin_groups` [ RunTime:0.035002s ]
[ sql ] [ SQL ] SELECT * FROM `admin_groups` [ RunTime:0.001000s ]
---------------------------------------------------------------
[ 2018-08-21T09:19:43+08:00 ] 127.0.0.1 GET /admins.php/admins/labels/channel
[ info ] www.php.demo/admins.php/admins/labels/channel [运行时间：0.180011s][吞吐率：5.56req/s] [内存消耗：2,386.74kb] [文件加载：52]
[ info ] [ LANG ] D:\WWW\video\thinkphp\lang\zh-cn.php
[ info ] [ ROUTE ] array (
  'type' => 'module',
  'module' => 
  array (
    0 => 'admins',
    1 => 'labels',
    2 => 'channel',
  ),
)
[ info ] [ HEADER ] array (
  'host' => 'www.php.demo',
  'connection' => 'keep-alive',
  'upgrade-insecure-requests' => '1',
  'user-agent' => 'Mozilla/5.0 (Windows NT 6.1) AppleWebKit/537.36 (KHTML, like Gecko) Chrome/67.0.3396.99 Safari/537.36',
  'accept' => 'text/html,application/xhtml+xml,application/xml;q=0.9,image/webp,image/apng,*/*;q=0.8',
  'referer' => 'http://www.php.demo/admins.php/admins/Home/index',
  'accept-encoding' => 'gzip, deflate',
  'accept-language' => 'zh-CN,zh;q=0.9',
  'cookie' => 'pgv_pvi=2855161856; __uuid=f6410b88-f434-7f88-d485-5d1e1433ebcc; QC006=qfazk7i7ik18t44emf294t7c; Hm_lvt_53b7374a63c37483e5dd97d78d9bb36e=1534729061,1534814179; Hm_lpvt_53b7374a63c37483e5dd97d78d9bb36e=1534814179; QC007=DIRECT; QC008=1534729068.1534729068.1534814179.2; nu=0; QC010=197503084; __dfp=a0ea350ca967c7497b9cb85dbdbda052b8997c44232b81119c8ecf84514dacaf45@1536025068652@1534729068652; PHPSESSID=qr6fe9reghf8mvdqmqejoq6ft5',
)
[ info ] [ PARAM ] array (
)
[ info ] [ SESSION ] INIT array (
  'id' => '',
  'var_session_id' => '',
  'prefix' => 'think',
  'type' => '',
  'auto_start' => true,
)
[ info ] [ RUN ] app\admins\controller\Labels->channel[ D:\WWW\video\application\admins\controller\Labels.php ]
[ info ] [ DB ] INIT mysql
[ info ] [ VIEW ] D:\WWW\video\public/../application/admins\view\labels\channel.html [ array (
  0 => 'admin',
  1 => 'data',
) ]
[ info ] [ LOG ] INIT File
[ sql ] [ DB ] CONNECT:[ UseTime:0.002001s ] mysql:host=127.0.0.1;dbname=video;charset=utf8
[ sql ] [ SQL ] SHOW COLUMNS FROM `video_label` [ RunTime:0.039002s ]
[ sql ] [ SQL ] SELECT * FROM `video_label` WHERE  `flag` = 'channel' [ RunTime:0.003000s ]
---------------------------------------------------------------
[ 2018-08-21T09:19:43+08:00 ] 127.0.0.1 GET /admins.php/admins/labels/charge
[ info ] www.php.demo/admins.php/admins/labels/charge [运行时间：0.207012s][吞吐率：4.83req/s] [内存消耗：2,379.97kb] [文件加载：52]
[ info ] [ LANG ] D:\WWW\video\thinkphp\lang\zh-cn.php
[ info ] [ ROUTE ] array (
  'type' => 'module',
  'module' => 
  array (
    0 => 'admins',
    1 => 'labels',
    2 => 'charge',
  ),
)
[ info ] [ HEADER ] array (
  'host' => 'www.php.demo',
  'connection' => 'keep-alive',
  'upgrade-insecure-requests' => '1',
  'user-agent' => 'Mozilla/5.0 (Windows NT 6.1) AppleWebKit/537.36 (KHTML, like Gecko) Chrome/67.0.3396.99 Safari/537.36',
  'accept' => 'text/html,application/xhtml+xml,application/xml;q=0.9,image/webp,image/apng,*/*;q=0.8',
  'referer' => 'http://www.php.demo/admins.php/admins/Home/index',
  'accept-encoding' => 'gzip, deflate',
  'accept-language' => 'zh-CN,zh;q=0.9',
  'cookie' => 'pgv_pvi=2855161856; __uuid=f6410b88-f434-7f88-d485-5d1e1433ebcc; QC006=qfazk7i7ik18t44emf294t7c; Hm_lvt_53b7374a63c37483e5dd97d78d9bb36e=1534729061,1534814179; Hm_lpvt_53b7374a63c37483e5dd97d78d9bb36e=1534814179; QC007=DIRECT; QC008=1534729068.1534729068.1534814179.2; nu=0; QC010=197503084; __dfp=a0ea350ca967c7497b9cb85dbdbda052b8997c44232b81119c8ecf84514dacaf45@1536025068652@1534729068652; PHPSESSID=qr6fe9reghf8mvdqmqejoq6ft5',
)
[ info ] [ PARAM ] array (
)
[ info ] [ SESSION ] INIT array (
  'id' => '',
  'var_session_id' => '',
  'prefix' => 'think',
  'type' => '',
  'auto_start' => true,
)
[ info ] [ RUN ] app\admins\controller\Labels->charge[ D:\WWW\video\application\admins\controller\Labels.php ]
[ info ] [ DB ] INIT mysql
[ info ] [ VIEW ] D:\WWW\video\public/../application/admins\view\labels\charge.html [ array (
  0 => 'admin',
  1 => 'data',
) ]
[ info ] [ LOG ] INIT File
[ sql ] [ DB ] CONNECT:[ UseTime:0.012000s ] mysql:host=127.0.0.1;dbname=video;charset=utf8
[ sql ] [ SQL ] SHOW COLUMNS FROM `video_label` [ RunTime:0.048002s ]
[ sql ] [ SQL ] SELECT * FROM `video_label` WHERE  `flag` = 'charge' [ RunTime:0.002000s ]
---------------------------------------------------------------
[ 2018-08-21T09:19:45+08:00 ] 127.0.0.1 GET /admins.php/admins/Video/index
[ info ] www.php.demo/admins.php/admins/Video/index [运行时间：0.224013s][吞吐率：4.46req/s] [内存消耗：2,541.69kb] [文件加载：55]
[ info ] [ LANG ] D:\WWW\video\thinkphp\lang\zh-cn.php
[ info ] [ ROUTE ] array (
  'type' => 'module',
  'module' => 
  array (
    0 => 'admins',
    1 => 'Video',
    2 => 'index',
  ),
)
[ info ] [ HEADER ] array (
  'host' => 'www.php.demo',
  'connection' => 'keep-alive',
  'upgrade-insecure-requests' => '1',
  'user-agent' => 'Mozilla/5.0 (Windows NT 6.1) AppleWebKit/537.36 (KHTML, like Gecko) Chrome/67.0.3396.99 Safari/537.36',
  'accept' => 'text/html,application/xhtml+xml,application/xml;q=0.9,image/webp,image/apng,*/*;q=0.8',
  'referer' => 'http://www.php.demo/admins.php/admins/Home/index',
  'accept-encoding' => 'gzip, deflate',
  'accept-language' => 'zh-CN,zh;q=0.9',
  'cookie' => 'pgv_pvi=2855161856; __uuid=f6410b88-f434-7f88-d485-5d1e1433ebcc; QC006=qfazk7i7ik18t44emf294t7c; Hm_lvt_53b7374a63c37483e5dd97d78d9bb36e=1534729061,1534814179; Hm_lpvt_53b7374a63c37483e5dd97d78d9bb36e=1534814179; QC007=DIRECT; QC008=1534729068.1534729068.1534814179.2; nu=0; QC010=197503084; __dfp=a0ea350ca967c7497b9cb85dbdbda052b8997c44232b81119c8ecf84514dacaf45@1536025068652@1534729068652; PHPSESSID=qr6fe9reghf8mvdqmqejoq6ft5',
)
[ info ] [ PARAM ] array (
)
[ info ] [ SESSION ] INIT array (
  'id' => '',
  'var_session_id' => '',
  'prefix' => 'think',
  'type' => '',
  'auto_start' => true,
)
[ info ] [ RUN ] app\admins\controller\Video->index[ D:\WWW\video\application\admins\controller\Video.php ]
[ info ] [ DB ] INIT mysql
[ info ] [ VIEW ] D:\WWW\video\public/../application/admins\view\video\index.html [ array (
  0 => 'admin',
  1 => 'data',
) ]
[ info ] [ LOG ] INIT File
[ sql ] [ DB ] CONNECT:[ UseTime:0.012001s ] mysql:host=127.0.0.1;dbname=video;charset=utf8
[ sql ] [ SQL ] SHOW COLUMNS FROM `video` [ RunTime:0.035002s ]
[ sql ] [ SQL ] SELECT COUNT(*) AS tp_count FROM `video` LIMIT 1 [ RunTime:0.001000s ]
[ sql ] [ SQL ] SELECT * FROM `video` ORDER BY id desc LIMIT 0,10 [ RunTime:0.002000s ]
[ sql ] [ SQL ] SHOW COLUMNS FROM `video_label` [ RunTime:0.036002s ]
[ sql ] [ SQL ] SELECT * FROM `video_label` WHERE  (  id in(1,11,13,3,12,16,2,4,15,14,5) ) [ RunTime:0.001001s ]
---------------------------------------------------------------
[ 2018-08-21T09:19:48+08:00 ] 127.0.0.1 GET /admins.php/admins/Slide/index
[ info ] www.php.demo/admins.php/admins/Slide/index [运行时间：0.168009s][吞吐率：5.95req/s] [内存消耗：2,391.68kb] [文件加载：52]
[ info ] [ LANG ] D:\WWW\video\thinkphp\lang\zh-cn.php
[ info ] [ ROUTE ] array (
  'type' => 'module',
  'module' => 
  array (
    0 => 'admins',
    1 => 'Slide',
    2 => 'index',
  ),
)
[ info ] [ HEADER ] array (
  'host' => 'www.php.demo',
  'connection' => 'keep-alive',
  'upgrade-insecure-requests' => '1',
  'user-agent' => 'Mozilla/5.0 (Windows NT 6.1) AppleWebKit/537.36 (KHTML, like Gecko) Chrome/67.0.3396.99 Safari/537.36',
  'accept' => 'text/html,application/xhtml+xml,application/xml;q=0.9,image/webp,image/apng,*/*;q=0.8',
  'referer' => 'http://www.php.demo/admins.php/admins/Home/index',
  'accept-encoding' => 'gzip, deflate',
  'accept-language' => 'zh-CN,zh;q=0.9',
  'cookie' => 'pgv_pvi=2855161856; __uuid=f6410b88-f434-7f88-d485-5d1e1433ebcc; QC006=qfazk7i7ik18t44emf294t7c; Hm_lvt_53b7374a63c37483e5dd97d78d9bb36e=1534729061,1534814179; Hm_lpvt_53b7374a63c37483e5dd97d78d9bb36e=1534814179; QC007=DIRECT; QC008=1534729068.1534729068.1534814179.2; nu=0; QC010=197503084; __dfp=a0ea350ca967c7497b9cb85dbdbda052b8997c44232b81119c8ecf84514dacaf45@1536025068652@1534729068652; PHPSESSID=qr6fe9reghf8mvdqmqejoq6ft5',
)
[ info ] [ PARAM ] array (
)
[ info ] [ SESSION ] INIT array (
  'id' => '',
  'var_session_id' => '',
  'prefix' => 'think',
  'type' => '',
  'auto_start' => true,
)
[ info ] [ RUN ] app\admins\controller\Slide->index[ D:\WWW\video\application\admins\controller\Slide.php ]
[ info ] [ DB ] INIT mysql
[ info ] [ VIEW ] D:\WWW\video\public/../application/admins\view\slide\index.html [ array (
  0 => 'admin',
  1 => 'data',
) ]
[ info ] [ LOG ] INIT File
[ sql ] [ DB ] CONNECT:[ UseTime:0.011001s ] mysql:host=127.0.0.1;dbname=video;charset=utf8
[ sql ] [ SQL ] SHOW COLUMNS FROM `slide` [ RunTime:0.030002s ]
[ sql ] [ SQL ] SELECT * FROM `slide` WHERE  `type` = 0 [ RunTime:0.001000s ]
---------------------------------------------------------------
[ 2018-08-21T09:19:51+08:00 ] 127.0.0.1 GET /admins.php/admins/slide/add_first?id=3
[ info ] www.php.demo/admins.php/admins/slide/add_first?id=3 [运行时间：0.229013s][吞吐率：4.37req/s] [内存消耗：2,381.57kb] [文件加载：52]
[ info ] [ LANG ] D:\WWW\video\thinkphp\lang\zh-cn.php
[ info ] [ ROUTE ] array (
  'type' => 'module',
  'module' => 
  array (
    0 => 'admins',
    1 => 'slide',
    2 => 'add_first',
  ),
)
[ info ] [ HEADER ] array (
  'host' => 'www.php.demo',
  'connection' => 'keep-alive',
  'upgrade-insecure-requests' => '1',
  'user-agent' => 'Mozilla/5.0 (Windows NT 6.1) AppleWebKit/537.36 (KHTML, like Gecko) Chrome/67.0.3396.99 Safari/537.36',
  'accept' => 'text/html,application/xhtml+xml,application/xml;q=0.9,image/webp,image/apng,*/*;q=0.8',
  'referer' => 'http://www.php.demo/admins.php/admins/Slide/index',
  'accept-encoding' => 'gzip, deflate',
  'accept-language' => 'zh-CN,zh;q=0.9',
  'cookie' => 'pgv_pvi=2855161856; __uuid=f6410b88-f434-7f88-d485-5d1e1433ebcc; QC006=qfazk7i7ik18t44emf294t7c; Hm_lvt_53b7374a63c37483e5dd97d78d9bb36e=1534729061,1534814179; Hm_lpvt_53b7374a63c37483e5dd97d78d9bb36e=1534814179; QC007=DIRECT; QC008=1534729068.1534729068.1534814179.2; nu=0; QC010=197503084; __dfp=a0ea350ca967c7497b9cb85dbdbda052b8997c44232b81119c8ecf84514dacaf45@1536025068652@1534729068652; PHPSESSID=qr6fe9reghf8mvdqmqejoq6ft5',
)
[ info ] [ PARAM ] array (
  'id' => '3',
)
[ info ] [ SESSION ] INIT array (
  'id' => '',
  'var_session_id' => '',
  'prefix' => 'think',
  'type' => '',
  'auto_start' => true,
)
[ info ] [ RUN ] app\admins\controller\Slide->add_first[ D:\WWW\video\application\admins\controller\Slide.php ]
[ info ] [ DB ] INIT mysql
[ info ] [ VIEW ] D:\WWW\video\public/../application/admins\view\slide\add_first.html [ array (
  0 => 'admin',
  1 => 'data',
) ]
[ info ] [ LOG ] INIT File
[ sql ] [ DB ] CONNECT:[ UseTime:0.012000s ] mysql:host=127.0.0.1;dbname=video;charset=utf8
[ sql ] [ SQL ] SHOW COLUMNS FROM `slide` [ RunTime:0.046003s ]
[ sql ] [ SQL ] SELECT * FROM `slide` WHERE  `id` = 3 LIMIT 1 [ RunTime:0.002000s ]
---------------------------------------------------------------
[ 2018-08-21T09:20:36+08:00 ] 127.0.0.1 GET /admins.php/admins/labels/channel
[ info ] www.php.demo/admins.php/admins/labels/channel [运行时间：0.185011s][吞吐率：5.41req/s] [内存消耗：2,386.74kb] [文件加载：52]
[ info ] [ LANG ] D:\WWW\video\thinkphp\lang\zh-cn.php
[ info ] [ ROUTE ] array (
  'type' => 'module',
  'module' => 
  array (
    0 => 'admins',
    1 => 'labels',
    2 => 'channel',
  ),
)
[ info ] [ HEADER ] array (
  'host' => 'www.php.demo',
  'connection' => 'keep-alive',
  'upgrade-insecure-requests' => '1',
  'user-agent' => 'Mozilla/5.0 (Windows NT 6.1) AppleWebKit/537.36 (KHTML, like Gecko) Chrome/67.0.3396.99 Safari/537.36',
  'accept' => 'text/html,application/xhtml+xml,application/xml;q=0.9,image/webp,image/apng,*/*;q=0.8',
  'referer' => 'http://www.php.demo/admins.php/admins/Home/index',
  'accept-encoding' => 'gzip, deflate',
  'accept-language' => 'zh-CN,zh;q=0.9',
  'cookie' => 'pgv_pvi=2855161856; __uuid=f6410b88-f434-7f88-d485-5d1e1433ebcc; QC006=qfazk7i7ik18t44emf294t7c; Hm_lvt_53b7374a63c37483e5dd97d78d9bb36e=1534729061,1534814179; Hm_lpvt_53b7374a63c37483e5dd97d78d9bb36e=1534814179; QC007=DIRECT; QC008=1534729068.1534729068.1534814179.2; nu=0; QC010=197503084; __dfp=a0ea350ca967c7497b9cb85dbdbda052b8997c44232b81119c8ecf84514dacaf45@1536025068652@1534729068652; PHPSESSID=qr6fe9reghf8mvdqmqejoq6ft5',
)
[ info ] [ PARAM ] array (
)
[ info ] [ SESSION ] INIT array (
  'id' => '',
  'var_session_id' => '',
  'prefix' => 'think',
  'type' => '',
  'auto_start' => true,
)
[ info ] [ RUN ] app\admins\controller\Labels->channel[ D:\WWW\video\application\admins\controller\Labels.php ]
[ info ] [ DB ] INIT mysql
[ info ] [ VIEW ] D:\WWW\video\public/../application/admins\view\labels\channel.html [ array (
  0 => 'admin',
  1 => 'data',
) ]
[ info ] [ LOG ] INIT File
[ sql ] [ DB ] CONNECT:[ UseTime:0.011001s ] mysql:host=127.0.0.1;dbname=video;charset=utf8
[ sql ] [ SQL ] SHOW COLUMNS FROM `video_label` [ RunTime:0.037002s ]
[ sql ] [ SQL ] SELECT * FROM `video_label` WHERE  `flag` = 'channel' [ RunTime:0.003000s ]
---------------------------------------------------------------
[ 2018-08-21T09:20:44+08:00 ] 127.0.0.1 GET /admins.php/admins/labels/charge
[ info ] www.php.demo/admins.php/admins/labels/charge [运行时间：0.186010s][吞吐率：5.38req/s] [内存消耗：2,379.97kb] [文件加载：52]
[ info ] [ LANG ] D:\WWW\video\thinkphp\lang\zh-cn.php
[ info ] [ ROUTE ] array (
  'type' => 'module',
  'module' => 
  array (
    0 => 'admins',
    1 => 'labels',
    2 => 'charge',
  ),
)
[ info ] [ HEADER ] array (
  'host' => 'www.php.demo',
  'connection' => 'keep-alive',
  'upgrade-insecure-requests' => '1',
  'user-agent' => 'Mozilla/5.0 (Windows NT 6.1) AppleWebKit/537.36 (KHTML, like Gecko) Chrome/67.0.3396.99 Safari/537.36',
  'accept' => 'text/html,application/xhtml+xml,application/xml;q=0.9,image/webp,image/apng,*/*;q=0.8',
  'referer' => 'http://www.php.demo/admins.php/admins/Home/index',
  'accept-encoding' => 'gzip, deflate',
  'accept-language' => 'zh-CN,zh;q=0.9',
  'cookie' => 'pgv_pvi=2855161856; __uuid=f6410b88-f434-7f88-d485-5d1e1433ebcc; QC006=qfazk7i7ik18t44emf294t7c; Hm_lvt_53b7374a63c37483e5dd97d78d9bb36e=1534729061,1534814179; Hm_lpvt_53b7374a63c37483e5dd97d78d9bb36e=1534814179; QC007=DIRECT; QC008=1534729068.1534729068.1534814179.2; nu=0; QC010=197503084; __dfp=a0ea350ca967c7497b9cb85dbdbda052b8997c44232b81119c8ecf84514dacaf45@1536025068652@1534729068652; PHPSESSID=qr6fe9reghf8mvdqmqejoq6ft5',
)
[ info ] [ PARAM ] array (
)
[ info ] [ SESSION ] INIT array (
  'id' => '',
  'var_session_id' => '',
  'prefix' => 'think',
  'type' => '',
  'auto_start' => true,
)
[ info ] [ RUN ] app\admins\controller\Labels->charge[ D:\WWW\video\application\admins\controller\Labels.php ]
[ info ] [ DB ] INIT mysql
[ info ] [ VIEW ] D:\WWW\video\public/../application/admins\view\labels\charge.html [ array (
  0 => 'admin',
  1 => 'data',
) ]
[ info ] [ LOG ] INIT File
[ sql ] [ DB ] CONNECT:[ UseTime:0.012000s ] mysql:host=127.0.0.1;dbname=video;charset=utf8
[ sql ] [ SQL ] SHOW COLUMNS FROM `video_label` [ RunTime:0.037002s ]
[ sql ] [ SQL ] SELECT * FROM `video_label` WHERE  `flag` = 'charge' [ RunTime:0.002001s ]
---------------------------------------------------------------
[ 2018-08-21T09:20:46+08:00 ] 127.0.0.1 GET /admins.php/admins/labels/area
[ info ] www.php.demo/admins.php/admins/labels/area [运行时间：0.173010s][吞吐率：5.78req/s] [内存消耗：2,384.87kb] [文件加载：52]
[ info ] [ LANG ] D:\WWW\video\thinkphp\lang\zh-cn.php
[ info ] [ ROUTE ] array (
  'type' => 'module',
  'module' => 
  array (
    0 => 'admins',
    1 => 'labels',
    2 => 'area',
  ),
)
[ info ] [ HEADER ] array (
  'host' => 'www.php.demo',
  'connection' => 'keep-alive',
  'upgrade-insecure-requests' => '1',
  'user-agent' => 'Mozilla/5.0 (Windows NT 6.1) AppleWebKit/537.36 (KHTML, like Gecko) Chrome/67.0.3396.99 Safari/537.36',
  'accept' => 'text/html,application/xhtml+xml,application/xml;q=0.9,image/webp,image/apng,*/*;q=0.8',
  'referer' => 'http://www.php.demo/admins.php/admins/Home/index',
  'accept-encoding' => 'gzip, deflate',
  'accept-language' => 'zh-CN,zh;q=0.9',
  'cookie' => 'pgv_pvi=2855161856; __uuid=f6410b88-f434-7f88-d485-5d1e1433ebcc; QC006=qfazk7i7ik18t44emf294t7c; Hm_lvt_53b7374a63c37483e5dd97d78d9bb36e=1534729061,1534814179; Hm_lpvt_53b7374a63c37483e5dd97d78d9bb36e=1534814179; QC007=DIRECT; QC008=1534729068.1534729068.1534814179.2; nu=0; QC010=197503084; __dfp=a0ea350ca967c7497b9cb85dbdbda052b8997c44232b81119c8ecf84514dacaf45@1536025068652@1534729068652; PHPSESSID=qr6fe9reghf8mvdqmqejoq6ft5',
)
[ info ] [ PARAM ] array (
)
[ info ] [ SESSION ] INIT array (
  'id' => '',
  'var_session_id' => '',
  'prefix' => 'think',
  'type' => '',
  'auto_start' => true,
)
[ info ] [ RUN ] app\admins\controller\Labels->area[ D:\WWW\video\application\admins\controller\Labels.php ]
[ info ] [ DB ] INIT mysql
[ info ] [ VIEW ] D:\WWW\video\public/../application/admins\view\labels\area.html [ array (
  0 => 'admin',
  1 => 'data',
) ]
[ info ] [ LOG ] INIT File
[ sql ] [ DB ] CONNECT:[ UseTime:0.013001s ] mysql:host=127.0.0.1;dbname=video;charset=utf8
[ sql ] [ SQL ] SHOW COLUMNS FROM `video_label` [ RunTime:0.036002s ]
[ sql ] [ SQL ] SELECT * FROM `video_label` WHERE  `flag` = 'area' [ RunTime:0.002000s ]
---------------------------------------------------------------
[ 2018-08-21T09:21:05+08:00 ] 127.0.0.1 GET /admins.php/admins/labels/channel
[ info ] www.php.demo/admins.php/admins/labels/channel [运行时间：0.179010s][吞吐率：5.59req/s] [内存消耗：2,386.74kb] [文件加载：52]
[ info ] [ LANG ] D:\WWW\video\thinkphp\lang\zh-cn.php
[ info ] [ ROUTE ] array (
  'type' => 'module',
  'module' => 
  array (
    0 => 'admins',
    1 => 'labels',
    2 => 'channel',
  ),
)
[ info ] [ HEADER ] array (
  'host' => 'www.php.demo',
  'connection' => 'keep-alive',
  'upgrade-insecure-requests' => '1',
  'user-agent' => 'Mozilla/5.0 (Windows NT 6.1) AppleWebKit/537.36 (KHTML, like Gecko) Chrome/67.0.3396.99 Safari/537.36',
  'accept' => 'text/html,application/xhtml+xml,application/xml;q=0.9,image/webp,image/apng,*/*;q=0.8',
  'referer' => 'http://www.php.demo/admins.php/admins/Home/index',
  'accept-encoding' => 'gzip, deflate',
  'accept-language' => 'zh-CN,zh;q=0.9',
  'cookie' => 'pgv_pvi=2855161856; __uuid=f6410b88-f434-7f88-d485-5d1e1433ebcc; QC006=qfazk7i7ik18t44emf294t7c; Hm_lvt_53b7374a63c37483e5dd97d78d9bb36e=1534729061,1534814179; Hm_lpvt_53b7374a63c37483e5dd97d78d9bb36e=1534814179; QC007=DIRECT; QC008=1534729068.1534729068.1534814179.2; nu=0; QC010=197503084; __dfp=a0ea350ca967c7497b9cb85dbdbda052b8997c44232b81119c8ecf84514dacaf45@1536025068652@1534729068652; PHPSESSID=qr6fe9reghf8mvdqmqejoq6ft5',
)
[ info ] [ PARAM ] array (
)
[ info ] [ SESSION ] INIT array (
  'id' => '',
  'var_session_id' => '',
  'prefix' => 'think',
  'type' => '',
  'auto_start' => true,
)
[ info ] [ RUN ] app\admins\controller\Labels->channel[ D:\WWW\video\application\admins\controller\Labels.php ]
[ info ] [ DB ] INIT mysql
[ info ] [ VIEW ] D:\WWW\video\public/../application/admins\view\labels\channel.html [ array (
  0 => 'admin',
  1 => 'data',
) ]
[ info ] [ LOG ] INIT File
[ sql ] [ DB ] CONNECT:[ UseTime:0.002000s ] mysql:host=127.0.0.1;dbname=video;charset=utf8
[ sql ] [ SQL ] SHOW COLUMNS FROM `video_label` [ RunTime:0.037002s ]
[ sql ] [ SQL ] SELECT * FROM `video_label` WHERE  `flag` = 'channel' [ RunTime:0.002001s ]
---------------------------------------------------------------
[ 2018-08-21T09:21:06+08:00 ] 127.0.0.1 GET /admins.php/admins/labels/charge
[ info ] www.php.demo/admins.php/admins/labels/charge [运行时间：0.195011s][吞吐率：5.13req/s] [内存消耗：2,379.97kb] [文件加载：52]
[ info ] [ LANG ] D:\WWW\video\thinkphp\lang\zh-cn.php
[ info ] [ ROUTE ] array (
  'type' => 'module',
  'module' => 
  array (
    0 => 'admins',
    1 => 'labels',
    2 => 'charge',
  ),
)
[ info ] [ HEADER ] array (
  'host' => 'www.php.demo',
  'connection' => 'keep-alive',
  'upgrade-insecure-requests' => '1',
  'user-agent' => 'Mozilla/5.0 (Windows NT 6.1) AppleWebKit/537.36 (KHTML, like Gecko) Chrome/67.0.3396.99 Safari/537.36',
  'accept' => 'text/html,application/xhtml+xml,application/xml;q=0.9,image/webp,image/apng,*/*;q=0.8',
  'referer' => 'http://www.php.demo/admins.php/admins/Home/index',
  'accept-encoding' => 'gzip, deflate',
  'accept-language' => 'zh-CN,zh;q=0.9',
  'cookie' => 'pgv_pvi=2855161856; __uuid=f6410b88-f434-7f88-d485-5d1e1433ebcc; QC006=qfazk7i7ik18t44emf294t7c; Hm_lvt_53b7374a63c37483e5dd97d78d9bb36e=1534729061,1534814179; Hm_lpvt_53b7374a63c37483e5dd97d78d9bb36e=1534814179; QC007=DIRECT; QC008=1534729068.1534729068.1534814179.2; nu=0; QC010=197503084; __dfp=a0ea350ca967c7497b9cb85dbdbda052b8997c44232b81119c8ecf84514dacaf45@1536025068652@1534729068652; PHPSESSID=qr6fe9reghf8mvdqmqejoq6ft5',
)
[ info ] [ PARAM ] array (
)
[ info ] [ SESSION ] INIT array (
  'id' => '',
  'var_session_id' => '',
  'prefix' => 'think',
  'type' => '',
  'auto_start' => true,
)
[ info ] [ RUN ] app\admins\controller\Labels->charge[ D:\WWW\video\application\admins\controller\Labels.php ]
[ info ] [ DB ] INIT mysql
[ info ] [ VIEW ] D:\WWW\video\public/../application/admins\view\labels\charge.html [ array (
  0 => 'admin',
  1 => 'data',
) ]
[ info ] [ LOG ] INIT File
[ sql ] [ DB ] CONNECT:[ UseTime:0.013000s ] mysql:host=127.0.0.1;dbname=video;charset=utf8
[ sql ] [ SQL ] SHOW COLUMNS FROM `video_label` [ RunTime:0.037003s ]
[ sql ] [ SQL ] SELECT * FROM `video_label` WHERE  `flag` = 'charge' [ RunTime:0.002000s ]
---------------------------------------------------------------
[ 2018-08-21T09:21:07+08:00 ] 127.0.0.1 GET /admins.php/admins/labels/area
[ info ] www.php.demo/admins.php/admins/labels/area [运行时间：0.173010s][吞吐率：5.78req/s] [内存消耗：2,384.87kb] [文件加载：52]
[ info ] [ LANG ] D:\WWW\video\thinkphp\lang\zh-cn.php
[ info ] [ ROUTE ] array (
  'type' => 'module',
  'module' => 
  array (
    0 => 'admins',
    1 => 'labels',
    2 => 'area',
  ),
)
[ info ] [ HEADER ] array (
  'host' => 'www.php.demo',
  'connection' => 'keep-alive',
  'upgrade-insecure-requests' => '1',
  'user-agent' => 'Mozilla/5.0 (Windows NT 6.1) AppleWebKit/537.36 (KHTML, like Gecko) Chrome/67.0.3396.99 Safari/537.36',
  'accept' => 'text/html,application/xhtml+xml,application/xml;q=0.9,image/webp,image/apng,*/*;q=0.8',
  'referer' => 'http://www.php.demo/admins.php/admins/Home/index',
  'accept-encoding' => 'gzip, deflate',
  'accept-language' => 'zh-CN,zh;q=0.9',
  'cookie' => 'pgv_pvi=2855161856; __uuid=f6410b88-f434-7f88-d485-5d1e1433ebcc; QC006=qfazk7i7ik18t44emf294t7c; Hm_lvt_53b7374a63c37483e5dd97d78d9bb36e=1534729061,1534814179; Hm_lpvt_53b7374a63c37483e5dd97d78d9bb36e=1534814179; QC007=DIRECT; QC008=1534729068.1534729068.1534814179.2; nu=0; QC010=197503084; __dfp=a0ea350ca967c7497b9cb85dbdbda052b8997c44232b81119c8ecf84514dacaf45@1536025068652@1534729068652; PHPSESSID=qr6fe9reghf8mvdqmqejoq6ft5',
)
[ info ] [ PARAM ] array (
)
[ info ] [ SESSION ] INIT array (
  'id' => '',
  'var_session_id' => '',
  'prefix' => 'think',
  'type' => '',
  'auto_start' => true,
)
[ info ] [ RUN ] app\admins\controller\Labels->area[ D:\WWW\video\application\admins\controller\Labels.php ]
[ info ] [ DB ] INIT mysql
[ info ] [ VIEW ] D:\WWW\video\public/../application/admins\view\labels\area.html [ array (
  0 => 'admin',
  1 => 'data',
) ]
[ info ] [ LOG ] INIT File
[ sql ] [ DB ] CONNECT:[ UseTime:0.002000s ] mysql:host=127.0.0.1;dbname=video;charset=utf8
[ sql ] [ SQL ] SHOW COLUMNS FROM `video_label` [ RunTime:0.036002s ]
[ sql ] [ SQL ] SELECT * FROM `video_label` WHERE  `flag` = 'area' [ RunTime:0.002000s ]
