---------------------------------------------------------------
[ 2018-07-23T08:23:41+08:00 ] 127.0.0.1 GET /admins.php/admins/Test/index
[ info ] www.php.demo/admins.php/admins/Test/index [运行时间：0.962055s][吞吐率：1.04req/s] [内存消耗：2,382.74kb] [文件加载：50]
[ info ] [ LANG ] D:\WWW\video\thinkphp\lang\zh-cn.php
[ info ] [ ROUTE ] array (
  'type' => 'module',
  'module' => 
  array (
    0 => 'admins',
    1 => 'Test',
    2 => 'index',
  ),
)
[ info ] [ HEADER ] array (
  'host' => 'www.php.demo',
  'connection' => 'keep-alive',
  'cache-control' => 'max-age=0',
  'upgrade-insecure-requests' => '1',
  'user-agent' => 'Mozilla/5.0 (Windows NT 6.1) AppleWebKit/537.36 (KHTML, like Gecko) Chrome/67.0.3396.99 Safari/537.36',
  'accept' => 'text/html,application/xhtml+xml,application/xml;q=0.9,image/webp,image/apng,*/*;q=0.8',
  'accept-encoding' => 'gzip, deflate',
  'accept-language' => 'zh-CN,zh;q=0.9',
)
[ info ] [ PARAM ] array (
)
[ info ] [ RUN ] app\admins\controller\Test->index[ D:\WWW\video\application\admins\controller\Test.php ]
[ info ] [ DB ] INIT mysql
[ info ] [ LOG ] INIT File
[ sql ] [ DB ] CONNECT:[ UseTime:0.030001s ] mysql:host=127.0.0.1;dbname=video;charset=utf8
[ sql ] [ SQL ] SHOW COLUMNS FROM `admins` [ RunTime:0.088005s ]
[ sql ] [ SQL ] SELECT `id`,`username` FROM `admins` [ RunTime:0.002000s ]
[ sql ] [ SQL ] SELECT `id`,`username` FROM `admins` [ RunTime:0.002000s ]
---------------------------------------------------------------
[ 2018-07-23T08:23:51+08:00 ] 127.0.0.1 GET /admins.php/admins/Account/login
[ info ] www.php.demo/admins.php/admins/Account/login [运行时间：0.189011s][吞吐率：5.29req/s] [内存消耗：1,656.47kb] [文件加载：44]
[ info ] [ LANG ] D:\WWW\video\thinkphp\lang\zh-cn.php
[ info ] [ ROUTE ] array (
  'type' => 'module',
  'module' => 
  array (
    0 => 'admins',
    1 => 'Account',
    2 => 'login',
  ),
)
[ info ] [ HEADER ] array (
  'host' => 'www.php.demo',
  'connection' => 'keep-alive',
  'upgrade-insecure-requests' => '1',
  'user-agent' => 'Mozilla/5.0 (Windows NT 6.1) AppleWebKit/537.36 (KHTML, like Gecko) Chrome/67.0.3396.99 Safari/537.36',
  'accept' => 'text/html,application/xhtml+xml,application/xml;q=0.9,image/webp,image/apng,*/*;q=0.8',
  'accept-encoding' => 'gzip, deflate',
  'accept-language' => 'zh-CN,zh;q=0.9',
)
[ info ] [ PARAM ] array (
)
[ info ] [ RUN ] app\admins\controller\Account->login[ D:\WWW\video\application\admins\controller\Account.php ]
[ info ] [ VIEW ] D:\WWW\video\public/../application/admins\view\account\login.html [ array (
) ]
[ info ] [ LOG ] INIT File
---------------------------------------------------------------
[ 2018-07-23T08:23:52+08:00 ] 127.0.0.1 GET /admins.php/captcha.html
[ info ] www.php.demo/admins.php/captcha.html [运行时间：0.834048s][吞吐率：1.20req/s] [内存消耗：1,365.43kb] [文件加载：37]
[ info ] [ LANG ] D:\WWW\video\thinkphp\lang\zh-cn.php
[ info ] [ ROUTE ] array (
  'type' => 'method',
  'method' => 
  array (
    0 => '\\think\\captcha\\CaptchaController',
    1 => 'index',
  ),
  'var' => 
  array (
  ),
)
[ info ] [ HEADER ] array (
  'host' => 'www.php.demo',
  'connection' => 'keep-alive',
  'user-agent' => 'Mozilla/5.0 (Windows NT 6.1) AppleWebKit/537.36 (KHTML, like Gecko) Chrome/67.0.3396.99 Safari/537.36',
  'accept' => 'image/webp,image/apng,image/*,*/*;q=0.8',
  'referer' => 'http://www.php.demo/admins.php/admins/Account/login',
  'accept-encoding' => 'gzip, deflate',
  'accept-language' => 'zh-CN,zh;q=0.9',
)
[ info ] [ PARAM ] array (
  'id' => NULL,
)
[ info ] [ RUN ] think\captcha\CaptchaController->index[ D:\WWW\video\vendor\topthink\think-captcha\src\CaptchaController.php ]
[ info ] [ SESSION ] INIT array (
  'id' => '',
  'var_session_id' => '',
  'prefix' => 'think',
  'type' => '',
  'auto_start' => true,
)
[ info ] [ LOG ] INIT File
---------------------------------------------------------------
[ 2018-07-23T08:24:36+08:00 ] 127.0.0.1 POST /admins.php/admins/account/dologin
[ info ] www.php.demo/admins.php/admins/account/dologin [运行时间：0.296017s][吞吐率：3.38req/s] [内存消耗：2,311.65kb] [文件加载：48]
[ info ] [ LANG ] D:\WWW\video\thinkphp\lang\zh-cn.php
[ info ] [ ROUTE ] array (
  'type' => 'module',
  'module' => 
  array (
    0 => 'admins',
    1 => 'account',
    2 => 'dologin',
  ),
)
[ info ] [ HEADER ] array (
  'host' => 'www.php.demo',
  'connection' => 'keep-alive',
  'content-length' => '32',
  'accept' => 'application/json, text/javascript, */*; q=0.01',
  'origin' => 'http://www.php.demo',
  'x-requested-with' => 'XMLHttpRequest',
  'user-agent' => 'Mozilla/5.0 (Windows NT 6.1) AppleWebKit/537.36 (KHTML, like Gecko) Chrome/67.0.3396.99 Safari/537.36',
  'content-type' => 'application/x-www-form-urlencoded; charset=UTF-8',
  'referer' => 'http://www.php.demo/admins.php/admins/Account/login',
  'accept-encoding' => 'gzip, deflate',
  'accept-language' => 'zh-CN,zh;q=0.9',
  'cookie' => 'PHPSESSID=ujjeefjsecoobi0mks0pionjg7',
)
[ info ] [ PARAM ] array (
  'username' => 'cbq',
  'pwd' => '1',
  'verifycode' => 'we',
)
[ info ] [ RUN ] app\admins\controller\Account->dologin[ D:\WWW\video\application\admins\controller\Account.php ]
[ info ] [ DB ] INIT mysql
[ info ] [ LOG ] INIT File
[ sql ] [ DB ] CONNECT:[ UseTime:0.013001s ] mysql:host=127.0.0.1;dbname=video;charset=utf8
[ sql ] [ SQL ] SHOW COLUMNS FROM `admins` [ RunTime:0.082005s ]
[ sql ] [ SQL ] SELECT * FROM `admins` WHERE  `username` = 'cbq' LIMIT 1 [ RunTime:0.003000s ]
---------------------------------------------------------------
[ 2018-07-23T08:24:37+08:00 ] 127.0.0.1 GET /admins.php/captcha.html?rand=0.16867686050612685
[ info ] www.php.demo/admins.php/captcha.html?rand=0.16867686050612685 [运行时间：0.214012s][吞吐率：4.67req/s] [内存消耗：1,365.81kb] [文件加载：37]
[ info ] [ LANG ] D:\WWW\video\thinkphp\lang\zh-cn.php
[ info ] [ ROUTE ] array (
  'type' => 'method',
  'method' => 
  array (
    0 => '\\think\\captcha\\CaptchaController',
    1 => 'index',
  ),
  'var' => 
  array (
  ),
)
[ info ] [ HEADER ] array (
  'host' => 'www.php.demo',
  'connection' => 'keep-alive',
  'user-agent' => 'Mozilla/5.0 (Windows NT 6.1) AppleWebKit/537.36 (KHTML, like Gecko) Chrome/67.0.3396.99 Safari/537.36',
  'accept' => 'image/webp,image/apng,image/*,*/*;q=0.8',
  'referer' => 'http://www.php.demo/admins.php/admins/Account/login',
  'accept-encoding' => 'gzip, deflate',
  'accept-language' => 'zh-CN,zh;q=0.9',
  'cookie' => 'PHPSESSID=ujjeefjsecoobi0mks0pionjg7',
)
[ info ] [ PARAM ] array (
  'rand' => '0.16867686050612685',
  'id' => NULL,
)
[ info ] [ RUN ] think\captcha\CaptchaController->index[ D:\WWW\video\vendor\topthink\think-captcha\src\CaptchaController.php ]
[ info ] [ SESSION ] INIT array (
  'id' => '',
  'var_session_id' => '',
  'prefix' => 'think',
  'type' => '',
  'auto_start' => true,
)
[ info ] [ LOG ] INIT File
---------------------------------------------------------------
[ 2018-07-23T08:24:45+08:00 ] 127.0.0.1 POST /admins.php/admins/account/dologin
[ info ] www.php.demo/admins.php/admins/account/dologin [运行时间：0.354020s][吞吐率：2.82req/s] [内存消耗：2,364.38kb] [文件加载：49]
[ info ] [ LANG ] D:\WWW\video\thinkphp\lang\zh-cn.php
[ info ] [ ROUTE ] array (
  'type' => 'module',
  'module' => 
  array (
    0 => 'admins',
    1 => 'account',
    2 => 'dologin',
  ),
)
[ info ] [ HEADER ] array (
  'host' => 'www.php.demo',
  'connection' => 'keep-alive',
  'content-length' => '56',
  'accept' => 'application/json, text/javascript, */*; q=0.01',
  'origin' => 'http://www.php.demo',
  'x-requested-with' => 'XMLHttpRequest',
  'user-agent' => 'Mozilla/5.0 (Windows NT 6.1) AppleWebKit/537.36 (KHTML, like Gecko) Chrome/67.0.3396.99 Safari/537.36',
  'content-type' => 'application/x-www-form-urlencoded; charset=UTF-8',
  'referer' => 'http://www.php.demo/admins.php/admins/Account/login',
  'accept-encoding' => 'gzip, deflate',
  'accept-language' => 'zh-CN,zh;q=0.9',
  'cookie' => 'PHPSESSID=ujjeefjsecoobi0mks0pionjg7',
)
[ info ] [ PARAM ] array (
  'username' => '陈冰清',
  'pwd' => '1',
  'verifycode' => 'we',
)
[ info ] [ RUN ] app\admins\controller\Account->dologin[ D:\WWW\video\application\admins\controller\Account.php ]
[ info ] [ DB ] INIT mysql
[ info ] [ SESSION ] INIT array (
  'id' => '',
  'var_session_id' => '',
  'prefix' => 'think',
  'type' => '',
  'auto_start' => true,
)
[ info ] [ LOG ] INIT File
[ sql ] [ DB ] CONNECT:[ UseTime:0.015001s ] mysql:host=127.0.0.1;dbname=video;charset=utf8
[ sql ] [ SQL ] SHOW COLUMNS FROM `admins` [ RunTime:0.057003s ]
[ sql ] [ SQL ] SELECT * FROM `admins` WHERE  `username` = '陈冰清' LIMIT 1 [ RunTime:0.002000s ]
---------------------------------------------------------------
[ 2018-07-23T08:24:46+08:00 ] 127.0.0.1 GET /admins.php/admins/Home/index
[ info ] www.php.demo/admins.php/admins/Home/index [运行时间：0.125008s][吞吐率：8.00req/s] [内存消耗：1,605.18kb] [文件加载：45]
[ info ] [ LANG ] D:\WWW\video\thinkphp\lang\zh-cn.php
[ info ] [ ROUTE ] array (
  'type' => 'module',
  'module' => 
  array (
    0 => 'admins',
    1 => 'Home',
    2 => 'index',
  ),
)
[ info ] [ HEADER ] array (
  'host' => 'www.php.demo',
  'connection' => 'keep-alive',
  'upgrade-insecure-requests' => '1',
  'user-agent' => 'Mozilla/5.0 (Windows NT 6.1) AppleWebKit/537.36 (KHTML, like Gecko) Chrome/67.0.3396.99 Safari/537.36',
  'accept' => 'text/html,application/xhtml+xml,application/xml;q=0.9,image/webp,image/apng,*/*;q=0.8',
  'referer' => 'http://www.php.demo/admins.php/admins/Account/login',
  'accept-encoding' => 'gzip, deflate',
  'accept-language' => 'zh-CN,zh;q=0.9',
  'cookie' => 'PHPSESSID=ujjeefjsecoobi0mks0pionjg7',
)
[ info ] [ PARAM ] array (
)
[ info ] [ SESSION ] INIT array (
  'id' => '',
  'var_session_id' => '',
  'prefix' => 'think',
  'type' => '',
  'auto_start' => true,
)
[ info ] [ RUN ] app\admins\controller\Home->index[ D:\WWW\video\application\admins\controller\Home.php ]
[ info ] [ VIEW ] D:\WWW\video\public/../application/admins\view\home\index.html [ array (
) ]
[ info ] [ LOG ] INIT File
---------------------------------------------------------------
[ 2018-07-23T08:24:46+08:00 ] 127.0.0.1 GET /admins.php/admins/Home/welcome
[ info ] www.php.demo/admins.php/admins/Home/welcome [运行时间：0.158009s][吞吐率：6.33req/s] [内存消耗：1,605.16kb] [文件加载：45]
[ info ] [ LANG ] D:\WWW\video\thinkphp\lang\zh-cn.php
[ info ] [ ROUTE ] array (
  'type' => 'module',
  'module' => 
  array (
    0 => 'admins',
    1 => 'Home',
    2 => 'welcome',
  ),
)
[ info ] [ HEADER ] array (
  'host' => 'www.php.demo',
  'connection' => 'keep-alive',
  'upgrade-insecure-requests' => '1',
  'user-agent' => 'Mozilla/5.0 (Windows NT 6.1) AppleWebKit/537.36 (KHTML, like Gecko) Chrome/67.0.3396.99 Safari/537.36',
  'accept' => 'text/html,application/xhtml+xml,application/xml;q=0.9,image/webp,image/apng,*/*;q=0.8',
  'referer' => 'http://www.php.demo/admins.php/admins/Home/index',
  'accept-encoding' => 'gzip, deflate',
  'accept-language' => 'zh-CN,zh;q=0.9',
  'cookie' => 'PHPSESSID=ujjeefjsecoobi0mks0pionjg7',
)
[ info ] [ PARAM ] array (
)
[ info ] [ SESSION ] INIT array (
  'id' => '',
  'var_session_id' => '',
  'prefix' => 'think',
  'type' => '',
  'auto_start' => true,
)
[ info ] [ RUN ] app\admins\controller\Home->welcome[ D:\WWW\video\application\admins\controller\Home.php ]
[ info ] [ VIEW ] D:\WWW\video\public/../application/admins\view\home\welcome.html [ array (
) ]
[ info ] [ LOG ] INIT File
---------------------------------------------------------------
[ 2018-07-23T08:24:49+08:00 ] 127.0.0.1 GET /admins.php/admins/Admin/index
[ info ] www.php.demo/admins.php/admins/Admin/index [运行时间：0.200011s][吞吐率：5.00req/s] [内存消耗：2,404.58kb] [文件加载：52]
[ info ] [ LANG ] D:\WWW\video\thinkphp\lang\zh-cn.php
[ info ] [ ROUTE ] array (
  'type' => 'module',
  'module' => 
  array (
    0 => 'admins',
    1 => 'Admin',
    2 => 'index',
  ),
)
[ info ] [ HEADER ] array (
  'host' => 'www.php.demo',
  'connection' => 'keep-alive',
  'upgrade-insecure-requests' => '1',
  'user-agent' => 'Mozilla/5.0 (Windows NT 6.1) AppleWebKit/537.36 (KHTML, like Gecko) Chrome/67.0.3396.99 Safari/537.36',
  'accept' => 'text/html,application/xhtml+xml,application/xml;q=0.9,image/webp,image/apng,*/*;q=0.8',
  'referer' => 'http://www.php.demo/admins.php/admins/Home/index',
  'accept-encoding' => 'gzip, deflate',
  'accept-language' => 'zh-CN,zh;q=0.9',
  'cookie' => 'PHPSESSID=ujjeefjsecoobi0mks0pionjg7',
)
[ info ] [ PARAM ] array (
)
[ info ] [ SESSION ] INIT array (
  'id' => '',
  'var_session_id' => '',
  'prefix' => 'think',
  'type' => '',
  'auto_start' => true,
)
[ info ] [ RUN ] app\admins\controller\Admin->index[ D:\WWW\video\application\admins\controller\Admin.php ]
[ info ] [ DB ] INIT mysql
[ info ] [ VIEW ] D:\WWW\video\public/../application/admins\view\admin\index.html [ array (
  0 => 'data',
) ]
[ info ] [ LOG ] INIT File
[ sql ] [ DB ] CONNECT:[ UseTime:0.013001s ] mysql:host=127.0.0.1;dbname=video;charset=utf8
[ sql ] [ SQL ] SHOW COLUMNS FROM `admins` [ RunTime:0.045003s ]
[ sql ] [ SQL ] SELECT * FROM `admins` [ RunTime:0.001000s ]
---------------------------------------------------------------
[ 2018-07-23T09:36:29+08:00 ] 127.0.0.1 GET /admins.php/admins/Home/index
[ info ] www.php.demo/admins.php/admins/Home/index [运行时间：1.397080s][吞吐率：0.72req/s] [内存消耗：1,605.18kb] [文件加载：45]
[ info ] [ LANG ] D:\WWW\video\thinkphp\lang\zh-cn.php
[ info ] [ ROUTE ] array (
  'type' => 'module',
  'module' => 
  array (
    0 => 'admins',
    1 => 'Home',
    2 => 'index',
  ),
)
[ info ] [ HEADER ] array (
  'host' => 'www.php.demo',
  'connection' => 'keep-alive',
  'upgrade-insecure-requests' => '1',
  'user-agent' => 'Mozilla/5.0 (Windows NT 6.1) AppleWebKit/537.36 (KHTML, like Gecko) Chrome/67.0.3396.99 Safari/537.36',
  'accept' => 'text/html,application/xhtml+xml,application/xml;q=0.9,image/webp,image/apng,*/*;q=0.8',
  'referer' => 'http://www.php.demo/admins.php/admins/Account/login',
  'accept-encoding' => 'gzip, deflate',
  'accept-language' => 'zh-CN,zh;q=0.9',
  'cookie' => 'PHPSESSID=ujjeefjsecoobi0mks0pionjg7',
)
[ info ] [ PARAM ] array (
)
[ info ] [ SESSION ] INIT array (
  'id' => '',
  'var_session_id' => '',
  'prefix' => 'think',
  'type' => '',
  'auto_start' => true,
)
[ info ] [ RUN ] app\admins\controller\Home->index[ D:\WWW\video\application\admins\controller\Home.php ]
[ info ] [ VIEW ] D:\WWW\video\public/../application/admins\view\home\index.html [ array (
) ]
[ info ] [ LOG ] INIT File
---------------------------------------------------------------
[ 2018-07-23T09:36:30+08:00 ] 127.0.0.1 GET /admins.php/admins/Admin/index
[ info ] www.php.demo/admins.php/admins/Admin/index [运行时间：0.403023s][吞吐率：2.48req/s] [内存消耗：2,404.22kb] [文件加载：52]
[ info ] [ LANG ] D:\WWW\video\thinkphp\lang\zh-cn.php
[ info ] [ ROUTE ] array (
  'type' => 'module',
  'module' => 
  array (
    0 => 'admins',
    1 => 'Admin',
    2 => 'index',
  ),
)
[ info ] [ HEADER ] array (
  'host' => 'www.php.demo',
  'connection' => 'keep-alive',
  'upgrade-insecure-requests' => '1',
  'user-agent' => 'Mozilla/5.0 (Windows NT 6.1) AppleWebKit/537.36 (KHTML, like Gecko) Chrome/67.0.3396.99 Safari/537.36',
  'accept' => 'text/html,application/xhtml+xml,application/xml;q=0.9,image/webp,image/apng,*/*;q=0.8',
  'referer' => 'http://www.php.demo/admins.php/admins/Home/welcome',
  'accept-encoding' => 'gzip, deflate',
  'accept-language' => 'zh-CN,zh;q=0.9',
  'cookie' => 'PHPSESSID=ujjeefjsecoobi0mks0pionjg7',
)
[ info ] [ PARAM ] array (
)
[ info ] [ SESSION ] INIT array (
  'id' => '',
  'var_session_id' => '',
  'prefix' => 'think',
  'type' => '',
  'auto_start' => true,
)
[ info ] [ RUN ] app\admins\controller\Admin->index[ D:\WWW\video\application\admins\controller\Admin.php ]
[ info ] [ DB ] INIT mysql
[ info ] [ VIEW ] D:\WWW\video\public/../application/admins\view\admin\index.html [ array (
  0 => 'data',
) ]
[ info ] [ LOG ] INIT File
[ sql ] [ DB ] CONNECT:[ UseTime:0.008001s ] mysql:host=127.0.0.1;dbname=video;charset=utf8
[ sql ] [ SQL ] SHOW COLUMNS FROM `admins` [ RunTime:0.049003s ]
[ sql ] [ SQL ] SELECT * FROM `admins` [ RunTime:0.002000s ]
---------------------------------------------------------------
[ 2018-07-23T09:36:32+08:00 ] 127.0.0.1 GET /admins.php
[ info ] www.php.demo/admins.php [运行时间：0.092005s][吞吐率：10.87req/s] [内存消耗：1,303.48kb] [文件加载：36]
[ info ] [ LANG ] D:\WWW\video\thinkphp\lang\zh-cn.php
[ info ] [ ROUTE ] array (
  'type' => 'module',
  'module' => 
  array (
    0 => '',
    1 => NULL,
    2 => NULL,
  ),
)
[ info ] [ HEADER ] array (
  'host' => 'www.php.demo',
  'accept-encoding' => 'compress,gzip',
  'connection' => 'Close',
)
[ info ] [ PARAM ] array (
)
[ info ] [ RUN ] app\index\controller\Index->index[ D:\WWW\video\application\index\controller\Index.php ]
[ info ] [ LOG ] INIT File
