---------------------------------------------------------------
[ 2018-07-26T17:09:18+08:00 ] 127.0.0.1 GET /admins.php/admins/Test/index
[ info ] www.php.demo/admins.php/admins/Test/index [运行时间：1.247072s][吞吐率：0.80req/s] [内存消耗：2,385.16kb] [文件加载：50]
[ info ] [ LANG ] D:\WWW\video\thinkphp\lang\zh-cn.php
[ info ] [ ROUTE ] array (
  'type' => 'module',
  'module' => 
  array (
    0 => 'admins',
    1 => 'Test',
    2 => 'index',
  ),
)
[ info ] [ HEADER ] array (
  'host' => 'www.php.demo',
  'connection' => 'keep-alive',
  'upgrade-insecure-requests' => '1',
  'user-agent' => 'Mozilla/5.0 (Windows NT 6.1) AppleWebKit/537.36 (KHTML, like Gecko) Chrome/67.0.3396.99 Safari/537.36',
  'accept' => 'text/html,application/xhtml+xml,application/xml;q=0.9,image/webp,image/apng,*/*;q=0.8',
  'accept-encoding' => 'gzip, deflate',
  'accept-language' => 'zh-CN,zh;q=0.9',
)
[ info ] [ PARAM ] array (
)
[ info ] [ RUN ] app\admins\controller\Test->index[ D:\WWW\video\application\admins\controller\Test.php ]
[ info ] [ DB ] INIT mysql
[ info ] [ LOG ] INIT File
[ sql ] [ DB ] CONNECT:[ UseTime:0.047002s ] mysql:host=127.0.0.1;dbname=video;charset=utf8
[ sql ] [ SQL ] SHOW COLUMNS FROM `admins` [ RunTime:0.100005s ]
[ sql ] [ SQL ] SELECT `id`,`username` FROM `admins` [ RunTime:0.003000s ]
[ sql ] [ SQL ] SELECT `id`,`username` FROM `admins` [ RunTime:0.004000s ]
---------------------------------------------------------------
[ 2018-07-26T17:09:31+08:00 ] 127.0.0.1 GET /admins.php/admins/menu/
[ info ] www.php.demo/admins.php/admins/menu/ [运行时间：0.149009s][吞吐率：6.71req/s] [内存消耗：1,563.76kb] [文件加载：42]
[ info ] [ LANG ] D:\WWW\video\thinkphp\lang\zh-cn.php
[ info ] [ ROUTE ] array (
  'type' => 'module',
  'module' => 
  array (
    0 => 'admins',
    1 => 'menu',
    2 => NULL,
  ),
)
[ info ] [ HEADER ] array (
  'host' => 'www.php.demo',
  'connection' => 'keep-alive',
  'upgrade-insecure-requests' => '1',
  'user-agent' => 'Mozilla/5.0 (Windows NT 6.1) AppleWebKit/537.36 (KHTML, like Gecko) Chrome/67.0.3396.99 Safari/537.36',
  'accept' => 'text/html,application/xhtml+xml,application/xml;q=0.9,image/webp,image/apng,*/*;q=0.8',
  'accept-encoding' => 'gzip, deflate',
  'accept-language' => 'zh-CN,zh;q=0.9',
)
[ info ] [ PARAM ] array (
)
[ info ] [ SESSION ] INIT array (
  'id' => '',
  'var_session_id' => '',
  'prefix' => 'think',
  'type' => '',
  'auto_start' => true,
)
[ info ] [ LOG ] INIT File
---------------------------------------------------------------
[ 2018-07-26T17:09:31+08:00 ] 127.0.0.1 GET /admins.php/admins/Account/login
[ info ] www.php.demo/admins.php/admins/Account/login [运行时间：0.163009s][吞吐率：6.13req/s] [内存消耗：1,656.82kb] [文件加载：44]
[ info ] [ LANG ] D:\WWW\video\thinkphp\lang\zh-cn.php
[ info ] [ ROUTE ] array (
  'type' => 'module',
  'module' => 
  array (
    0 => 'admins',
    1 => 'Account',
    2 => 'login',
  ),
)
[ info ] [ HEADER ] array (
  'host' => 'www.php.demo',
  'connection' => 'keep-alive',
  'upgrade-insecure-requests' => '1',
  'user-agent' => 'Mozilla/5.0 (Windows NT 6.1) AppleWebKit/537.36 (KHTML, like Gecko) Chrome/67.0.3396.99 Safari/537.36',
  'accept' => 'text/html,application/xhtml+xml,application/xml;q=0.9,image/webp,image/apng,*/*;q=0.8',
  'accept-encoding' => 'gzip, deflate',
  'accept-language' => 'zh-CN,zh;q=0.9',
  'cookie' => 'PHPSESSID=7gjebmqg3ek5fgsdmukivogo74',
)
[ info ] [ PARAM ] array (
)
[ info ] [ RUN ] app\admins\controller\Account->login[ D:\WWW\video\application\admins\controller\Account.php ]
[ info ] [ VIEW ] D:\WWW\video\public/../application/admins\view\account\login.html [ array (
) ]
[ info ] [ LOG ] INIT File
---------------------------------------------------------------
[ 2018-07-26T17:09:32+08:00 ] 127.0.0.1 GET /admins.php/captcha.html
[ info ] www.php.demo/admins.php/captcha.html [运行时间：0.586034s][吞吐率：1.71req/s] [内存消耗：1,365.53kb] [文件加载：37]
[ info ] [ LANG ] D:\WWW\video\thinkphp\lang\zh-cn.php
[ info ] [ ROUTE ] array (
  'type' => 'method',
  'method' => 
  array (
    0 => '\\think\\captcha\\CaptchaController',
    1 => 'index',
  ),
  'var' => 
  array (
  ),
)
[ info ] [ HEADER ] array (
  'host' => 'www.php.demo',
  'connection' => 'keep-alive',
  'user-agent' => 'Mozilla/5.0 (Windows NT 6.1) AppleWebKit/537.36 (KHTML, like Gecko) Chrome/67.0.3396.99 Safari/537.36',
  'accept' => 'image/webp,image/apng,image/*,*/*;q=0.8',
  'referer' => 'http://www.php.demo/admins.php/admins/Account/login',
  'accept-encoding' => 'gzip, deflate',
  'accept-language' => 'zh-CN,zh;q=0.9',
  'cookie' => 'PHPSESSID=7gjebmqg3ek5fgsdmukivogo74',
)
[ info ] [ PARAM ] array (
  'id' => NULL,
)
[ info ] [ RUN ] think\captcha\CaptchaController->index[ D:\WWW\video\vendor\topthink\think-captcha\src\CaptchaController.php ]
[ info ] [ SESSION ] INIT array (
  'id' => '',
  'var_session_id' => '',
  'prefix' => 'think',
  'type' => '',
  'auto_start' => true,
)
[ info ] [ LOG ] INIT File
---------------------------------------------------------------
[ 2018-07-26T17:09:41+08:00 ] 127.0.0.1 POST /admins.php/admins/account/dologin
[ info ] www.php.demo/admins.php/admins/account/dologin [运行时间：0.280016s][吞吐率：3.57req/s] [内存消耗：2,315.13kb] [文件加载：48]
[ info ] [ LANG ] D:\WWW\video\thinkphp\lang\zh-cn.php
[ info ] [ ROUTE ] array (
  'type' => 'module',
  'module' => 
  array (
    0 => 'admins',
    1 => 'account',
    2 => 'dologin',
  ),
)
[ info ] [ HEADER ] array (
  'host' => 'www.php.demo',
  'connection' => 'keep-alive',
  'content-length' => '32',
  'accept' => 'application/json, text/javascript, */*; q=0.01',
  'origin' => 'http://www.php.demo',
  'x-requested-with' => 'XMLHttpRequest',
  'user-agent' => 'Mozilla/5.0 (Windows NT 6.1) AppleWebKit/537.36 (KHTML, like Gecko) Chrome/67.0.3396.99 Safari/537.36',
  'content-type' => 'application/x-www-form-urlencoded; charset=UTF-8',
  'referer' => 'http://www.php.demo/admins.php/admins/Account/login',
  'accept-encoding' => 'gzip, deflate',
  'accept-language' => 'zh-CN,zh;q=0.9',
  'cookie' => 'PHPSESSID=7gjebmqg3ek5fgsdmukivogo74',
)
[ info ] [ PARAM ] array (
  'username' => 'cbq',
  'pwd' => '1',
  'verifycode' => 'er',
)
[ info ] [ RUN ] app\admins\controller\Account->dologin[ D:\WWW\video\application\admins\controller\Account.php ]
[ info ] [ DB ] INIT mysql
[ info ] [ LOG ] INIT File
[ sql ] [ DB ] CONNECT:[ UseTime:0.009000s ] mysql:host=127.0.0.1;dbname=video;charset=utf8
[ sql ] [ SQL ] SHOW COLUMNS FROM `admins` [ RunTime:0.069004s ]
[ sql ] [ SQL ] SELECT * FROM `admins` WHERE  `username` = 'cbq' LIMIT 1 [ RunTime:0.008001s ]
---------------------------------------------------------------
[ 2018-07-26T17:09:41+08:00 ] 127.0.0.1 GET /admins.php/captcha.html?rand=0.20746217688376833
[ info ] www.php.demo/admins.php/captcha.html?rand=0.20746217688376833 [运行时间：0.241014s][吞吐率：4.15req/s] [内存消耗：1,365.73kb] [文件加载：37]
[ info ] [ LANG ] D:\WWW\video\thinkphp\lang\zh-cn.php
[ info ] [ ROUTE ] array (
  'type' => 'method',
  'method' => 
  array (
    0 => '\\think\\captcha\\CaptchaController',
    1 => 'index',
  ),
  'var' => 
  array (
  ),
)
[ info ] [ HEADER ] array (
  'host' => 'www.php.demo',
  'connection' => 'keep-alive',
  'user-agent' => 'Mozilla/5.0 (Windows NT 6.1) AppleWebKit/537.36 (KHTML, like Gecko) Chrome/67.0.3396.99 Safari/537.36',
  'accept' => 'image/webp,image/apng,image/*,*/*;q=0.8',
  'referer' => 'http://www.php.demo/admins.php/admins/Account/login',
  'accept-encoding' => 'gzip, deflate',
  'accept-language' => 'zh-CN,zh;q=0.9',
  'cookie' => 'PHPSESSID=7gjebmqg3ek5fgsdmukivogo74',
)
[ info ] [ PARAM ] array (
  'rand' => '0.20746217688376833',
  'id' => NULL,
)
[ info ] [ RUN ] think\captcha\CaptchaController->index[ D:\WWW\video\vendor\topthink\think-captcha\src\CaptchaController.php ]
[ info ] [ SESSION ] INIT array (
  'id' => '',
  'var_session_id' => '',
  'prefix' => 'think',
  'type' => '',
  'auto_start' => true,
)
[ info ] [ LOG ] INIT File
---------------------------------------------------------------
[ 2018-07-26T17:09:47+08:00 ] 127.0.0.1 POST /admins.php/admins/account/dologin
[ info ] www.php.demo/admins.php/admins/account/dologin [运行时间：0.361021s][吞吐率：2.77req/s] [内存消耗：2,366.77kb] [文件加载：49]
[ info ] [ LANG ] D:\WWW\video\thinkphp\lang\zh-cn.php
[ info ] [ ROUTE ] array (
  'type' => 'module',
  'module' => 
  array (
    0 => 'admins',
    1 => 'account',
    2 => 'dologin',
  ),
)
[ info ] [ HEADER ] array (
  'host' => 'www.php.demo',
  'connection' => 'keep-alive',
  'content-length' => '56',
  'accept' => 'application/json, text/javascript, */*; q=0.01',
  'origin' => 'http://www.php.demo',
  'x-requested-with' => 'XMLHttpRequest',
  'user-agent' => 'Mozilla/5.0 (Windows NT 6.1) AppleWebKit/537.36 (KHTML, like Gecko) Chrome/67.0.3396.99 Safari/537.36',
  'content-type' => 'application/x-www-form-urlencoded; charset=UTF-8',
  'referer' => 'http://www.php.demo/admins.php/admins/Account/login',
  'accept-encoding' => 'gzip, deflate',
  'accept-language' => 'zh-CN,zh;q=0.9',
  'cookie' => 'PHPSESSID=7gjebmqg3ek5fgsdmukivogo74',
)
[ info ] [ PARAM ] array (
  'username' => '陈冰清',
  'pwd' => '1',
  'verifycode' => 'er',
)
[ info ] [ RUN ] app\admins\controller\Account->dologin[ D:\WWW\video\application\admins\controller\Account.php ]
[ info ] [ DB ] INIT mysql
[ info ] [ SESSION ] INIT array (
  'id' => '',
  'var_session_id' => '',
  'prefix' => 'think',
  'type' => '',
  'auto_start' => true,
)
[ info ] [ LOG ] INIT File
[ sql ] [ DB ] CONNECT:[ UseTime:0.018001s ] mysql:host=127.0.0.1;dbname=video;charset=utf8
[ sql ] [ SQL ] SHOW COLUMNS FROM `admins` [ RunTime:0.073004s ]
[ sql ] [ SQL ] SELECT * FROM `admins` WHERE  `username` = '陈冰清' LIMIT 1 [ RunTime:0.002000s ]
---------------------------------------------------------------
[ 2018-07-26T17:09:49+08:00 ] 127.0.0.1 GET /admins.php/admins/Home/index
[ info ] www.php.demo/admins.php/admins/Home/index [运行时间：0.143008s][吞吐率：6.99req/s] [内存消耗：1,607.64kb] [文件加载：45]
[ info ] [ LANG ] D:\WWW\video\thinkphp\lang\zh-cn.php
[ info ] [ ROUTE ] array (
  'type' => 'module',
  'module' => 
  array (
    0 => 'admins',
    1 => 'Home',
    2 => 'index',
  ),
)
[ info ] [ HEADER ] array (
  'host' => 'www.php.demo',
  'connection' => 'keep-alive',
  'upgrade-insecure-requests' => '1',
  'user-agent' => 'Mozilla/5.0 (Windows NT 6.1) AppleWebKit/537.36 (KHTML, like Gecko) Chrome/67.0.3396.99 Safari/537.36',
  'accept' => 'text/html,application/xhtml+xml,application/xml;q=0.9,image/webp,image/apng,*/*;q=0.8',
  'referer' => 'http://www.php.demo/admins.php/admins/Account/login',
  'accept-encoding' => 'gzip, deflate',
  'accept-language' => 'zh-CN,zh;q=0.9',
  'cookie' => 'PHPSESSID=7gjebmqg3ek5fgsdmukivogo74',
)
[ info ] [ PARAM ] array (
)
[ info ] [ SESSION ] INIT array (
  'id' => '',
  'var_session_id' => '',
  'prefix' => 'think',
  'type' => '',
  'auto_start' => true,
)
[ info ] [ RUN ] app\admins\controller\Home->index[ D:\WWW\video\application\admins\controller\Home.php ]
[ info ] [ VIEW ] D:\WWW\video\public/../application/admins\view\home\index.html [ array (
) ]
[ info ] [ LOG ] INIT File
---------------------------------------------------------------
[ 2018-07-26T17:09:49+08:00 ] 127.0.0.1 GET /admins.php/admins/Home/welcome
[ info ] www.php.demo/admins.php/admins/Home/welcome [运行时间：0.149009s][吞吐率：6.71req/s] [内存消耗：1,607.61kb] [文件加载：45]
[ info ] [ LANG ] D:\WWW\video\thinkphp\lang\zh-cn.php
[ info ] [ ROUTE ] array (
  'type' => 'module',
  'module' => 
  array (
    0 => 'admins',
    1 => 'Home',
    2 => 'welcome',
  ),
)
[ info ] [ HEADER ] array (
  'host' => 'www.php.demo',
  'connection' => 'keep-alive',
  'upgrade-insecure-requests' => '1',
  'user-agent' => 'Mozilla/5.0 (Windows NT 6.1) AppleWebKit/537.36 (KHTML, like Gecko) Chrome/67.0.3396.99 Safari/537.36',
  'accept' => 'text/html,application/xhtml+xml,application/xml;q=0.9,image/webp,image/apng,*/*;q=0.8',
  'referer' => 'http://www.php.demo/admins.php/admins/Home/index',
  'accept-encoding' => 'gzip, deflate',
  'accept-language' => 'zh-CN,zh;q=0.9',
  'cookie' => 'PHPSESSID=7gjebmqg3ek5fgsdmukivogo74',
)
[ info ] [ PARAM ] array (
)
[ info ] [ SESSION ] INIT array (
  'id' => '',
  'var_session_id' => '',
  'prefix' => 'think',
  'type' => '',
  'auto_start' => true,
)
[ info ] [ RUN ] app\admins\controller\Home->welcome[ D:\WWW\video\application\admins\controller\Home.php ]
[ info ] [ VIEW ] D:\WWW\video\public/../application/admins\view\home\welcome.html [ array (
) ]
[ info ] [ LOG ] INIT File
---------------------------------------------------------------
[ 2018-07-26T17:09:51+08:00 ] 127.0.0.1 GET /admins.php/admins/Menu/index
[ info ] www.php.demo/admins.php/admins/Menu/index [运行时间：0.193011s][吞吐率：5.18req/s] [内存消耗：2,551.76kb] [文件加载：54]
[ info ] [ LANG ] D:\WWW\video\thinkphp\lang\zh-cn.php
[ info ] [ ROUTE ] array (
  'type' => 'module',
  'module' => 
  array (
    0 => 'admins',
    1 => 'Menu',
    2 => 'index',
  ),
)
[ info ] [ HEADER ] array (
  'host' => 'www.php.demo',
  'connection' => 'keep-alive',
  'upgrade-insecure-requests' => '1',
  'user-agent' => 'Mozilla/5.0 (Windows NT 6.1) AppleWebKit/537.36 (KHTML, like Gecko) Chrome/67.0.3396.99 Safari/537.36',
  'accept' => 'text/html,application/xhtml+xml,application/xml;q=0.9,image/webp,image/apng,*/*;q=0.8',
  'referer' => 'http://www.php.demo/admins.php/admins/Home/index',
  'accept-encoding' => 'gzip, deflate',
  'accept-language' => 'zh-CN,zh;q=0.9',
  'cookie' => 'PHPSESSID=7gjebmqg3ek5fgsdmukivogo74',
)
[ info ] [ PARAM ] array (
)
[ info ] [ SESSION ] INIT array (
  'id' => '',
  'var_session_id' => '',
  'prefix' => 'think',
  'type' => '',
  'auto_start' => true,
)
[ info ] [ RUN ] app\admins\controller\Menu->index[ D:\WWW\video\application\admins\controller\Menu.php ]
[ info ] [ DB ] INIT mysql
[ info ] [ VIEW ] D:\WWW\video\public/../application/admins\view\menu\index.html [ array (
  0 => 'pid',
  1 => 'backid',
  2 => 'data',
) ]
[ info ] [ LOG ] INIT File
[ sql ] [ DB ] CONNECT:[ UseTime:0.002000s ] mysql:host=127.0.0.1;dbname=video;charset=utf8
[ sql ] [ SQL ] SHOW COLUMNS FROM `admin_menus` [ RunTime:0.037002s ]
[ sql ] [ SQL ] SELECT * FROM `admin_menus` WHERE  `pid` = 0 [ RunTime:0.002000s ]
---------------------------------------------------------------
[ 2018-07-26T17:10:11+08:00 ] 127.0.0.1 POST /admins.php/admins/menu/save
[ info ] www.php.demo/admins.php/admins/menu/save [运行时间：0.126007s][吞吐率：7.94req/s] [内存消耗：1,642.65kb] [文件加载：46]
[ info ] [ LANG ] D:\WWW\video\thinkphp\lang\zh-cn.php
[ info ] [ ROUTE ] array (
  'type' => 'module',
  'module' => 
  array (
    0 => 'admins',
    1 => 'menu',
    2 => 'save',
  ),
)
[ info ] [ HEADER ] array (
  'host' => 'www.php.demo',
  'connection' => 'keep-alive',
  'content-length' => '519',
  'accept' => 'application/json, text/javascript, */*; q=0.01',
  'origin' => 'http://www.php.demo',
  'x-requested-with' => 'XMLHttpRequest',
  'user-agent' => 'Mozilla/5.0 (Windows NT 6.1) AppleWebKit/537.36 (KHTML, like Gecko) Chrome/67.0.3396.99 Safari/537.36',
  'content-type' => 'application/x-www-form-urlencoded; charset=UTF-8',
  'referer' => 'http://www.php.demo/admins.php/admins/Menu/index',
  'accept-encoding' => 'gzip, deflate',
  'accept-language' => 'zh-CN,zh;q=0.9',
  'cookie' => 'PHPSESSID=7gjebmqg3ek5fgsdmukivogo74',
)
[ info ] [ PARAM ] array (
  'ords' => 
  array (
    1 => '0',
    2 => '0',
    3 => '0',
    0 => '',
  ),
  'titles' => 
  array (
    '管理员管理' => '管理员管理',
    '权限管理' => '权限管理',
    '系统设置' => '系统设置',
    0 => '文章管理',
  ),
  'controllers' => 
  array (
    0 => '',
    1 => '',
    2 => '',
  ),
  'methods' => 
  array (
    0 => '',
    1 => '',
    2 => '',
  ),
)
[ info ] [ SESSION ] INIT array (
  'id' => '',
  'var_session_id' => '',
  'prefix' => 'think',
  'type' => '',
  'auto_start' => true,
)
[ info ] [ RUN ] app\admins\controller\Menu->save[ D:\WWW\video\application\admins\controller\Menu.php ]
[ info ] [ LOG ] INIT File
[ error ] [0]variable type error：array[D:\WWW\video\thinkphp\library\think\Request.php:1133]
---------------------------------------------------------------
[ 2018-07-26T17:15:44+08:00 ] 127.0.0.1 GET /admins.php/admins/Menu/index
[ info ] www.php.demo/admins.php/admins/Menu/index [运行时间：0.229013s][吞吐率：4.37req/s] [内存消耗：2,405.84kb] [文件加载：52]
[ info ] [ LANG ] D:\WWW\video\thinkphp\lang\zh-cn.php
[ info ] [ ROUTE ] array (
  'type' => 'module',
  'module' => 
  array (
    0 => 'admins',
    1 => 'Menu',
    2 => 'index',
  ),
)
[ info ] [ HEADER ] array (
  'host' => 'www.php.demo',
  'connection' => 'keep-alive',
  'cache-control' => 'max-age=0',
  'upgrade-insecure-requests' => '1',
  'user-agent' => 'Mozilla/5.0 (Windows NT 6.1) AppleWebKit/537.36 (KHTML, like Gecko) Chrome/67.0.3396.99 Safari/537.36',
  'accept' => 'text/html,application/xhtml+xml,application/xml;q=0.9,image/webp,image/apng,*/*;q=0.8',
  'referer' => 'http://www.php.demo/admins.php/admins/Home/index',
  'accept-encoding' => 'gzip, deflate',
  'accept-language' => 'zh-CN,zh;q=0.9',
  'cookie' => 'PHPSESSID=7gjebmqg3ek5fgsdmukivogo74',
)
[ info ] [ PARAM ] array (
)
[ info ] [ SESSION ] INIT array (
  'id' => '',
  'var_session_id' => '',
  'prefix' => 'think',
  'type' => '',
  'auto_start' => true,
)
[ info ] [ RUN ] app\admins\controller\Menu->index[ D:\WWW\video\application\admins\controller\Menu.php ]
[ info ] [ DB ] INIT mysql
[ info ] [ VIEW ] D:\WWW\video\public/../application/admins\view\menu\index.html [ array (
  0 => 'pid',
  1 => 'backid',
  2 => 'data',
) ]
[ info ] [ LOG ] INIT File
[ sql ] [ DB ] CONNECT:[ UseTime:0.011000s ] mysql:host=127.0.0.1;dbname=video;charset=utf8
[ sql ] [ SQL ] SHOW COLUMNS FROM `admin_menus` [ RunTime:0.029002s ]
[ sql ] [ SQL ] SELECT * FROM `admin_menus` WHERE  `pid` = 0 [ RunTime:0.001000s ]
---------------------------------------------------------------
[ 2018-07-26T17:15:46+08:00 ] 127.0.0.1 POST /admins.php/admins/menu/save
[ info ] www.php.demo/admins.php/admins/menu/save [运行时间：0.134007s][吞吐率：7.46req/s] [内存消耗：1,612.34kb] [文件加载：44]
[ info ] [ LANG ] D:\WWW\video\thinkphp\lang\zh-cn.php
[ info ] [ ROUTE ] array (
  'type' => 'module',
  'module' => 
  array (
    0 => 'admins',
    1 => 'menu',
    2 => 'save',
  ),
)
[ info ] [ HEADER ] array (
  'host' => 'www.php.demo',
  'connection' => 'keep-alive',
  'content-length' => '483',
  'accept' => 'application/json, text/javascript, */*; q=0.01',
  'origin' => 'http://www.php.demo',
  'x-requested-with' => 'XMLHttpRequest',
  'user-agent' => 'Mozilla/5.0 (Windows NT 6.1) AppleWebKit/537.36 (KHTML, like Gecko) Chrome/67.0.3396.99 Safari/537.36',
  'content-type' => 'application/x-www-form-urlencoded; charset=UTF-8',
  'referer' => 'http://www.php.demo/admins.php/admins/Menu/index',
  'accept-encoding' => 'gzip, deflate',
  'accept-language' => 'zh-CN,zh;q=0.9',
  'cookie' => 'PHPSESSID=7gjebmqg3ek5fgsdmukivogo74',
)
[ info ] [ PARAM ] array (
  'ords' => 
  array (
    1 => '0',
    2 => '0',
    3 => '0',
    0 => '',
  ),
  'titles' => 
  array (
    '管理员管理' => '管理员管理',
    '权限管理' => '权限管理',
    '系统设置' => '系统设置',
    0 => '',
  ),
  'controllers' => 
  array (
    0 => '',
    1 => '',
    2 => '',
  ),
  'methods' => 
  array (
    0 => '',
    1 => '',
    2 => '',
  ),
)
[ info ] [ SESSION ] INIT array (
  'id' => '',
  'var_session_id' => '',
  'prefix' => 'think',
  'type' => '',
  'auto_start' => true,
)
[ info ] [ RUN ] app\admins\controller\Menu->save[ D:\WWW\video\application\admins\controller\Menu.php ]
[ info ] [ LOG ] INIT File
---------------------------------------------------------------
[ 2018-07-26T17:15:56+08:00 ] 127.0.0.1 POST /admins.php/admins/menu/save
[ info ] www.php.demo/admins.php/admins/menu/save [运行时间：0.130007s][吞吐率：7.69req/s] [内存消耗：1,612.34kb] [文件加载：44]
[ info ] [ LANG ] D:\WWW\video\thinkphp\lang\zh-cn.php
[ info ] [ ROUTE ] array (
  'type' => 'module',
  'module' => 
  array (
    0 => 'admins',
    1 => 'menu',
    2 => 'save',
  ),
)
[ info ] [ HEADER ] array (
  'host' => 'www.php.demo',
  'connection' => 'keep-alive',
  'content-length' => '483',
  'accept' => 'application/json, text/javascript, */*; q=0.01',
  'origin' => 'http://www.php.demo',
  'x-requested-with' => 'XMLHttpRequest',
  'user-agent' => 'Mozilla/5.0 (Windows NT 6.1) AppleWebKit/537.36 (KHTML, like Gecko) Chrome/67.0.3396.99 Safari/537.36',
  'content-type' => 'application/x-www-form-urlencoded; charset=UTF-8',
  'referer' => 'http://www.php.demo/admins.php/admins/Menu/index',
  'accept-encoding' => 'gzip, deflate',
  'accept-language' => 'zh-CN,zh;q=0.9',
  'cookie' => 'PHPSESSID=7gjebmqg3ek5fgsdmukivogo74',
)
[ info ] [ PARAM ] array (
  'ords' => 
  array (
    1 => '0',
    2 => '0',
    3 => '0',
    0 => '',
  ),
  'titles' => 
  array (
    '管理员管理' => '管理员管理',
    '权限管理' => '权限管理',
    '系统设置' => '系统设置',
    0 => '',
  ),
  'controllers' => 
  array (
    0 => '',
    1 => '',
    2 => '',
  ),
  'methods' => 
  array (
    0 => '',
    1 => '',
    2 => '',
  ),
)
[ info ] [ SESSION ] INIT array (
  'id' => '',
  'var_session_id' => '',
  'prefix' => 'think',
  'type' => '',
  'auto_start' => true,
)
[ info ] [ RUN ] app\admins\controller\Menu->save[ D:\WWW\video\application\admins\controller\Menu.php ]
[ info ] [ LOG ] INIT File
---------------------------------------------------------------
[ 2018-07-26T17:25:26+08:00 ] 127.0.0.1 GET /admins.php/admins/Menu/index
[ info ] www.php.demo/admins.php/admins/Menu/index [运行时间：0.128008s][吞吐率：7.81req/s] [内存消耗：2,407.45kb] [文件加载：52]
[ info ] [ LANG ] D:\WWW\video\thinkphp\lang\zh-cn.php
[ info ] [ ROUTE ] array (
  'type' => 'module',
  'module' => 
  array (
    0 => 'admins',
    1 => 'Menu',
    2 => 'index',
  ),
)
[ info ] [ HEADER ] array (
  'host' => 'www.php.demo',
  'connection' => 'keep-alive',
  'cache-control' => 'max-age=0',
  'upgrade-insecure-requests' => '1',
  'user-agent' => 'Mozilla/5.0 (Windows NT 6.1) AppleWebKit/537.36 (KHTML, like Gecko) Chrome/67.0.3396.99 Safari/537.36',
  'accept' => 'text/html,application/xhtml+xml,application/xml;q=0.9,image/webp,image/apng,*/*;q=0.8',
  'referer' => 'http://www.php.demo/admins.php/admins/Home/index',
  'accept-encoding' => 'gzip, deflate',
  'accept-language' => 'zh-CN,zh;q=0.9',
  'cookie' => 'PHPSESSID=7gjebmqg3ek5fgsdmukivogo74',
)
[ info ] [ PARAM ] array (
)
[ info ] [ SESSION ] INIT array (
  'id' => '',
  'var_session_id' => '',
  'prefix' => 'think',
  'type' => '',
  'auto_start' => true,
)
[ info ] [ RUN ] app\admins\controller\Menu->index[ D:\WWW\video\application\admins\controller\Menu.php ]
[ info ] [ DB ] INIT mysql
[ info ] [ VIEW ] D:\WWW\video\public/../application/admins\view\menu\index.html [ array (
  0 => 'pid',
  1 => 'backid',
  2 => 'data',
) ]
[ info ] [ LOG ] INIT File
[ sql ] [ DB ] CONNECT:[ UseTime:0.002000s ] mysql:host=127.0.0.1;dbname=video;charset=utf8
[ sql ] [ SQL ] SHOW COLUMNS FROM `admin_menus` [ RunTime:0.029002s ]
[ sql ] [ SQL ] SELECT * FROM `admin_menus` WHERE  `pid` = 0 [ RunTime:0.001000s ]
---------------------------------------------------------------
[ 2018-07-26T17:25:27+08:00 ] 127.0.0.1 POST /admins.php/admins/menu/save
[ info ] www.php.demo/admins.php/admins/menu/save [运行时间：0.110006s][吞吐率：9.09req/s] [内存消耗：1,657.40kb] [文件加载：48]
[ info ] [ LANG ] D:\WWW\video\thinkphp\lang\zh-cn.php
[ info ] [ ROUTE ] array (
  'type' => 'module',
  'module' => 
  array (
    0 => 'admins',
    1 => 'menu',
    2 => 'save',
  ),
)
[ info ] [ HEADER ] array (
  'host' => 'www.php.demo',
  'connection' => 'keep-alive',
  'content-length' => '483',
  'accept' => 'application/json, text/javascript, */*; q=0.01',
  'origin' => 'http://www.php.demo',
  'x-requested-with' => 'XMLHttpRequest',
  'user-agent' => 'Mozilla/5.0 (Windows NT 6.1) AppleWebKit/537.36 (KHTML, like Gecko) Chrome/67.0.3396.99 Safari/537.36',
  'content-type' => 'application/x-www-form-urlencoded; charset=UTF-8',
  'referer' => 'http://www.php.demo/admins.php/admins/Menu/index',
  'accept-encoding' => 'gzip, deflate',
  'accept-language' => 'zh-CN,zh;q=0.9',
  'cookie' => 'PHPSESSID=7gjebmqg3ek5fgsdmukivogo74',
)
[ info ] [ PARAM ] array (
  'ords' => 
  array (
    1 => '0',
    2 => '0',
    3 => '0',
    0 => '',
  ),
  'titles' => 
  array (
    '管理员管理' => '管理员管理',
    '权限管理' => '权限管理',
    '系统设置' => '系统设置',
    0 => '',
  ),
  'controllers' => 
  array (
    0 => '',
    1 => '',
    2 => '',
  ),
  'methods' => 
  array (
    0 => '',
    1 => '',
    2 => '',
  ),
)
[ info ] [ SESSION ] INIT array (
  'id' => '',
  'var_session_id' => '',
  'prefix' => 'think',
  'type' => '',
  'auto_start' => true,
)
[ info ] [ RUN ] app\admins\controller\Menu->save[ D:\WWW\video\application\admins\controller\Menu.php ]
[ info ] [ LOG ] INIT File
[ error ] [8]未定义数组下标: 1[D:\WWW\video\application\admins\controller\Menu.php:41]
---------------------------------------------------------------
[ 2018-07-26T17:25:27+08:00 ] 127.0.0.1 GET /admins.php
[ info ] www.php.demo/admins.php [运行时间：0.077004s][吞吐率：12.99req/s] [内存消耗：1,303.48kb] [文件加载：36]
[ info ] [ LANG ] D:\WWW\video\thinkphp\lang\zh-cn.php
[ info ] [ ROUTE ] array (
  'type' => 'module',
  'module' => 
  array (
    0 => '',
    1 => NULL,
    2 => NULL,
  ),
)
[ info ] [ HEADER ] array (
  'host' => 'www.php.demo',
  'accept-encoding' => 'compress,gzip',
  'connection' => 'Close',
)
[ info ] [ PARAM ] array (
)
[ info ] [ RUN ] app\index\controller\Index->index[ D:\WWW\video\application\index\controller\Index.php ]
[ info ] [ LOG ] INIT File
---------------------------------------------------------------
[ 2018-07-26T17:25:37+08:00 ] 127.0.0.1 POST /admins.php/admins/menu/save
[ info ] www.php.demo/admins.php/admins/menu/save [运行时间：0.175010s][吞吐率：5.71req/s] [内存消耗：1,657.78kb] [文件加载：48]
[ info ] [ LANG ] D:\WWW\video\thinkphp\lang\zh-cn.php
[ info ] [ ROUTE ] array (
  'type' => 'module',
  'module' => 
  array (
    0 => 'admins',
    1 => 'menu',
    2 => 'save',
  ),
)
[ info ] [ HEADER ] array (
  'host' => 'www.php.demo',
  'connection' => 'keep-alive',
  'content-length' => '519',
  'accept' => 'application/json, text/javascript, */*; q=0.01',
  'origin' => 'http://www.php.demo',
  'x-requested-with' => 'XMLHttpRequest',
  'user-agent' => 'Mozilla/5.0 (Windows NT 6.1) AppleWebKit/537.36 (KHTML, like Gecko) Chrome/67.0.3396.99 Safari/537.36',
  'content-type' => 'application/x-www-form-urlencoded; charset=UTF-8',
  'referer' => 'http://www.php.demo/admins.php/admins/Menu/index',
  'accept-encoding' => 'gzip, deflate',
  'accept-language' => 'zh-CN,zh;q=0.9',
  'cookie' => 'PHPSESSID=7gjebmqg3ek5fgsdmukivogo74',
)
[ info ] [ PARAM ] array (
  'ords' => 
  array (
    1 => '0',
    2 => '0',
    3 => '0',
    0 => '',
  ),
  'titles' => 
  array (
    '管理员管理' => '管理员管理',
    '权限管理' => '权限管理',
    '系统设置' => '系统设置',
    0 => '文章管理',
  ),
  'controllers' => 
  array (
    0 => '',
    1 => '',
    2 => '',
  ),
  'methods' => 
  array (
    0 => '',
    1 => '',
    2 => '',
  ),
)
[ info ] [ SESSION ] INIT array (
  'id' => '',
  'var_session_id' => '',
  'prefix' => 'think',
  'type' => '',
  'auto_start' => true,
)
[ info ] [ RUN ] app\admins\controller\Menu->save[ D:\WWW\video\application\admins\controller\Menu.php ]
[ info ] [ LOG ] INIT File
[ error ] [8]未定义数组下标: 1[D:\WWW\video\application\admins\controller\Menu.php:41]
---------------------------------------------------------------
[ 2018-07-26T17:25:43+08:00 ] 127.0.0.1 GET /admins.php/admins/menu/save
[ info ] www.php.demo/admins.php/admins/menu/save [运行时间：0.344020s][吞吐率：2.91req/s] [内存消耗：1,655.42kb] [文件加载：48]
[ info ] [ LANG ] D:\WWW\video\thinkphp\lang\zh-cn.php
[ info ] [ ROUTE ] array (
  'type' => 'module',
  'module' => 
  array (
    0 => 'admins',
    1 => 'menu',
    2 => 'save',
  ),
)
[ info ] [ HEADER ] array (
  'host' => 'www.php.demo',
  'connection' => 'keep-alive',
  'upgrade-insecure-requests' => '1',
  'user-agent' => 'Mozilla/5.0 (Windows NT 6.1) AppleWebKit/537.36 (KHTML, like Gecko) Chrome/67.0.3396.99 Safari/537.36',
  'accept' => 'text/html,application/xhtml+xml,application/xml;q=0.9,image/webp,image/apng,*/*;q=0.8',
  'accept-encoding' => 'gzip, deflate',
  'accept-language' => 'zh-CN,zh;q=0.9',
  'cookie' => 'PHPSESSID=7gjebmqg3ek5fgsdmukivogo74',
)
[ info ] [ PARAM ] array (
)
[ info ] [ SESSION ] INIT array (
  'id' => '',
  'var_session_id' => '',
  'prefix' => 'think',
  'type' => '',
  'auto_start' => true,
)
[ info ] [ RUN ] app\admins\controller\Menu->save[ D:\WWW\video\application\admins\controller\Menu.php ]
[ info ] [ LOG ] INIT File
[ error ] [2]Invalid argument supplied for foreach()[D:\WWW\video\application\admins\controller\Menu.php:38]
---------------------------------------------------------------
[ 2018-07-26T17:26:18+08:00 ] 127.0.0.1 GET /admins.php/admins/menu/save
[ info ] www.php.demo/admins.php/admins/menu/save [运行时间：0.415023s][吞吐率：2.41req/s] [内存消耗：1,655.41kb] [文件加载：48]
[ info ] [ LANG ] D:\WWW\video\thinkphp\lang\zh-cn.php
[ info ] [ ROUTE ] array (
  'type' => 'module',
  'module' => 
  array (
    0 => 'admins',
    1 => 'menu',
    2 => 'save',
  ),
)
[ info ] [ HEADER ] array (
  'host' => 'www.php.demo',
  'connection' => 'keep-alive',
  'upgrade-insecure-requests' => '1',
  'user-agent' => 'Mozilla/5.0 (Windows NT 6.1) AppleWebKit/537.36 (KHTML, like Gecko) Chrome/67.0.3396.99 Safari/537.36',
  'accept' => 'text/html,application/xhtml+xml,application/xml;q=0.9,image/webp,image/apng,*/*;q=0.8',
  'accept-encoding' => 'gzip, deflate',
  'accept-language' => 'zh-CN,zh;q=0.9',
  'cookie' => 'PHPSESSID=7gjebmqg3ek5fgsdmukivogo74',
)
[ info ] [ PARAM ] array (
)
[ info ] [ SESSION ] INIT array (
  'id' => '',
  'var_session_id' => '',
  'prefix' => 'think',
  'type' => '',
  'auto_start' => true,
)
[ info ] [ RUN ] app\admins\controller\Menu->save[ D:\WWW\video\application\admins\controller\Menu.php ]
[ info ] [ LOG ] INIT File
[ error ] [2]Invalid argument supplied for foreach()[D:\WWW\video\application\admins\controller\Menu.php:38]
